# JRE version: OpenJDK Runtime Environment (8.0_242-b01) (build 1.8.0_242-release-1644-b01)
# Java VM: OpenJDK 64-Bit Server VM (25.242-b01 mixed mode windows-amd64 compressed oops)
Heap:
 PSYoungGen      total 158720K, used 151248K [0x00000000d5580000, 0x00000000e0b00000, 0x0000000100000000)
  eden space 136192K, 94% used [0x00000000d5580000,0x00000000dd390140,0x00000000dda80000)
  from space 22528K, 98% used [0x00000000dda80000,0x00000000df024090,0x00000000df080000)
  to   space 22528K, 0% used [0x00000000df080000,0x00000000df080000,0x00000000e0680000)
 ParOldGen       total 140288K, used 51364K [0x0000000080000000, 0x0000000088900000, 0x00000000d5580000)
  object space 140288K, 36% used [0x0000000080000000,0x0000000083229190,0x0000000088900000)
 Metaspace       used 83515K, capacity 88498K, committed 88792K, reserved 1126400K
  class space    used 11525K, capacity 12479K, committed 12544K, reserved 1048576K
GC Heap History (10 events):
Event: 54.177 GC heap before
{Heap before GC invocations=18 (full 3):
 PSYoungGen      total 120320K, used 107008K [0x00000000d5580000, 0x00000000dde00000, 0x0000000100000000)
  eden space 107008K, 100% used [0x00000000d5580000,0x00000000dbe00000,0x00000000dbe00000)
  from space 13312K, 0% used [0x00000000dcd00000,0x00000000dcd00000,0x00000000dda00000)
  to   space 15360K, 0% used [0x00000000dbe00000,0x00000000dbe00000,0x00000000dcd00000)
 ParOldGen       total 140288K, used 33236K [0x0000000080000000, 0x0000000088900000, 0x00000000d5580000)
  object space 140288K, 23% used [0x0000000080000000,0x0000000082075268,0x0000000088900000)
 Metaspace       used 64200K, capacity 66708K, committed 66904K, reserved 1107968K
  class space    used 8809K, capacity 9302K, committed 9344K, reserved 1048576K
Event: 54.252 GC heap after
Heap after GC invocations=18 (full 3):
 PSYoungGen      total 122368K, used 11597K [0x00000000d5580000, 0x00000000def00000, 0x0000000100000000)
  eden space 107008K, 0% used [0x00000000d5580000,0x00000000d5580000,0x00000000dbe00000)
  from space 15360K, 75% used [0x00000000dbe00000,0x00000000dc9535b8,0x00000000dcd00000)
  to   space 15872K, 0% used [0x00000000ddf80000,0x00000000ddf80000,0x00000000def00000)
 ParOldGen       total 140288K, used 33244K [0x0000000080000000, 0x0000000088900000, 0x00000000d5580000)
  object space 140288K, 23% used [0x0000000080000000,0x0000000082077268,0x0000000088900000)
 Metaspace       used 64200K, capacity 66708K, committed 66904K, reserved 1107968K
  class space    used 8809K, capacity 9302K, committed 9344K, reserved 1048576K
}
Event: 65.697 GC heap before
{Heap before GC invocations=19 (full 3):
 PSYoungGen      total 122368K, used 118605K [0x00000000d5580000, 0x00000000def00000, 0x0000000100000000)
  eden space 107008K, 100% used [0x00000000d5580000,0x00000000dbe00000,0x00000000dbe00000)
  from space 15360K, 75% used [0x00000000dbe00000,0x00000000dc9535b8,0x00000000dcd00000)
  to   space 15872K, 0% used [0x00000000ddf80000,0x00000000ddf80000,0x00000000def00000)
 ParOldGen       total 140288K, used 33244K [0x0000000080000000, 0x0000000088900000, 0x00000000d5580000)
  object space 140288K, 23% used [0x0000000080000000,0x0000000082077268,0x0000000088900000)
 Metaspace       used 67218K, capacity 70464K, committed 70744K, reserved 1110016K
  class space    used 9200K, capacity 9816K, committed 9856K, reserved 1048576K
Event: 65.804 GC heap after
Heap after GC invocations=19 (full 3):
 PSYoungGen      total 139776K, used 14718K [0x00000000d5580000, 0x00000000df180000, 0x0000000100000000)
  eden space 123904K, 0% used [0x00000000d5580000,0x00000000d5580000,0x00000000dce80000)
  from space 15872K, 92% used [0x00000000ddf80000,0x00000000deddfa80,0x00000000def00000)
  to   space 17408K, 0% used [0x00000000dce80000,0x00000000dce80000,0x00000000ddf80000)
 ParOldGen       total 140288K, used 33252K [0x0000000080000000, 0x0000000088900000, 0x00000000d5580000)
  object space 140288K, 23% used [0x0000000080000000,0x0000000082079268,0x0000000088900000)
 Metaspace       used 67218K, capacity 70464K, committed 70744K, reserved 1110016K
  class space    used 9200K, capacity 9816K, committed 9856K, reserved 1048576K
}
Event: 103.019 GC heap before
{Heap before GC invocations=20 (full 3):
 PSYoungGen      total 139776K, used 138622K [0x00000000d5580000, 0x00000000df180000, 0x0000000100000000)
  eden space 123904K, 100% used [0x00000000d5580000,0x00000000dce80000,0x00000000dce80000)
  from space 15872K, 92% used [0x00000000ddf80000,0x00000000deddfa80,0x00000000def00000)
  to   space 17408K, 0% used [0x00000000dce80000,0x00000000dce80000,0x00000000ddf80000)
 ParOldGen       total 140288K, used 33252K [0x0000000080000000, 0x0000000088900000, 0x00000000d5580000)
  object space 140288K, 23% used [0x0000000080000000,0x0000000082079268,0x0000000088900000)
 Metaspace       used 71303K, capacity 74626K, committed 74840K, reserved 1114112K
  class space    used 9702K, capacity 10331K, committed 10368K, reserved 1048576K
Event: 103.117 GC heap after
Heap after GC invocations=20 (full 3):
 PSYoungGen      total 141312K, used 17395K [0x00000000d5580000, 0x00000000e0680000, 0x0000000100000000)
  eden space 123904K, 0% used [0x00000000d5580000,0x00000000d5580000,0x00000000dce80000)
  from space 17408K, 99% used [0x00000000dce80000,0x00000000ddf7ccc0,0x00000000ddf80000)
  to   space 22528K, 0% used [0x00000000df080000,0x00000000df080000,0x00000000e0680000)
 ParOldGen       total 140288K, used 40541K [0x0000000080000000, 0x0000000088900000, 0x00000000d5580000)
  object space 140288K, 28% used [0x0000000080000000,0x00000000827976c8,0x0000000088900000)
 Metaspace       used 71303K, capacity 74626K, committed 74840K, reserved 1114112K
  class space    used 9702K, capacity 10331K, committed 10368K, reserved 1048576K
}
Event: 110.775 GC heap before
{Heap before GC invocations=21 (full 3):
 PSYoungGen      total 141312K, used 141299K [0x00000000d5580000, 0x00000000e0680000, 0x0000000100000000)
  eden space 123904K, 100% used [0x00000000d5580000,0x00000000dce80000,0x00000000dce80000)
  from space 17408K, 99% used [0x00000000dce80000,0x00000000ddf7ccc0,0x00000000ddf80000)
  to   space 22528K, 0% used [0x00000000df080000,0x00000000df080000,0x00000000e0680000)
 ParOldGen       total 140288K, used 40541K [0x0000000080000000, 0x0000000088900000, 0x00000000d5580000)
  object space 140288K, 28% used [0x0000000080000000,0x00000000827976c8,0x0000000088900000)
 Metaspace       used 74092K, capacity 77496K, committed 77784K, reserved 1116160K
  class space    used 10037K, capacity 10682K, committed 10752K, reserved 1048576K
Event: 110.994 GC heap after
Heap after GC invocations=21 (full 3):
 PSYoungGen      total 158720K, used 14141K [0x00000000d5580000, 0x00000000e0b00000, 0x0000000100000000)
  eden space 136192K, 0% used [0x00000000d5580000,0x00000000d5580000,0x00000000dda80000)
  from space 22528K, 62% used [0x00000000df080000,0x00000000dfe4f680,0x00000000e0680000)
  to   space 22528K, 0% used [0x00000000dda80000,0x00000000dda80000,0x00000000df080000)
 ParOldGen       total 140288K, used 51356K [0x0000000080000000, 0x0000000088900000, 0x00000000d5580000)
  object space 140288K, 36% used [0x0000000080000000,0x0000000083227190,0x0000000088900000)
 Metaspace       used 74092K, capacity 77496K, committed 77784K, reserved 1116160K
  class space    used 10037K, capacity 10682K, committed 10752K, reserved 1048576K
}
Event: 116.562 GC heap before
{Heap before GC invocations=22 (full 3):
 PSYoungGen      total 158720K, used 150333K [0x00000000d5580000, 0x00000000e0b00000, 0x0000000100000000)
  eden space 136192K, 100% used [0x00000000d5580000,0x00000000dda80000,0x00000000dda80000)
  from space 22528K, 62% used [0x00000000df080000,0x00000000dfe4f680,0x00000000e0680000)
  to   space 22528K, 0% used [0x00000000dda80000,0x00000000dda80000,0x00000000df080000)
 ParOldGen       total 140288K, used 51356K [0x0000000080000000, 0x0000000088900000, 0x00000000d5580000)
  object space 140288K, 36% used [0x0000000080000000,0x0000000083227190,0x0000000088900000)
 Metaspace       used 74992K, capacity 78630K, committed 78936K, reserved 1118208K
  class space    used 10178K, capacity 10845K, committed 10880K, reserved 1048576K
Event: 116.614 GC heap after
Heap after GC invocations=22 (full 3):
 PSYoungGen      total 158720K, used 22160K [0x00000000d5580000, 0x00000000e0b00000, 0x0000000100000000)
  eden space 136192K, 0% used [0x00000000d5580000,0x00000000d5580000,0x00000000dda80000)
  from space 22528K, 98% used [0x00000000dda80000,0x00000000df024090,0x00000000df080000)
  to   space 22528K, 0% used [0x00000000df080000,0x00000000df080000,0x00000000e0680000)
 ParOldGen       total 140288K, used 51364K [0x0000000080000000, 0x0000000088900000, 0x00000000d5580000)
  object space 140288K, 36% used [0x0000000080000000,0x0000000083229190,0x0000000088900000)
 Metaspace       used 74992K, capacity 78630K, committed 78936K, reserved 1118208K
  class space    used 10178K, capacity 10845K, committed 10880K, reserved 1048576K
}

