# JRE version: OpenJDK Runtime Environment (8.0_242-b01) (build 1.8.0_242-release-1644-b01)
# Java VM: OpenJDK 64-Bit Server VM (25.242-b01 mixed mode windows-amd64 compressed oops)
Heap:
 PSYoungGen      total 66048K, used 59207K [0x00000000d5580000, 0x00000000da200000, 0x0000000100000000)
  eden space 55808K, 94% used [0x00000000d5580000,0x00000000d88e0090,0x00000000d8c00000)
  from space 10240K, 64% used [0x00000000d9600000,0x00000000d9c71ec0,0x00000000da000000)
  to   space 10240K, 0% used [0x00000000d8c00000,0x00000000d8c00000,0x00000000d9600000)
 ParOldGen       total 55296K, used 8077K [0x0000000080000000, 0x0000000083600000, 0x00000000d5580000)
  object space 55296K, 14% used [0x0000000080000000,0x00000000807e35d8,0x0000000083600000)
 Metaspace       used 33101K, capacity 34094K, committed 34304K, reserved 1079296K
  class space    used 4494K, capacity 4758K, committed 4864K, reserved 1048576K
GC Heap History (10 events):
Event: 14.584 GC heap before
{Heap before GC invocations=5 (full 0):
 PSYoungGen      total 38400K, used 38368K [0x00000000d5580000, 0x00000000d8000000, 0x0000000100000000)
  eden space 33280K, 100% used [0x00000000d5580000,0x00000000d7600000,0x00000000d7600000)
  from space 5120K, 99% used [0x00000000d7b00000,0x00000000d7ff8040,0x00000000d8000000)
  to   space 5120K, 0% used [0x00000000d7600000,0x00000000d7600000,0x00000000d7b00000)
 ParOldGen       total 87552K, used 4950K [0x0000000080000000, 0x0000000085580000, 0x00000000d5580000)
  object space 87552K, 5% used [0x0000000080000000,0x00000000804d58a8,0x0000000085580000)
 Metaspace       used 18960K, capacity 19622K, committed 19840K, reserved 1067008K
  class space    used 2681K, capacity 2885K, committed 2944K, reserved 1048576K
Event: 14.597 GC heap after
Heap after GC invocations=5 (full 0):
 PSYoungGen      total 37888K, used 5088K [0x00000000d5580000, 0x00000000d8980000, 0x0000000100000000)
  eden space 32768K, 0% used [0x00000000d5580000,0x00000000d5580000,0x00000000d7580000)
  from space 5120K, 99% used [0x00000000d7600000,0x00000000d7af8298,0x00000000d7b00000)
  to   space 10240K, 0% used [0x00000000d7f80000,0x00000000d7f80000,0x00000000d8980000)
 ParOldGen       total 87552K, used 8332K [0x0000000080000000, 0x0000000085580000, 0x00000000d5580000)
  object space 87552K, 9% used [0x0000000080000000,0x0000000080823370,0x0000000085580000)
 Metaspace       used 18960K, capacity 19622K, committed 19840K, reserved 1067008K
  class space    used 2681K, capacity 2885K, committed 2944K, reserved 1048576K
}
Event: 15.046 GC heap before
{Heap before GC invocations=6 (full 0):
 PSYoungGen      total 37888K, used 25071K [0x00000000d5580000, 0x00000000d8980000, 0x0000000100000000)
  eden space 32768K, 60% used [0x00000000d5580000,0x00000000d6903bc8,0x00000000d7580000)
  from space 5120K, 99% used [0x00000000d7600000,0x00000000d7af8298,0x00000000d7b00000)
  to   space 10240K, 0% used [0x00000000d7f80000,0x00000000d7f80000,0x00000000d8980000)
 ParOldGen       total 87552K, used 8332K [0x0000000080000000, 0x0000000085580000, 0x00000000d5580000)
  object space 87552K, 9% used [0x0000000080000000,0x0000000080823370,0x0000000085580000)
 Metaspace       used 20544K, capacity 21182K, committed 21296K, reserved 1067008K
  class space    used 2933K, capacity 3123K, committed 3200K, reserved 1048576K
Event: 15.059 GC heap after
Heap after GC invocations=6 (full 0):
 PSYoungGen      total 43008K, used 7049K [0x00000000d5580000, 0x00000000d8980000, 0x0000000100000000)
  eden space 32768K, 0% used [0x00000000d5580000,0x00000000d5580000,0x00000000d7580000)
  from space 10240K, 68% used [0x00000000d7f80000,0x00000000d86627e0,0x00000000d8980000)
  to   space 5120K, 0% used [0x00000000d7600000,0x00000000d7600000,0x00000000d7b00000)
 ParOldGen       total 87552K, used 8340K [0x0000000080000000, 0x0000000085580000, 0x00000000d5580000)
  object space 87552K, 9% used [0x0000000080000000,0x0000000080825370,0x0000000085580000)
 Metaspace       used 20544K, capacity 21182K, committed 21296K, reserved 1067008K
  class space    used 2933K, capacity 3123K, committed 3200K, reserved 1048576K
}
Event: 15.059 GC heap before
{Heap before GC invocations=7 (full 1):
 PSYoungGen      total 43008K, used 7049K [0x00000000d5580000, 0x00000000d8980000, 0x0000000100000000)
  eden space 32768K, 0% used [0x00000000d5580000,0x00000000d5580000,0x00000000d7580000)
  from space 10240K, 68% used [0x00000000d7f80000,0x00000000d86627e0,0x00000000d8980000)
  to   space 5120K, 0% used [0x00000000d7600000,0x00000000d7600000,0x00000000d7b00000)
 ParOldGen       total 87552K, used 8340K [0x0000000080000000, 0x0000000085580000, 0x00000000d5580000)
  object space 87552K, 9% used [0x0000000080000000,0x0000000080825370,0x0000000085580000)
 Metaspace       used 20544K, capacity 21182K, committed 21296K, reserved 1067008K
  class space    used 2933K, capacity 3123K, committed 3200K, reserved 1048576K
Event: 15.128 GC heap after
Heap after GC invocations=7 (full 1):
 PSYoungGen      total 43008K, used 0K [0x00000000d5580000, 0x00000000d8980000, 0x0000000100000000)
  eden space 32768K, 0% used [0x00000000d5580000,0x00000000d5580000,0x00000000d7580000)
  from space 10240K, 0% used [0x00000000d7f80000,0x00000000d7f80000,0x00000000d8980000)
  to   space 5120K, 0% used [0x00000000d7600000,0x00000000d7600000,0x00000000d7b00000)
 ParOldGen       total 55296K, used 8061K [0x0000000080000000, 0x0000000083600000, 0x00000000d5580000)
  object space 55296K, 14% used [0x0000000080000000,0x00000000807df5d8,0x0000000083600000)
 Metaspace       used 20544K, capacity 21182K, committed 21296K, reserved 1067008K
  class space    used 2933K, capacity 3123K, committed 3200K, reserved 1048576K
}
Event: 16.181 GC heap before
{Heap before GC invocations=8 (full 1):
 PSYoungGen      total 43008K, used 32768K [0x00000000d5580000, 0x00000000d8980000, 0x0000000100000000)
  eden space 32768K, 100% used [0x00000000d5580000,0x00000000d7580000,0x00000000d7580000)
  from space 10240K, 0% used [0x00000000d7f80000,0x00000000d7f80000,0x00000000d8980000)
  to   space 5120K, 0% used [0x00000000d7600000,0x00000000d7600000,0x00000000d7b00000)
 ParOldGen       total 55296K, used 8061K [0x0000000080000000, 0x0000000083600000, 0x00000000d5580000)
  object space 55296K, 14% used [0x0000000080000000,0x00000000807df5d8,0x0000000083600000)
 Metaspace       used 22710K, capacity 23514K, committed 23808K, reserved 1069056K
  class space    used 3291K, capacity 3519K, committed 3584K, reserved 1048576K
Event: 16.188 GC heap after
Heap after GC invocations=8 (full 1):
 PSYoungGen      total 38400K, used 2876K [0x00000000d5580000, 0x00000000da000000, 0x0000000100000000)
  eden space 33280K, 0% used [0x00000000d5580000,0x00000000d5580000,0x00000000d7600000)
  from space 5120K, 56% used [0x00000000d7600000,0x00000000d78cf148,0x00000000d7b00000)
  to   space 10240K, 0% used [0x00000000d9600000,0x00000000d9600000,0x00000000da000000)
 ParOldGen       total 55296K, used 8069K [0x0000000080000000, 0x0000000083600000, 0x00000000d5580000)
  object space 55296K, 14% used [0x0000000080000000,0x00000000807e15d8,0x0000000083600000)
 Metaspace       used 22710K, capacity 23514K, committed 23808K, reserved 1069056K
  class space    used 3291K, capacity 3519K, committed 3584K, reserved 1048576K
}
Event: 17.910 GC heap before
{Heap before GC invocations=9 (full 1):
 PSYoungGen      total 38400K, used 36156K [0x00000000d5580000, 0x00000000da000000, 0x0000000100000000)
  eden space 33280K, 100% used [0x00000000d5580000,0x00000000d7600000,0x00000000d7600000)
  from space 5120K, 56% used [0x00000000d7600000,0x00000000d78cf148,0x00000000d7b00000)
  to   space 10240K, 0% used [0x00000000d9600000,0x00000000d9600000,0x00000000da000000)
 ParOldGen       total 55296K, used 8069K [0x0000000080000000, 0x0000000083600000, 0x00000000d5580000)
  object space 55296K, 14% used [0x0000000080000000,0x00000000807e15d8,0x0000000083600000)
 Metaspace       used 28724K, capacity 29684K, committed 29952K, reserved 1075200K
  class space    used 4046K, capacity 4303K, committed 4352K, reserved 1048576K
Event: 17.938 GC heap after
Heap after GC invocations=9 (full 1):
 PSYoungGen      total 66048K, used 6599K [0x00000000d5580000, 0x00000000da200000, 0x0000000100000000)
  eden space 55808K, 0% used [0x00000000d5580000,0x00000000d5580000,0x00000000d8c00000)
  from space 10240K, 64% used [0x00000000d9600000,0x00000000d9c71ec0,0x00000000da000000)
  to   space 10240K, 0% used [0x00000000d8c00000,0x00000000d8c00000,0x00000000d9600000)
 ParOldGen       total 55296K, used 8077K [0x0000000080000000, 0x0000000083600000, 0x00000000d5580000)
  object space 55296K, 14% used [0x0000000080000000,0x00000000807e35d8,0x0000000083600000)
 Metaspace       used 28724K, capacity 29684K, committed 29952K, reserved 1075200K
  class space    used 4046K, capacity 4303K, committed 4352K, reserved 1048576K
}

