# JRE version: OpenJDK Runtime Environment (8.0_242-b01) (build 1.8.0_242-release-1644-b01)
# Java VM: OpenJDK 64-Bit Server VM (25.242-b01 mixed mode windows-amd64 compressed oops)
Heap:
 PSYoungGen      total 169984K, used 96197K [0x00000000d5580000, 0x00000000e1800000, 0x0000000100000000)
  eden space 161792K, 54% used [0x00000000d5580000,0x00000000dabbeac0,0x00000000df380000)
  from space 8192K, 96% used [0x00000000e1000000,0x00000000e17b2c38,0x00000000e1800000)
  to   space 11264K, 0% used [0x00000000e0200000,0x00000000e0200000,0x00000000e0d00000)
 ParOldGen       total 73216K, used 14686K [0x0000000080000000, 0x0000000084780000, 0x00000000d5580000)
  object space 73216K, 20% used [0x0000000080000000,0x0000000080e57a20,0x0000000084780000)
 Metaspace       used 46049K, capacity 47900K, committed 48128K, reserved 1091584K
  class space    used 6221K, capacity 6592K, committed 6656K, reserved 1048576K
GC Heap History (10 events):
Event: 12.527 GC heap before
{Heap before GC invocations=8 (full 1):
 PSYoungGen      total 76800K, used 66560K [0x00000000d5580000, 0x00000000daa80000, 0x0000000100000000)
  eden space 66560K, 100% used [0x00000000d5580000,0x00000000d9680000,0x00000000d9680000)
  from space 10240K, 0% used [0x00000000da080000,0x00000000da080000,0x00000000daa80000)
  to   space 10240K, 0% used [0x00000000d9680000,0x00000000d9680000,0x00000000da080000)
 ParOldGen       total 52224K, used 7857K [0x0000000080000000, 0x0000000083300000, 0x00000000d5580000)
  object space 52224K, 15% used [0x0000000080000000,0x00000000807ac4e8,0x0000000083300000)
 Metaspace       used 28693K, capacity 29588K, committed 29696K, reserved 1075200K
  class space    used 4035K, capacity 4271K, committed 4352K, reserved 1048576K
Event: 12.543 GC heap after
Heap after GC invocations=8 (full 1):
 PSYoungGen      total 76800K, used 8498K [0x00000000d5580000, 0x00000000dde80000, 0x0000000100000000)
  eden space 66560K, 0% used [0x00000000d5580000,0x00000000d5580000,0x00000000d9680000)
  from space 10240K, 82% used [0x00000000d9680000,0x00000000d9eccb48,0x00000000da080000)
  to   space 10752K, 0% used [0x00000000dd400000,0x00000000dd400000,0x00000000dde80000)
 ParOldGen       total 52224K, used 7865K [0x0000000080000000, 0x0000000083300000, 0x00000000d5580000)
  object space 52224K, 15% used [0x0000000080000000,0x00000000807ae4e8,0x0000000083300000)
 Metaspace       used 28693K, capacity 29588K, committed 29696K, reserved 1075200K
  class space    used 4035K, capacity 4271K, committed 4352K, reserved 1048576K
}
Event: 13.472 GC heap before
{Heap before GC invocations=9 (full 1):
 PSYoungGen      total 76800K, used 75058K [0x00000000d5580000, 0x00000000dde80000, 0x0000000100000000)
  eden space 66560K, 100% used [0x00000000d5580000,0x00000000d9680000,0x00000000d9680000)
  from space 10240K, 82% used [0x00000000d9680000,0x00000000d9eccb48,0x00000000da080000)
  to   space 10752K, 0% used [0x00000000dd400000,0x00000000dd400000,0x00000000dde80000)
 ParOldGen       total 52224K, used 7865K [0x0000000080000000, 0x0000000083300000, 0x00000000d5580000)
  object space 52224K, 15% used [0x0000000080000000,0x00000000807ae4e8,0x0000000083300000)
 Metaspace       used 33258K, capacity 34318K, committed 34560K, reserved 1079296K
  class space    used 4524K, capacity 4791K, committed 4864K, reserved 1048576K
Event: 13.498 GC heap after
Heap after GC invocations=9 (full 1):
 PSYoungGen      total 129024K, used 9605K [0x00000000d5580000, 0x00000000de000000, 0x0000000100000000)
  eden space 118272K, 0% used [0x00000000d5580000,0x00000000d5580000,0x00000000dc900000)
  from space 10752K, 89% used [0x00000000dd400000,0x00000000ddd61500,0x00000000dde80000)
  to   space 11264K, 0% used [0x00000000dc900000,0x00000000dc900000,0x00000000dd400000)
 ParOldGen       total 52224K, used 7873K [0x0000000080000000, 0x0000000083300000, 0x00000000d5580000)
  object space 52224K, 15% used [0x0000000080000000,0x00000000807b04e8,0x0000000083300000)
 Metaspace       used 33258K, capacity 34318K, committed 34560K, reserved 1079296K
  class space    used 4524K, capacity 4791K, committed 4864K, reserved 1048576K
}
Event: 13.794 GC heap before
{Heap before GC invocations=10 (full 1):
 PSYoungGen      total 129024K, used 31608K [0x00000000d5580000, 0x00000000de000000, 0x0000000100000000)
  eden space 118272K, 18% used [0x00000000d5580000,0x00000000d6afcb18,0x00000000dc900000)
  from space 10752K, 89% used [0x00000000dd400000,0x00000000ddd61500,0x00000000dde80000)
  to   space 11264K, 0% used [0x00000000dc900000,0x00000000dc900000,0x00000000dd400000)
 ParOldGen       total 52224K, used 7873K [0x0000000080000000, 0x0000000083300000, 0x00000000d5580000)
  object space 52224K, 15% used [0x0000000080000000,0x00000000807b04e8,0x0000000083300000)
 Metaspace       used 34262K, capacity 35370K, committed 35456K, reserved 1079296K
  class space    used 4677K, capacity 4966K, committed 4992K, reserved 1048576K
Event: 13.820 GC heap after
Heap after GC invocations=10 (full 1):
 PSYoungGen      total 129536K, used 8241K [0x00000000d5580000, 0x00000000e1b00000, 0x0000000100000000)
  eden space 118272K, 0% used [0x00000000d5580000,0x00000000d5580000,0x00000000dc900000)
  from space 11264K, 73% used [0x00000000dc900000,0x00000000dd10c558,0x00000000dd400000)
  to   space 11264K, 0% used [0x00000000e1000000,0x00000000e1000000,0x00000000e1b00000)
 ParOldGen       total 52224K, used 7873K [0x0000000080000000, 0x0000000083300000, 0x00000000d5580000)
  object space 52224K, 15% used [0x0000000080000000,0x00000000807b04e8,0x0000000083300000)
 Metaspace       used 34262K, capacity 35370K, committed 35456K, reserved 1079296K
  class space    used 4677K, capacity 4966K, committed 4992K, reserved 1048576K
}
Event: 13.821 GC heap before
{Heap before GC invocations=11 (full 2):
 PSYoungGen      total 129536K, used 8241K [0x00000000d5580000, 0x00000000e1b00000, 0x0000000100000000)
  eden space 118272K, 0% used [0x00000000d5580000,0x00000000d5580000,0x00000000dc900000)
  from space 11264K, 73% used [0x00000000dc900000,0x00000000dd10c558,0x00000000dd400000)
  to   space 11264K, 0% used [0x00000000e1000000,0x00000000e1000000,0x00000000e1b00000)
 ParOldGen       total 52224K, used 7873K [0x0000000080000000, 0x0000000083300000, 0x00000000d5580000)
  object space 52224K, 15% used [0x0000000080000000,0x00000000807b04e8,0x0000000083300000)
 Metaspace       used 34262K, capacity 35370K, committed 35456K, reserved 1079296K
  class space    used 4677K, capacity 4966K, committed 4992K, reserved 1048576K
Event: 13.925 GC heap after
Heap after GC invocations=11 (full 2):
 PSYoungGen      total 129536K, used 0K [0x00000000d5580000, 0x00000000e1b00000, 0x0000000100000000)
  eden space 118272K, 0% used [0x00000000d5580000,0x00000000d5580000,0x00000000dc900000)
  from space 11264K, 0% used [0x00000000dc900000,0x00000000dc900000,0x00000000dd400000)
  to   space 11264K, 0% used [0x00000000e1000000,0x00000000e1000000,0x00000000e1b00000)
 ParOldGen       total 73216K, used 14678K [0x0000000080000000, 0x0000000084780000, 0x00000000d5580000)
  object space 73216K, 20% used [0x0000000080000000,0x0000000080e55a20,0x0000000084780000)
 Metaspace       used 34262K, capacity 35370K, committed 35456K, reserved 1079296K
  class space    used 4677K, capacity 4966K, committed 4992K, reserved 1048576K
}
Event: 15.610 GC heap before
{Heap before GC invocations=12 (full 2):
 PSYoungGen      total 129536K, used 118272K [0x00000000d5580000, 0x00000000e1b00000, 0x0000000100000000)
  eden space 118272K, 100% used [0x00000000d5580000,0x00000000dc900000,0x00000000dc900000)
  from space 11264K, 0% used [0x00000000dc900000,0x00000000dc900000,0x00000000dd400000)
  to   space 11264K, 0% used [0x00000000e1000000,0x00000000e1000000,0x00000000e1b00000)
 ParOldGen       total 73216K, used 14678K [0x0000000080000000, 0x0000000084780000, 0x00000000d5580000)
  object space 73216K, 20% used [0x0000000080000000,0x0000000080e55a20,0x0000000084780000)
 Metaspace       used 37495K, capacity 39092K, committed 39296K, reserved 1083392K
  class space    used 5131K, capacity 5427K, committed 5504K, reserved 1048576K
Event: 15.632 GC heap after
Heap after GC invocations=12 (full 2):
 PSYoungGen      total 169984K, used 7883K [0x00000000d5580000, 0x00000000e1800000, 0x0000000100000000)
  eden space 161792K, 0% used [0x00000000d5580000,0x00000000d5580000,0x00000000df380000)
  from space 8192K, 96% used [0x00000000e1000000,0x00000000e17b2c38,0x00000000e1800000)
  to   space 11264K, 0% used [0x00000000e0200000,0x00000000e0200000,0x00000000e0d00000)
 ParOldGen       total 73216K, used 14686K [0x0000000080000000, 0x0000000084780000, 0x00000000d5580000)
  object space 73216K, 20% used [0x0000000080000000,0x0000000080e57a20,0x0000000084780000)
 Metaspace       used 37495K, capacity 39092K, committed 39296K, reserved 1083392K
  class space    used 5131K, capacity 5427K, committed 5504K, reserved 1048576K
}

