# JRE version: OpenJDK Runtime Environment (8.0_242-b01) (build 1.8.0_242-release-1644-b01)
# Java VM: OpenJDK 64-Bit Server VM (25.242-b01 mixed mode windows-amd64 compressed oops)
Heap:
 PSYoungGen      total 99328K, used 79983K [0x00000000d5e00000, 0x00000000dd780000, 0x0000000100000000)
  eden space 83456K, 76% used [0x00000000d5e00000,0x00000000d9ca38c8,0x00000000daf80000)
  from space 15872K, 99% used [0x00000000dc280000,0x00000000dd1f8680,0x00000000dd200000)
  to   space 19456K, 0% used [0x00000000daf80000,0x00000000daf80000,0x00000000dc280000)
 ParOldGen       total 69120K, used 29014K [0x0000000081a00000, 0x0000000085d80000, 0x00000000d5e00000)
  object space 69120K, 41% used [0x0000000081a00000,0x0000000083655948,0x0000000085d80000)
 Metaspace       used 52519K, capacity 53502K, committed 53672K, reserved 1095680K
  class space    used 6476K, capacity 6760K, committed 6832K, reserved 1048576K
GC Heap History (10 events):
Event: 10.930 GC heap before
{Heap before GC invocations=6 (full 1):
 PSYoungGen      total 51200K, used 51190K [0x00000000d5e00000, 0x00000000da900000, 0x0000000100000000)
  eden space 46080K, 100% used [0x00000000d5e00000,0x00000000d8b00000,0x00000000d8b00000)
  from space 5120K, 99% used [0x00000000da400000,0x00000000da8fd970,0x00000000da900000)
  to   space 5120K, 0% used [0x00000000d9f00000,0x00000000d9f00000,0x00000000da400000)
 ParOldGen       total 69120K, used 11439K [0x0000000081a00000, 0x0000000085d80000, 0x00000000d5e00000)
  object space 69120K, 16% used [0x0000000081a00000,0x000000008252bf18,0x0000000085d80000)
 Metaspace       used 31487K, capacity 32011K, committed 32304K, reserved 1077248K
  class space    used 3971K, capacity 4117K, committed 4144K, reserved 1048576K
Event: 11.001 GC heap after
Heap after GC invocations=6 (full 1):
 PSYoungGen      total 71168K, used 5091K [0x00000000d5e00000, 0x00000000dbd80000, 0x0000000100000000)
  eden space 66048K, 0% used [0x00000000d5e00000,0x00000000d5e00000,0x00000000d9e80000)
  from space 5120K, 99% used [0x00000000d9f00000,0x00000000da3f8c70,0x00000000da400000)
  to   space 15872K, 0% used [0x00000000dae00000,0x00000000dae00000,0x00000000dbd80000)
 ParOldGen       total 69120K, used 22590K [0x0000000081a00000, 0x0000000085d80000, 0x00000000d5e00000)
  object space 69120K, 32% used [0x0000000081a00000,0x000000008300fb68,0x0000000085d80000)
 Metaspace       used 31487K, capacity 32011K, committed 32304K, reserved 1077248K
  class space    used 3971K, capacity 4117K, committed 4144K, reserved 1048576K
}
Event: 12.540 GC heap before
{Heap before GC invocations=7 (full 1):
 PSYoungGen      total 71168K, used 19487K [0x00000000d5e00000, 0x00000000dbd80000, 0x0000000100000000)
  eden space 66048K, 21% used [0x00000000d5e00000,0x00000000d6c0f298,0x00000000d9e80000)
  from space 5120K, 99% used [0x00000000d9f00000,0x00000000da3f8c70,0x00000000da400000)
  to   space 15872K, 0% used [0x00000000dae00000,0x00000000dae00000,0x00000000dbd80000)
 ParOldGen       total 69120K, used 22590K [0x0000000081a00000, 0x0000000085d80000, 0x00000000d5e00000)
  object space 69120K, 32% used [0x0000000081a00000,0x000000008300fb68,0x0000000085d80000)
 Metaspace       used 34732K, capacity 35280K, committed 35496K, reserved 1081344K
  class space    used 4373K, capacity 4515K, committed 4528K, reserved 1048576K
Event: 12.585 GC heap after
Heap after GC invocations=7 (full 1):
 PSYoungGen      total 82432K, used 9425K [0x00000000d5e00000, 0x00000000dd980000, 0x0000000100000000)
  eden space 66560K, 0% used [0x00000000d5e00000,0x00000000d5e00000,0x00000000d9f00000)
  from space 15872K, 59% used [0x00000000dae00000,0x00000000db7346f0,0x00000000dbd80000)
  to   space 15360K, 0% used [0x00000000d9f00000,0x00000000d9f00000,0x00000000dae00000)
 ParOldGen       total 69120K, used 22598K [0x0000000081a00000, 0x0000000085d80000, 0x00000000d5e00000)
  object space 69120K, 32% used [0x0000000081a00000,0x0000000083011b68,0x0000000085d80000)
 Metaspace       used 34732K, capacity 35280K, committed 35496K, reserved 1081344K
  class space    used 4373K, capacity 4515K, committed 4528K, reserved 1048576K
}
Event: 12.586 GC heap before
{Heap before GC invocations=8 (full 2):
 PSYoungGen      total 82432K, used 9425K [0x00000000d5e00000, 0x00000000dd980000, 0x0000000100000000)
  eden space 66560K, 0% used [0x00000000d5e00000,0x00000000d5e00000,0x00000000d9f00000)
  from space 15872K, 59% used [0x00000000dae00000,0x00000000db7346f0,0x00000000dbd80000)
  to   space 15360K, 0% used [0x00000000d9f00000,0x00000000d9f00000,0x00000000dae00000)
 ParOldGen       total 69120K, used 22598K [0x0000000081a00000, 0x0000000085d80000, 0x00000000d5e00000)
  object space 69120K, 32% used [0x0000000081a00000,0x0000000083011b68,0x0000000085d80000)
 Metaspace       used 34732K, capacity 35280K, committed 35496K, reserved 1081344K
  class space    used 4373K, capacity 4515K, committed 4528K, reserved 1048576K
Event: 12.973 GC heap after
Heap after GC invocations=8 (full 2):
 PSYoungGen      total 82432K, used 0K [0x00000000d5e00000, 0x00000000dd980000, 0x0000000100000000)
  eden space 66560K, 0% used [0x00000000d5e00000,0x00000000d5e00000,0x00000000d9f00000)
  from space 15872K, 0% used [0x00000000dae00000,0x00000000dae00000,0x00000000dbd80000)
  to   space 15360K, 0% used [0x00000000d9f00000,0x00000000d9f00000,0x00000000dae00000)
 ParOldGen       total 69120K, used 24854K [0x0000000081a00000, 0x0000000085d80000, 0x00000000d5e00000)
  object space 69120K, 35% used [0x0000000081a00000,0x0000000083245ad8,0x0000000085d80000)
 Metaspace       used 34732K, capacity 35280K, committed 35496K, reserved 1081344K
  class space    used 4373K, capacity 4515K, committed 4528K, reserved 1048576K
}
Event: 16.452 GC heap before
{Heap before GC invocations=9 (full 2):
 PSYoungGen      total 82432K, used 66560K [0x00000000d5e00000, 0x00000000dd980000, 0x0000000100000000)
  eden space 66560K, 100% used [0x00000000d5e00000,0x00000000d9f00000,0x00000000d9f00000)
  from space 15872K, 0% used [0x00000000dae00000,0x00000000dae00000,0x00000000dbd80000)
  to   space 15360K, 0% used [0x00000000d9f00000,0x00000000d9f00000,0x00000000dae00000)
 ParOldGen       total 69120K, used 24854K [0x0000000081a00000, 0x0000000085d80000, 0x00000000d5e00000)
  object space 69120K, 35% used [0x0000000081a00000,0x0000000083245ad8,0x0000000085d80000)
 Metaspace       used 39998K, capacity 40662K, committed 41128K, reserved 1085440K
  class space    used 4992K, capacity 5198K, committed 5296K, reserved 1048576K
Event: 16.486 GC heap after
Heap after GC invocations=9 (full 2):
 PSYoungGen      total 81920K, used 13230K [0x00000000d5e00000, 0x00000000dd200000, 0x0000000100000000)
  eden space 66560K, 0% used [0x00000000d5e00000,0x00000000d5e00000,0x00000000d9f00000)
  from space 15360K, 86% used [0x00000000d9f00000,0x00000000dabeb8c8,0x00000000dae00000)
  to   space 15872K, 0% used [0x00000000dc280000,0x00000000dc280000,0x00000000dd200000)
 ParOldGen       total 69120K, used 24862K [0x0000000081a00000, 0x0000000085d80000, 0x00000000d5e00000)
  object space 69120K, 35% used [0x0000000081a00000,0x0000000083247ad8,0x0000000085d80000)
 Metaspace       used 39998K, capacity 40662K, committed 41128K, reserved 1085440K
  class space    used 4992K, capacity 5198K, committed 5296K, reserved 1048576K
}
Event: 21.387 GC heap before
{Heap before GC invocations=10 (full 2):
 PSYoungGen      total 81920K, used 79790K [0x00000000d5e00000, 0x00000000dd200000, 0x0000000100000000)
  eden space 66560K, 100% used [0x00000000d5e00000,0x00000000d9f00000,0x00000000d9f00000)
  from space 15360K, 86% used [0x00000000d9f00000,0x00000000dabeb8c8,0x00000000dae00000)
  to   space 15872K, 0% used [0x00000000dc280000,0x00000000dc280000,0x00000000dd200000)
 ParOldGen       total 69120K, used 24862K [0x0000000081a00000, 0x0000000085d80000, 0x00000000d5e00000)
  object space 69120K, 35% used [0x0000000081a00000,0x0000000083247ad8,0x0000000085d80000)
 Metaspace       used 45667K, capacity 46416K, committed 46632K, reserved 1089536K
  class space    used 5607K, capacity 5869K, committed 5936K, reserved 1048576K
Event: 21.451 GC heap after
Heap after GC invocations=10 (full 2):
 PSYoungGen      total 99328K, used 15841K [0x00000000d5e00000, 0x00000000dd780000, 0x0000000100000000)
  eden space 83456K, 0% used [0x00000000d5e00000,0x00000000d5e00000,0x00000000daf80000)
  from space 15872K, 99% used [0x00000000dc280000,0x00000000dd1f8680,0x00000000dd200000)
  to   space 19456K, 0% used [0x00000000daf80000,0x00000000daf80000,0x00000000dc280000)
 ParOldGen       total 69120K, used 29014K [0x0000000081a00000, 0x0000000085d80000, 0x00000000d5e00000)
  object space 69120K, 41% used [0x0000000081a00000,0x0000000083655948,0x0000000085d80000)
 Metaspace       used 45667K, capacity 46416K, committed 46632K, reserved 1089536K
  class space    used 5607K, capacity 5869K, committed 5936K, reserved 1048576K
}

