# JRE version: OpenJDK Runtime Environment (8.0_242-b01) (build 1.8.0_242-release-1644-b01)
# Java VM: OpenJDK 64-Bit Server VM (25.242-b01 mixed mode windows-amd64 compressed oops)
Heap:
 PSYoungGen      total 302592K, used 69878K [0x00000000d5580000, 0x00000000ea680000, 0x0000000100000000)
  eden space 267264K, 12% used [0x00000000d5580000,0x00000000d7744870,0x00000000e5a80000)
  from space 35328K, 99% used [0x00000000e5a80000,0x00000000e7cf92f8,0x00000000e7d00000)
  to   space 33280K, 0% used [0x00000000e7d00000,0x00000000e7d00000,0x00000000e9d80000)
 ParOldGen       total 222208K, used 89710K [0x0000000080000000, 0x000000008d900000, 0x00000000d5580000)
  object space 222208K, 40% used [0x0000000080000000,0x000000008579bb18,0x000000008d900000)
 Metaspace       used 104896K, capacity 110864K, committed 111104K, reserved 1144832K
  class space    used 13874K, capacity 14978K, committed 15104K, reserved 1048576K
GC Heap History (10 events):
Event: 302.350 GC heap after
Heap after GC invocations=20 (full 3):
 PSYoungGen      total 251392K, used 6193K [0x00000000d5580000, 0x00000000e7d80000, 0x0000000100000000)
  eden space 220672K, 0% used [0x00000000d5580000,0x00000000d5580000,0x00000000e2d00000)
  from space 30720K, 20% used [0x00000000e2d00000,0x00000000e330c448,0x00000000e4b00000)
  to   space 30720K, 0% used [0x00000000e5f80000,0x00000000e5f80000,0x00000000e7d80000)
 ParOldGen       total 144896K, used 81962K [0x0000000080000000, 0x0000000088d80000, 0x00000000d5580000)
  object space 144896K, 56% used [0x0000000080000000,0x000000008500ab90,0x0000000088d80000)
 Metaspace       used 93553K, capacity 98458K, committed 98560K, reserved 1134592K
  class space    used 12461K, capacity 13415K, committed 13440K, reserved 1048576K
}
Event: 302.350 GC heap before
{Heap before GC invocations=21 (full 4):
 PSYoungGen      total 251392K, used 6193K [0x00000000d5580000, 0x00000000e7d80000, 0x0000000100000000)
  eden space 220672K, 0% used [0x00000000d5580000,0x00000000d5580000,0x00000000e2d00000)
  from space 30720K, 20% used [0x00000000e2d00000,0x00000000e330c448,0x00000000e4b00000)
  to   space 30720K, 0% used [0x00000000e5f80000,0x00000000e5f80000,0x00000000e7d80000)
 ParOldGen       total 144896K, used 81962K [0x0000000080000000, 0x0000000088d80000, 0x00000000d5580000)
  object space 144896K, 56% used [0x0000000080000000,0x000000008500ab90,0x0000000088d80000)
 Metaspace       used 93553K, capacity 98458K, committed 98560K, reserved 1134592K
  class space    used 12461K, capacity 13415K, committed 13440K, reserved 1048576K
Event: 302.789 GC heap after
Heap after GC invocations=21 (full 4):
 PSYoungGen      total 251392K, used 0K [0x00000000d5580000, 0x00000000e7d80000, 0x0000000100000000)
  eden space 220672K, 0% used [0x00000000d5580000,0x00000000d5580000,0x00000000e2d00000)
  from space 30720K, 0% used [0x00000000e2d00000,0x00000000e2d00000,0x00000000e4b00000)
  to   space 30720K, 0% used [0x00000000e5f80000,0x00000000e5f80000,0x00000000e7d80000)
 ParOldGen       total 222208K, used 62381K [0x0000000080000000, 0x000000008d900000, 0x00000000d5580000)
  object space 222208K, 28% used [0x0000000080000000,0x0000000083ceb4c0,0x000000008d900000)
 Metaspace       used 93481K, capacity 98240K, committed 98560K, reserved 1134592K
  class space    used 12437K, capacity 13374K, committed 13440K, reserved 1048576K
}
Event: 319.585 GC heap before
{Heap before GC invocations=22 (full 4):
 PSYoungGen      total 251392K, used 220672K [0x00000000d5580000, 0x00000000e7d80000, 0x0000000100000000)
  eden space 220672K, 100% used [0x00000000d5580000,0x00000000e2d00000,0x00000000e2d00000)
  from space 30720K, 0% used [0x00000000e2d00000,0x00000000e2d00000,0x00000000e4b00000)
  to   space 30720K, 0% used [0x00000000e5f80000,0x00000000e5f80000,0x00000000e7d80000)
 ParOldGen       total 222208K, used 62381K [0x0000000080000000, 0x000000008d900000, 0x00000000d5580000)
  object space 222208K, 28% used [0x0000000080000000,0x0000000083ceb4c0,0x000000008d900000)
 Metaspace       used 96472K, capacity 101496K, committed 101632K, reserved 1136640K
  class space    used 12804K, capacity 13782K, committed 13824K, reserved 1048576K
Event: 319.627 GC heap after
Heap after GC invocations=22 (full 4):
 PSYoungGen      total 271360K, used 11665K [0x00000000d5580000, 0x00000000e7b80000, 0x0000000100000000)
  eden space 242688K, 0% used [0x00000000d5580000,0x00000000d5580000,0x00000000e4280000)
  from space 28672K, 40% used [0x00000000e5f80000,0x00000000e6ae47e0,0x00000000e7b80000)
  to   space 29184K, 0% used [0x00000000e4280000,0x00000000e4280000,0x00000000e5f00000)
 ParOldGen       total 222208K, used 62389K [0x0000000080000000, 0x000000008d900000, 0x00000000d5580000)
  object space 222208K, 28% used [0x0000000080000000,0x0000000083ced4c0,0x000000008d900000)
 Metaspace       used 96472K, capacity 101496K, committed 101632K, reserved 1136640K
  class space    used 12804K, capacity 13782K, committed 13824K, reserved 1048576K
}
Event: 324.382 GC heap before
{Heap before GC invocations=23 (full 4):
 PSYoungGen      total 271360K, used 254353K [0x00000000d5580000, 0x00000000e7b80000, 0x0000000100000000)
  eden space 242688K, 100% used [0x00000000d5580000,0x00000000e4280000,0x00000000e4280000)
  from space 28672K, 40% used [0x00000000e5f80000,0x00000000e6ae47e0,0x00000000e7b80000)
  to   space 29184K, 0% used [0x00000000e4280000,0x00000000e4280000,0x00000000e5f00000)
 ParOldGen       total 222208K, used 62389K [0x0000000080000000, 0x000000008d900000, 0x00000000d5580000)
  object space 222208K, 28% used [0x0000000080000000,0x0000000083ced4c0,0x000000008d900000)
 Metaspace       used 103777K, capacity 109640K, committed 109952K, reserved 1144832K
  class space    used 13806K, capacity 14920K, committed 14976K, reserved 1048576K
Event: 324.451 GC heap after
Heap after GC invocations=23 (full 4):
 PSYoungGen      total 271872K, used 28584K [0x00000000d5580000, 0x00000000e9d80000, 0x0000000100000000)
  eden space 242688K, 0% used [0x00000000d5580000,0x00000000d5580000,0x00000000e4280000)
  from space 29184K, 97% used [0x00000000e4280000,0x00000000e5e6a018,0x00000000e5f00000)
  to   space 33280K, 0% used [0x00000000e7d00000,0x00000000e7d00000,0x00000000e9d80000)
 ParOldGen       total 222208K, used 62397K [0x0000000080000000, 0x000000008d900000, 0x00000000d5580000)
  object space 222208K, 28% used [0x0000000080000000,0x0000000083cef4c0,0x000000008d900000)
 Metaspace       used 103777K, capacity 109640K, committed 109952K, reserved 1144832K
  class space    used 13806K, capacity 14920K, committed 14976K, reserved 1048576K
}
Event: 327.673 GC heap before
{Heap before GC invocations=24 (full 4):
 PSYoungGen      total 271872K, used 271272K [0x00000000d5580000, 0x00000000e9d80000, 0x0000000100000000)
  eden space 242688K, 100% used [0x00000000d5580000,0x00000000e4280000,0x00000000e4280000)
  from space 29184K, 97% used [0x00000000e4280000,0x00000000e5e6a018,0x00000000e5f00000)
  to   space 33280K, 0% used [0x00000000e7d00000,0x00000000e7d00000,0x00000000e9d80000)
 ParOldGen       total 222208K, used 62397K [0x0000000080000000, 0x000000008d900000, 0x00000000d5580000)
  object space 222208K, 28% used [0x0000000080000000,0x0000000083cef4c0,0x000000008d900000)
 Metaspace       used 104770K, capacity 110758K, committed 110976K, reserved 1144832K
  class space    used 13866K, capacity 14971K, committed 14976K, reserved 1048576K
Event: 327.746 GC heap after
Heap after GC invocations=24 (full 4):
 PSYoungGen      total 300544K, used 24657K [0x00000000d5580000, 0x00000000ea680000, 0x0000000100000000)
  eden space 267264K, 0% used [0x00000000d5580000,0x00000000d5580000,0x00000000e5a80000)
  from space 33280K, 74% used [0x00000000e7d00000,0x00000000e9514670,0x00000000e9d80000)
  to   space 35328K, 0% used [0x00000000e5a80000,0x00000000e5a80000,0x00000000e7d00000)
 ParOldGen       total 222208K, used 62405K [0x0000000080000000, 0x000000008d900000, 0x00000000d5580000)
  object space 222208K, 28% used [0x0000000080000000,0x0000000083cf14c0,0x000000008d900000)
 Metaspace       used 104770K, capacity 110758K, committed 110976K, reserved 1144832K
  class space    used 13866K, capacity 14971K, committed 14976K, reserved 1048576K
}
Event: 329.102 GC heap before
{Heap before GC invocations=25 (full 4):
 PSYoungGen      total 300544K, used 291921K [0x00000000d5580000, 0x00000000ea680000, 0x0000000100000000)
  eden space 267264K, 100% used [0x00000000d5580000,0x00000000e5a80000,0x00000000e5a80000)
  from space 33280K, 74% used [0x00000000e7d00000,0x00000000e9514670,0x00000000e9d80000)
  to   space 35328K, 0% used [0x00000000e5a80000,0x00000000e5a80000,0x00000000e7d00000)
 ParOldGen       total 222208K, used 62405K [0x0000000080000000, 0x000000008d900000, 0x00000000d5580000)
  object space 222208K, 28% used [0x0000000080000000,0x0000000083cf14c0,0x000000008d900000)
 Metaspace       used 104857K, capacity 110838K, committed 110976K, reserved 1144832K
  class space    used 13869K, capacity 14973K, committed 14976K, reserved 1048576K

