# JRE version: OpenJDK Runtime Environment (8.0_242-b01) (build 1.8.0_242-release-1644-b01)
# Java VM: OpenJDK 64-Bit Server VM (25.242-b01 mixed mode windows-amd64 compressed oops)
Heap:
 PSYoungGen      total 202752K, used 95221K [0x00000000d5580000, 0x00000000e7200000, 0x0000000100000000)
  eden space 139264K, 55% used [0x00000000d5580000,0x00000000da096808,0x00000000ddd80000)
  from space 63488K, 28% used [0x00000000ddd80000,0x00000000def66d08,0x00000000e1b80000)
  to   space 60928K, 0% used [0x00000000e3680000,0x00000000e3680000,0x00000000e7200000)
 ParOldGen       total 161280K, used 77869K [0x0000000080000000, 0x0000000089d80000, 0x00000000d5580000)
  object space 161280K, 48% used [0x0000000080000000,0x0000000084c0b690,0x0000000089d80000)
 Metaspace       used 98708K, capacity 104670K, committed 105048K, reserved 1140736K
  class space    used 13231K, capacity 14317K, committed 14424K, reserved 1048576K
GC Heap History (10 events):
Event: 553.230 GC heap before
{Heap before GC invocations=27 (full 3):
 PSYoungGen      total 146944K, used 146933K [0x00000000d5580000, 0x00000000e2600000, 0x0000000100000000)
  eden space 111616K, 100% used [0x00000000d5580000,0x00000000dc280000,0x00000000dc280000)
  from space 35328K, 99% used [0x00000000dc280000,0x00000000de4fd510,0x00000000de500000)
  to   space 41984K, 0% used [0x00000000dfd00000,0x00000000dfd00000,0x00000000e2600000)
 ParOldGen       total 161280K, used 46578K [0x0000000080000000, 0x0000000089d80000, 0x00000000d5580000)
  object space 161280K, 28% used [0x0000000080000000,0x0000000082d7c970,0x0000000089d80000)
 Metaspace       used 90530K, capacity 95442K, committed 95576K, reserved 1132544K
  class space    used 12111K, capacity 13105K, committed 13144K, reserved 1048576K
Event: 553.337 GC heap after
Heap after GC invocations=27 (full 3):
 PSYoungGen      total 164352K, used 41956K [0x00000000d5580000, 0x00000000e3400000, 0x0000000100000000)
  eden space 122368K, 0% used [0x00000000d5580000,0x00000000d5580000,0x00000000dcd00000)
  from space 41984K, 99% used [0x00000000dfd00000,0x00000000e25f93b0,0x00000000e2600000)
  to   space 49152K, 0% used [0x00000000dcd00000,0x00000000dcd00000,0x00000000dfd00000)
 ParOldGen       total 161280K, used 48100K [0x0000000080000000, 0x0000000089d80000, 0x00000000d5580000)
  object space 161280K, 29% used [0x0000000080000000,0x0000000082ef93e8,0x0000000089d80000)
 Metaspace       used 90530K, capacity 95442K, committed 95576K, reserved 1132544K
  class space    used 12111K, capacity 13105K, committed 13144K, reserved 1048576K
}
Event: 558.975 GC heap before
{Heap before GC invocations=28 (full 3):
 PSYoungGen      total 164352K, used 164324K [0x00000000d5580000, 0x00000000e3400000, 0x0000000100000000)
  eden space 122368K, 100% used [0x00000000d5580000,0x00000000dcd00000,0x00000000dcd00000)
  from space 41984K, 99% used [0x00000000dfd00000,0x00000000e25f93b0,0x00000000e2600000)
  to   space 49152K, 0% used [0x00000000dcd00000,0x00000000dcd00000,0x00000000dfd00000)
 ParOldGen       total 161280K, used 48102K [0x0000000080000000, 0x0000000089d80000, 0x00000000d5580000)
  object space 161280K, 29% used [0x0000000080000000,0x0000000082ef9b80,0x0000000089d80000)
 Metaspace       used 92296K, capacity 97624K, committed 97752K, reserved 1134592K
  class space    used 12395K, capacity 13444K, committed 13528K, reserved 1048576K
Event: 559.268 GC heap after
Heap after GC invocations=28 (full 3):
 PSYoungGen      total 171520K, used 49122K [0x00000000d5580000, 0x00000000e5600000, 0x0000000100000000)
  eden space 122368K, 0% used [0x00000000d5580000,0x00000000d5580000,0x00000000dcd00000)
  from space 49152K, 99% used [0x00000000dcd00000,0x00000000dfcf88a8,0x00000000dfd00000)
  to   space 59904K, 0% used [0x00000000e1b80000,0x00000000e1b80000,0x00000000e5600000)
 ParOldGen       total 161280K, used 56988K [0x0000000080000000, 0x0000000089d80000, 0x00000000d5580000)
  object space 161280K, 35% used [0x0000000080000000,0x00000000837a72e0,0x0000000089d80000)
 Metaspace       used 92296K, capacity 97624K, committed 97752K, reserved 1134592K
  class space    used 12395K, capacity 13444K, committed 13528K, reserved 1048576K
}
Event: 561.530 GC heap before
{Heap before GC invocations=29 (full 3):
 PSYoungGen      total 171520K, used 55744K [0x00000000d5580000, 0x00000000e5600000, 0x0000000100000000)
  eden space 122368K, 5% used [0x00000000d5580000,0x00000000d5bf77a0,0x00000000dcd00000)
  from space 49152K, 99% used [0x00000000dcd00000,0x00000000dfcf88a8,0x00000000dfd00000)
  to   space 59904K, 0% used [0x00000000e1b80000,0x00000000e1b80000,0x00000000e5600000)
 ParOldGen       total 161280K, used 56988K [0x0000000080000000, 0x0000000089d80000, 0x00000000d5580000)
  object space 161280K, 35% used [0x0000000080000000,0x00000000837a72e0,0x0000000089d80000)
 Metaspace       used 93051K, capacity 98366K, committed 98496K, reserved 1134592K
  class space    used 12494K, capacity 13541K, committed 13656K, reserved 1048576K
Event: 561.791 GC heap after
Heap after GC invocations=29 (full 3):
 PSYoungGen      total 199168K, used 42603K [0x00000000d5580000, 0x00000000e6300000, 0x0000000100000000)
  eden space 139264K, 0% used [0x00000000d5580000,0x00000000d5580000,0x00000000ddd80000)
  from space 59904K, 71% used [0x00000000e1b80000,0x00000000e451ae38,0x00000000e5600000)
  to   space 63488K, 0% used [0x00000000ddd80000,0x00000000ddd80000,0x00000000e1b80000)
 ParOldGen       total 161280K, used 65126K [0x0000000080000000, 0x0000000089d80000, 0x00000000d5580000)
  object space 161280K, 40% used [0x0000000080000000,0x0000000083f99a90,0x0000000089d80000)
 Metaspace       used 93051K, capacity 98366K, committed 98496K, reserved 1134592K
  class space    used 12494K, capacity 13541K, committed 13656K, reserved 1048576K
}
Event: 561.791 GC heap before
{Heap before GC invocations=30 (full 4):
 PSYoungGen      total 199168K, used 42603K [0x00000000d5580000, 0x00000000e6300000, 0x0000000100000000)
  eden space 139264K, 0% used [0x00000000d5580000,0x00000000d5580000,0x00000000ddd80000)
  from space 59904K, 71% used [0x00000000e1b80000,0x00000000e451ae38,0x00000000e5600000)
  to   space 63488K, 0% used [0x00000000ddd80000,0x00000000ddd80000,0x00000000e1b80000)
 ParOldGen       total 161280K, used 65126K [0x0000000080000000, 0x0000000089d80000, 0x00000000d5580000)
  object space 161280K, 40% used [0x0000000080000000,0x0000000083f99a90,0x0000000089d80000)
 Metaspace       used 93051K, capacity 98366K, committed 98496K, reserved 1134592K
  class space    used 12494K, capacity 13541K, committed 13656K, reserved 1048576K
Event: 563.243 GC heap after
Heap after GC invocations=30 (full 4):
 PSYoungGen      total 199168K, used 0K [0x00000000d5580000, 0x00000000e6300000, 0x0000000100000000)
  eden space 139264K, 0% used [0x00000000d5580000,0x00000000d5580000,0x00000000ddd80000)
  from space 59904K, 0% used [0x00000000e1b80000,0x00000000e1b80000,0x00000000e5600000)
  to   space 63488K, 0% used [0x00000000ddd80000,0x00000000ddd80000,0x00000000e1b80000)
 ParOldGen       total 161280K, used 77861K [0x0000000080000000, 0x0000000089d80000, 0x00000000d5580000)
  object space 161280K, 48% used [0x0000000080000000,0x0000000084c09690,0x0000000089d80000)
 Metaspace       used 92808K, capacity 97654K, committed 98496K, reserved 1134592K
  class space    used 12413K, capacity 13397K, committed 13656K, reserved 1048576K
}
Event: 570.737 GC heap before
{Heap before GC invocations=31 (full 4):
 PSYoungGen      total 199168K, used 139264K [0x00000000d5580000, 0x00000000e6300000, 0x0000000100000000)
  eden space 139264K, 100% used [0x00000000d5580000,0x00000000ddd80000,0x00000000ddd80000)
  from space 59904K, 0% used [0x00000000e1b80000,0x00000000e1b80000,0x00000000e5600000)
  to   space 63488K, 0% used [0x00000000ddd80000,0x00000000ddd80000,0x00000000e1b80000)
 ParOldGen       total 161280K, used 77861K [0x0000000080000000, 0x0000000089d80000, 0x00000000d5580000)
  object space 161280K, 48% used [0x0000000080000000,0x0000000084c09690,0x0000000089d80000)
 Metaspace       used 98184K, capacity 104144K, committed 104280K, reserved 1138688K
  class space    used 13209K, capacity 14312K, committed 14424K, reserved 1048576K
Event: 570.832 GC heap after
Heap after GC invocations=31 (full 4):
 PSYoungGen      total 202752K, used 18331K [0x00000000d5580000, 0x00000000e7200000, 0x0000000100000000)
  eden space 139264K, 0% used [0x00000000d5580000,0x00000000d5580000,0x00000000ddd80000)
  from space 63488K, 28% used [0x00000000ddd80000,0x00000000def66d08,0x00000000e1b80000)
  to   space 60928K, 0% used [0x00000000e3680000,0x00000000e3680000,0x00000000e7200000)
 ParOldGen       total 161280K, used 77869K [0x0000000080000000, 0x0000000089d80000, 0x00000000d5580000)
  object space 161280K, 48% used [0x0000000080000000,0x0000000084c0b690,0x0000000089d80000)
 Metaspace       used 98184K, capacity 104144K, committed 104280K, reserved 1138688K
  class space    used 13209K, capacity 14312K, committed 14424K, reserved 1048576K
}

