# JRE version: OpenJDK Runtime Environment (8.0_242-b01) (build 1.8.0_242-release-1644-b01)
# Java VM: OpenJDK 64-Bit Server VM (25.242-b01 mixed mode windows-amd64 compressed oops)
Heap:
 PSYoungGen      total 163840K, used 15842K [0x00000000d5580000, 0x00000000e1e00000, 0x0000000100000000)
  eden space 148992K, 10% used [0x00000000d5580000,0x00000000d64f88c0,0x00000000de700000)
  from space 14848K, 0% used [0x00000000e0f80000,0x00000000e0f80000,0x00000000e1e00000)
  to   space 11264K, 0% used [0x00000000de700000,0x00000000de700000,0x00000000df200000)
 ParOldGen       total 85504K, used 37322K [0x0000000080000000, 0x0000000085380000, 0x00000000d5580000)
  object space 85504K, 43% used [0x0000000080000000,0x0000000082472a40,0x0000000085380000)
 Metaspace       used 57927K, capacity 60494K, committed 60632K, reserved 1101824K
  class space    used 7883K, capacity 8396K, committed 8448K, reserved 1048576K
GC Heap History (10 events):
Event: 19.143 GC heap before
{Heap before GC invocations=11 (full 2):
 PSYoungGen      total 116736K, used 7117K [0x00000000d5580000, 0x00000000dfe00000, 0x0000000100000000)
  eden space 105472K, 0% used [0x00000000d5580000,0x00000000d5580000,0x00000000dbc80000)
  from space 11264K, 63% used [0x00000000dbc80000,0x00000000dc3736b0,0x00000000dc780000)
  to   space 10752K, 0% used [0x00000000df380000,0x00000000df380000,0x00000000dfe00000)
 ParOldGen       total 59904K, used 9811K [0x0000000080000000, 0x0000000083a80000, 0x00000000d5580000)
  object space 59904K, 16% used [0x0000000080000000,0x0000000080994e90,0x0000000083a80000)
 Metaspace       used 34023K, capacity 35322K, committed 35456K, reserved 1079296K
  class space    used 4591K, capacity 4920K, committed 4992K, reserved 1048576K
Event: 19.322 GC heap after
Heap after GC invocations=11 (full 2):
 PSYoungGen      total 116736K, used 0K [0x00000000d5580000, 0x00000000dfe00000, 0x0000000100000000)
  eden space 105472K, 0% used [0x00000000d5580000,0x00000000d5580000,0x00000000dbc80000)
  from space 11264K, 0% used [0x00000000dbc80000,0x00000000dbc80000,0x00000000dc780000)
  to   space 10752K, 0% used [0x00000000df380000,0x00000000df380000,0x00000000dfe00000)
 ParOldGen       total 85504K, used 14216K [0x0000000080000000, 0x0000000085380000, 0x00000000d5580000)
  object space 85504K, 16% used [0x0000000080000000,0x0000000080de20d0,0x0000000085380000)
 Metaspace       used 34023K, capacity 35322K, committed 35456K, reserved 1079296K
  class space    used 4591K, capacity 4920K, committed 4992K, reserved 1048576K
}
Event: 21.374 GC heap before
{Heap before GC invocations=12 (full 2):
 PSYoungGen      total 116736K, used 105472K [0x00000000d5580000, 0x00000000dfe00000, 0x0000000100000000)
  eden space 105472K, 100% used [0x00000000d5580000,0x00000000dbc80000,0x00000000dbc80000)
  from space 11264K, 0% used [0x00000000dbc80000,0x00000000dbc80000,0x00000000dc780000)
  to   space 10752K, 0% used [0x00000000df380000,0x00000000df380000,0x00000000dfe00000)
 ParOldGen       total 85504K, used 14216K [0x0000000080000000, 0x0000000085380000, 0x00000000d5580000)
  object space 85504K, 16% used [0x0000000080000000,0x0000000080de20d0,0x0000000085380000)
 Metaspace       used 38739K, capacity 40548K, committed 40832K, reserved 1085440K
  class space    used 5323K, capacity 5703K, committed 5760K, reserved 1048576K
Event: 21.392 GC heap after
Heap after GC invocations=12 (full 2):
 PSYoungGen      total 145920K, used 9479K [0x00000000d5580000, 0x00000000dfd00000, 0x0000000100000000)
  eden space 136192K, 0% used [0x00000000d5580000,0x00000000d5580000,0x00000000dda80000)
  from space 9728K, 97% used [0x00000000df380000,0x00000000dfcc1f40,0x00000000dfd00000)
  to   space 11264K, 0% used [0x00000000de700000,0x00000000de700000,0x00000000df200000)
 ParOldGen       total 85504K, used 14216K [0x0000000080000000, 0x0000000085380000, 0x00000000d5580000)
  object space 85504K, 16% used [0x0000000080000000,0x0000000080de20d0,0x0000000085380000)
 Metaspace       used 38739K, capacity 40548K, committed 40832K, reserved 1085440K
  class space    used 5323K, capacity 5703K, committed 5760K, reserved 1048576K
}
Event: 25.642 GC heap before
{Heap before GC invocations=13 (full 2):
 PSYoungGen      total 145920K, used 145671K [0x00000000d5580000, 0x00000000dfd00000, 0x0000000100000000)
  eden space 136192K, 100% used [0x00000000d5580000,0x00000000dda80000,0x00000000dda80000)
  from space 9728K, 97% used [0x00000000df380000,0x00000000dfcc1f40,0x00000000dfd00000)
  to   space 11264K, 0% used [0x00000000de700000,0x00000000de700000,0x00000000df200000)
 ParOldGen       total 85504K, used 14216K [0x0000000080000000, 0x0000000085380000, 0x00000000d5580000)
  object space 85504K, 16% used [0x0000000080000000,0x0000000080de20d0,0x0000000085380000)
 Metaspace       used 48278K, capacity 50490K, committed 50560K, reserved 1093632K
  class space    used 6540K, capacity 7001K, committed 7040K, reserved 1048576K
Event: 25.724 GC heap after
Heap after GC invocations=13 (full 2):
 PSYoungGen      total 160256K, used 11236K [0x00000000d5580000, 0x00000000e1e00000, 0x0000000100000000)
  eden space 148992K, 0% used [0x00000000d5580000,0x00000000d5580000,0x00000000de700000)
  from space 11264K, 99% used [0x00000000de700000,0x00000000df1f9310,0x00000000df200000)
  to   space 14848K, 0% used [0x00000000e0f80000,0x00000000e0f80000,0x00000000e1e00000)
 ParOldGen       total 85504K, used 21013K [0x0000000080000000, 0x0000000085380000, 0x00000000d5580000)
  object space 85504K, 24% used [0x0000000080000000,0x0000000081485470,0x0000000085380000)
 Metaspace       used 48278K, capacity 50490K, committed 50560K, reserved 1093632K
  class space    used 6540K, capacity 7001K, committed 7040K, reserved 1048576K
}
Event: 29.455 GC heap before
{Heap before GC invocations=14 (full 2):
 PSYoungGen      total 160256K, used 116840K [0x00000000d5580000, 0x00000000e1e00000, 0x0000000100000000)
  eden space 148992K, 70% used [0x00000000d5580000,0x00000000dbca0ff0,0x00000000de700000)
  from space 11264K, 99% used [0x00000000de700000,0x00000000df1f9310,0x00000000df200000)
  to   space 14848K, 0% used [0x00000000e0f80000,0x00000000e0f80000,0x00000000e1e00000)
 ParOldGen       total 85504K, used 21013K [0x0000000080000000, 0x0000000085380000, 0x00000000d5580000)
  object space 85504K, 24% used [0x0000000080000000,0x0000000081485470,0x0000000085380000)
 Metaspace       used 56464K, capacity 59002K, committed 59096K, reserved 1099776K
  class space    used 7599K, capacity 8143K, committed 8192K, reserved 1048576K
Event: 29.505 GC heap after
Heap after GC invocations=14 (full 2):
 PSYoungGen      total 163840K, used 12990K [0x00000000d5580000, 0x00000000e1e00000, 0x0000000100000000)
  eden space 148992K, 0% used [0x00000000d5580000,0x00000000d5580000,0x00000000de700000)
  from space 14848K, 87% used [0x00000000e0f80000,0x00000000e1c2fa30,0x00000000e1e00000)
  to   space 11264K, 0% used [0x00000000de700000,0x00000000de700000,0x00000000df200000)
 ParOldGen       total 85504K, used 32195K [0x0000000080000000, 0x0000000085380000, 0x00000000d5580000)
  object space 85504K, 37% used [0x0000000080000000,0x0000000081f70f50,0x0000000085380000)
 Metaspace       used 56464K, capacity 59002K, committed 59096K, reserved 1099776K
  class space    used 7599K, capacity 8143K, committed 8192K, reserved 1048576K
}
Event: 29.505 GC heap before
{Heap before GC invocations=15 (full 3):
 PSYoungGen      total 163840K, used 12990K [0x00000000d5580000, 0x00000000e1e00000, 0x0000000100000000)
  eden space 148992K, 0% used [0x00000000d5580000,0x00000000d5580000,0x00000000de700000)
  from space 14848K, 87% used [0x00000000e0f80000,0x00000000e1c2fa30,0x00000000e1e00000)
  to   space 11264K, 0% used [0x00000000de700000,0x00000000de700000,0x00000000df200000)
 ParOldGen       total 85504K, used 32195K [0x0000000080000000, 0x0000000085380000, 0x00000000d5580000)
  object space 85504K, 37% used [0x0000000080000000,0x0000000081f70f50,0x0000000085380000)
 Metaspace       used 56464K, capacity 59002K, committed 59096K, reserved 1099776K
  class space    used 7599K, capacity 8143K, committed 8192K, reserved 1048576K
Event: 30.008 GC heap after
Heap after GC invocations=15 (full 3):
 PSYoungGen      total 163840K, used 0K [0x00000000d5580000, 0x00000000e1e00000, 0x0000000100000000)
  eden space 148992K, 0% used [0x00000000d5580000,0x00000000d5580000,0x00000000de700000)
  from space 14848K, 0% used [0x00000000e0f80000,0x00000000e0f80000,0x00000000e1e00000)
  to   space 11264K, 0% used [0x00000000de700000,0x00000000de700000,0x00000000df200000)
 ParOldGen       total 85504K, used 37322K [0x0000000080000000, 0x0000000085380000, 0x00000000d5580000)
  object space 85504K, 43% used [0x0000000080000000,0x0000000082472a40,0x0000000085380000)
 Metaspace       used 56448K, capacity 58948K, committed 59096K, reserved 1099776K
  class space    used 7594K, capacity 8134K, committed 8192K, reserved 1048576K
}

