# JRE version: OpenJDK Runtime Environment (8.0_242-b01) (build 1.8.0_242-release-1644-b01)
# Java VM: OpenJDK 64-Bit Server VM (25.242-b01 mixed mode windows-amd64 compressed oops)
Heap:
 PSYoungGen      total 118272K, used 47571K [0x00000000d5580000, 0x00000000ddd80000, 0x0000000100000000)
  eden space 104960K, 45% used [0x00000000d5580000,0x00000000d83f4f28,0x00000000dbc00000)
  from space 13312K, 0% used [0x00000000dcb00000,0x00000000dcb00000,0x00000000dd800000)
  to   space 15360K, 0% used [0x00000000dbc00000,0x00000000dbc00000,0x00000000dcb00000)
 ParOldGen       total 89088K, used 33377K [0x0000000080000000, 0x0000000085700000, 0x00000000d5580000)
  object space 89088K, 37% used [0x0000000080000000,0x00000000820984e8,0x0000000085700000)
 Metaspace       used 59968K, capacity 62430K, committed 62848K, reserved 1105920K
  class space    used 8215K, capacity 8709K, committed 8832K, reserved 1048576K
GC Heap History (10 events):
Event: 60.219 GC heap before
{Heap before GC invocations=13 (full 2):
 PSYoungGen      total 80896K, used 70144K [0x00000000d5580000, 0x00000000db280000, 0x0000000100000000)
  eden space 70144K, 100% used [0x00000000d5580000,0x00000000d9a00000,0x00000000d9a00000)
  from space 10752K, 0% used [0x00000000da480000,0x00000000da480000,0x00000000daf00000)
  to   space 10752K, 0% used [0x00000000d9a00000,0x00000000d9a00000,0x00000000da480000)
 ParOldGen       total 89088K, used 14819K [0x0000000080000000, 0x0000000085700000, 0x00000000d5580000)
  object space 89088K, 16% used [0x0000000080000000,0x0000000080e78e70,0x0000000085700000)
 Metaspace       used 37089K, capacity 38636K, committed 38784K, reserved 1083392K
  class space    used 5084K, capacity 5425K, committed 5504K, reserved 1048576K
Event: 60.246 GC heap after
Heap after GC invocations=13 (full 2):
 PSYoungGen      total 80896K, used 5857K [0x00000000d5580000, 0x00000000dc080000, 0x0000000100000000)
  eden space 70144K, 0% used [0x00000000d5580000,0x00000000d5580000,0x00000000d9a00000)
  from space 10752K, 54% used [0x00000000d9a00000,0x00000000d9fb8428,0x00000000da480000)
  to   space 10240K, 0% used [0x00000000db680000,0x00000000db680000,0x00000000dc080000)
 ParOldGen       total 89088K, used 14827K [0x0000000080000000, 0x0000000085700000, 0x00000000d5580000)
  object space 89088K, 16% used [0x0000000080000000,0x0000000080e7ae70,0x0000000085700000)
 Metaspace       used 37089K, capacity 38636K, committed 38784K, reserved 1083392K
  class space    used 5084K, capacity 5425K, committed 5504K, reserved 1048576K
}
Event: 75.238 GC heap before
{Heap before GC invocations=14 (full 2):
 PSYoungGen      total 80896K, used 76001K [0x00000000d5580000, 0x00000000dc080000, 0x0000000100000000)
  eden space 70144K, 100% used [0x00000000d5580000,0x00000000d9a00000,0x00000000d9a00000)
  from space 10752K, 54% used [0x00000000d9a00000,0x00000000d9fb8428,0x00000000da480000)
  to   space 10240K, 0% used [0x00000000db680000,0x00000000db680000,0x00000000dc080000)
 ParOldGen       total 89088K, used 14827K [0x0000000080000000, 0x0000000085700000, 0x00000000d5580000)
  object space 89088K, 16% used [0x0000000080000000,0x0000000080e7ae70,0x0000000085700000)
 Metaspace       used 43309K, capacity 45140K, committed 45312K, reserved 1087488K
  class space    used 5888K, capacity 6282K, committed 6400K, reserved 1048576K
Event: 75.288 GC heap after
Heap after GC invocations=14 (full 2):
 PSYoungGen      total 97280K, used 10217K [0x00000000d5580000, 0x00000000dc180000, 0x0000000100000000)
  eden space 87040K, 0% used [0x00000000d5580000,0x00000000d5580000,0x00000000daa80000)
  from space 10240K, 99% used [0x00000000db680000,0x00000000dc07a658,0x00000000dc080000)
  to   space 11776K, 0% used [0x00000000daa80000,0x00000000daa80000,0x00000000db600000)
 ParOldGen       total 89088K, used 15939K [0x0000000080000000, 0x0000000085700000, 0x00000000d5580000)
  object space 89088K, 17% used [0x0000000080000000,0x0000000080f90c08,0x0000000085700000)
 Metaspace       used 43309K, capacity 45140K, committed 45312K, reserved 1087488K
  class space    used 5888K, capacity 6282K, committed 6400K, reserved 1048576K
}
Event: 84.648 GC heap before
{Heap before GC invocations=15 (full 2):
 PSYoungGen      total 97280K, used 97257K [0x00000000d5580000, 0x00000000dc180000, 0x0000000100000000)
  eden space 87040K, 100% used [0x00000000d5580000,0x00000000daa80000,0x00000000daa80000)
  from space 10240K, 99% used [0x00000000db680000,0x00000000dc07a658,0x00000000dc080000)
  to   space 11776K, 0% used [0x00000000daa80000,0x00000000daa80000,0x00000000db600000)
 ParOldGen       total 89088K, used 15939K [0x0000000080000000, 0x0000000085700000, 0x00000000d5580000)
  object space 89088K, 17% used [0x0000000080000000,0x0000000080f90c08,0x0000000085700000)
 Metaspace       used 52128K, capacity 54248K, committed 54528K, reserved 1095680K
  class space    used 6949K, capacity 7376K, committed 7424K, reserved 1048576K
Event: 84.725 GC heap after
Heap after GC invocations=15 (full 2):
 PSYoungGen      total 98816K, used 11539K [0x00000000d5580000, 0x00000000dd800000, 0x0000000100000000)
  eden space 87040K, 0% used [0x00000000d5580000,0x00000000d5580000,0x00000000daa80000)
  from space 11776K, 97% used [0x00000000daa80000,0x00000000db5c4ef8,0x00000000db600000)
  to   space 13312K, 0% used [0x00000000dcb00000,0x00000000dcb00000,0x00000000dd800000)
 ParOldGen       total 89088K, used 22444K [0x0000000080000000, 0x0000000085700000, 0x00000000d5580000)
  object space 89088K, 25% used [0x0000000080000000,0x00000000815eb3c8,0x0000000085700000)
 Metaspace       used 52128K, capacity 54248K, committed 54528K, reserved 1095680K
  class space    used 6949K, capacity 7376K, committed 7424K, reserved 1048576K
}
Event: 90.125 GC heap before
{Heap before GC invocations=16 (full 2):
 PSYoungGen      total 98816K, used 82140K [0x00000000d5580000, 0x00000000dd800000, 0x0000000100000000)
  eden space 87040K, 81% used [0x00000000d5580000,0x00000000d9a723c0,0x00000000daa80000)
  from space 11776K, 97% used [0x00000000daa80000,0x00000000db5c4ef8,0x00000000db600000)
  to   space 13312K, 0% used [0x00000000dcb00000,0x00000000dcb00000,0x00000000dd800000)
 ParOldGen       total 89088K, used 22444K [0x0000000080000000, 0x0000000085700000, 0x00000000d5580000)
  object space 89088K, 25% used [0x0000000080000000,0x00000000815eb3c8,0x0000000085700000)
 Metaspace       used 56853K, capacity 59096K, committed 59136K, reserved 1099776K
  class space    used 7719K, capacity 8182K, committed 8192K, reserved 1048576K
Event: 90.199 GC heap after
Heap after GC invocations=16 (full 2):
 PSYoungGen      total 118272K, used 13286K [0x00000000d5580000, 0x00000000ddd80000, 0x0000000100000000)
  eden space 104960K, 0% used [0x00000000d5580000,0x00000000d5580000,0x00000000dbc00000)
  from space 13312K, 99% used [0x00000000dcb00000,0x00000000dd7f9a40,0x00000000dd800000)
  to   space 15360K, 0% used [0x00000000dbc00000,0x00000000dbc00000,0x00000000dcb00000)
 ParOldGen       total 89088K, used 23682K [0x0000000080000000, 0x0000000085700000, 0x00000000d5580000)
  object space 89088K, 26% used [0x0000000080000000,0x00000000817209d0,0x0000000085700000)
 Metaspace       used 56853K, capacity 59096K, committed 59136K, reserved 1099776K
  class space    used 7719K, capacity 8182K, committed 8192K, reserved 1048576K
}
Event: 90.199 GC heap before
{Heap before GC invocations=17 (full 3):
 PSYoungGen      total 118272K, used 13286K [0x00000000d5580000, 0x00000000ddd80000, 0x0000000100000000)
  eden space 104960K, 0% used [0x00000000d5580000,0x00000000d5580000,0x00000000dbc00000)
  from space 13312K, 99% used [0x00000000dcb00000,0x00000000dd7f9a40,0x00000000dd800000)
  to   space 15360K, 0% used [0x00000000dbc00000,0x00000000dbc00000,0x00000000dcb00000)
 ParOldGen       total 89088K, used 23682K [0x0000000080000000, 0x0000000085700000, 0x00000000d5580000)
  object space 89088K, 26% used [0x0000000080000000,0x00000000817209d0,0x0000000085700000)
 Metaspace       used 56853K, capacity 59096K, committed 59136K, reserved 1099776K
  class space    used 7719K, capacity 8182K, committed 8192K, reserved 1048576K
Event: 91.566 GC heap after
Heap after GC invocations=17 (full 3):
 PSYoungGen      total 118272K, used 0K [0x00000000d5580000, 0x00000000ddd80000, 0x0000000100000000)
  eden space 104960K, 0% used [0x00000000d5580000,0x00000000d5580000,0x00000000dbc00000)
  from space 13312K, 0% used [0x00000000dcb00000,0x00000000dcb00000,0x00000000dd800000)
  to   space 15360K, 0% used [0x00000000dbc00000,0x00000000dbc00000,0x00000000dcb00000)
 ParOldGen       total 89088K, used 33377K [0x0000000080000000, 0x0000000085700000, 0x00000000d5580000)
  object space 89088K, 37% used [0x0000000080000000,0x00000000820984e8,0x0000000085700000)
 Metaspace       used 56842K, capacity 59060K, committed 59136K, reserved 1099776K
  class space    used 7716K, capacity 8176K, committed 8192K, reserved 1048576K
}

