# JRE version: OpenJDK Runtime Environment (8.0_242-b01) (build 1.8.0_242-release-1644-b01)
# Java VM: OpenJDK 64-Bit Server VM (25.242-b01 mixed mode windows-amd64 compressed oops)
Heap:
 PSYoungGen      total 258560K, used 35871K [0x00000000d5580000, 0x00000000e7700000, 0x0000000100000000)
  eden space 235008K, 5% used [0x00000000d5580000,0x00000000d6188278,0x00000000e3b00000)
  from space 23552K, 99% used [0x00000000e5780000,0x00000000e6e7fc30,0x00000000e6e80000)
  to   space 29184K, 0% used [0x00000000e3b00000,0x00000000e3b00000,0x00000000e5780000)
 ParOldGen       total 138752K, used 37410K [0x0000000080000000, 0x0000000088780000, 0x00000000d5580000)
  object space 138752K, 26% used [0x0000000080000000,0x0000000082488a38,0x0000000088780000)
 Metaspace       used 74025K, capacity 77618K, committed 77656K, reserved 1116160K
  class space    used 10149K, capacity 10844K, committed 10880K, reserved 1048576K
GC Heap History (10 events):
Event: 24.186 GC heap before
{Heap before GC invocations=11 (full 2):
 PSYoungGen      total 177664K, used 177314K [0x00000000d5580000, 0x00000000e3000000, 0x0000000100000000)
  eden space 168448K, 100% used [0x00000000d5580000,0x00000000dfa00000,0x00000000dfa00000)
  from space 9216K, 96% used [0x00000000e2700000,0x00000000e2fa8a58,0x00000000e3000000)
  to   space 13312K, 0% used [0x00000000e1600000,0x00000000e1600000,0x00000000e2300000)
 ParOldGen       total 93696K, used 17324K [0x0000000080000000, 0x0000000085b80000, 0x00000000d5580000)
  object space 93696K, 18% used [0x0000000080000000,0x00000000810eb380,0x0000000085b80000)
 Metaspace       used 53556K, capacity 55738K, committed 56064K, reserved 1097728K
  class space    used 7139K, capacity 7590K, committed 7680K, reserved 1048576K
Event: 24.249 GC heap after
Heap after GC invocations=11 (full 2):
 PSYoungGen      total 210432K, used 13300K [0x00000000d5580000, 0x00000000e3f80000, 0x0000000100000000)
  eden space 197120K, 0% used [0x00000000d5580000,0x00000000d5580000,0x00000000e1600000)
  from space 13312K, 99% used [0x00000000e1600000,0x00000000e22fd320,0x00000000e2300000)
  to   space 20480K, 0% used [0x00000000e2b80000,0x00000000e2b80000,0x00000000e3f80000)
 ParOldGen       total 93696K, used 30693K [0x0000000080000000, 0x0000000085b80000, 0x00000000d5580000)
  object space 93696K, 32% used [0x0000000080000000,0x0000000081df9510,0x0000000085b80000)
 Metaspace       used 53556K, capacity 55738K, committed 56064K, reserved 1097728K
  class space    used 7139K, capacity 7590K, committed 7680K, reserved 1048576K
}
Event: 24.828 GC heap before
{Heap before GC invocations=12 (full 2):
 PSYoungGen      total 210432K, used 40416K [0x00000000d5580000, 0x00000000e3f80000, 0x0000000100000000)
  eden space 197120K, 13% used [0x00000000d5580000,0x00000000d6ffae50,0x00000000e1600000)
  from space 13312K, 99% used [0x00000000e1600000,0x00000000e22fd320,0x00000000e2300000)
  to   space 20480K, 0% used [0x00000000e2b80000,0x00000000e2b80000,0x00000000e3f80000)
 ParOldGen       total 93696K, used 30693K [0x0000000080000000, 0x0000000085b80000, 0x00000000d5580000)
  object space 93696K, 32% used [0x0000000080000000,0x0000000081df9510,0x0000000085b80000)
 Metaspace       used 56732K, capacity 59024K, committed 59096K, reserved 1099776K
  class space    used 7698K, capacity 8182K, committed 8192K, reserved 1048576K
Event: 24.862 GC heap after
Heap after GC invocations=12 (full 2):
 PSYoungGen      total 217600K, used 17251K [0x00000000d5580000, 0x00000000e6f80000, 0x0000000100000000)
  eden space 197120K, 0% used [0x00000000d5580000,0x00000000d5580000,0x00000000e1600000)
  from space 20480K, 84% used [0x00000000e2b80000,0x00000000e3c58eb0,0x00000000e3f80000)
  to   space 22016K, 0% used [0x00000000e1600000,0x00000000e1600000,0x00000000e2b80000)
 ParOldGen       total 93696K, used 30701K [0x0000000080000000, 0x0000000085b80000, 0x00000000d5580000)
  object space 93696K, 32% used [0x0000000080000000,0x0000000081dfb510,0x0000000085b80000)
 Metaspace       used 56732K, capacity 59024K, committed 59096K, reserved 1099776K
  class space    used 7698K, capacity 8182K, committed 8192K, reserved 1048576K
}
Event: 24.862 GC heap before
{Heap before GC invocations=13 (full 3):
 PSYoungGen      total 217600K, used 17251K [0x00000000d5580000, 0x00000000e6f80000, 0x0000000100000000)
  eden space 197120K, 0% used [0x00000000d5580000,0x00000000d5580000,0x00000000e1600000)
  from space 20480K, 84% used [0x00000000e2b80000,0x00000000e3c58eb0,0x00000000e3f80000)
  to   space 22016K, 0% used [0x00000000e1600000,0x00000000e1600000,0x00000000e2b80000)
 ParOldGen       total 93696K, used 30701K [0x0000000080000000, 0x0000000085b80000, 0x00000000d5580000)
  object space 93696K, 32% used [0x0000000080000000,0x0000000081dfb510,0x0000000085b80000)
 Metaspace       used 56732K, capacity 59024K, committed 59096K, reserved 1099776K
  class space    used 7698K, capacity 8182K, committed 8192K, reserved 1048576K
Event: 25.184 GC heap after
Heap after GC invocations=13 (full 3):
 PSYoungGen      total 217600K, used 0K [0x00000000d5580000, 0x00000000e6f80000, 0x0000000100000000)
  eden space 197120K, 0% used [0x00000000d5580000,0x00000000d5580000,0x00000000e1600000)
  from space 20480K, 0% used [0x00000000e2b80000,0x00000000e2b80000,0x00000000e3f80000)
  to   space 22016K, 0% used [0x00000000e1600000,0x00000000e1600000,0x00000000e2b80000)
 ParOldGen       total 138752K, used 32115K [0x0000000080000000, 0x0000000088780000, 0x00000000d5580000)
  object space 138752K, 23% used [0x0000000080000000,0x0000000081f5cf48,0x0000000088780000)
 Metaspace       used 56720K, capacity 58982K, committed 59096K, reserved 1099776K
  class space    used 7694K, capacity 8175K, committed 8192K, reserved 1048576K
}
Event: 30.703 GC heap before
{Heap before GC invocations=14 (full 3):
 PSYoungGen      total 217600K, used 197120K [0x00000000d5580000, 0x00000000e6f80000, 0x0000000100000000)
  eden space 197120K, 100% used [0x00000000d5580000,0x00000000e1600000,0x00000000e1600000)
  from space 20480K, 0% used [0x00000000e2b80000,0x00000000e2b80000,0x00000000e3f80000)
  to   space 22016K, 0% used [0x00000000e1600000,0x00000000e1600000,0x00000000e2b80000)
 ParOldGen       total 138752K, used 32115K [0x0000000080000000, 0x0000000088780000, 0x00000000d5580000)
  object space 138752K, 23% used [0x0000000080000000,0x0000000081f5cf48,0x0000000088780000)
 Metaspace       used 66860K, capacity 70066K, committed 70232K, reserved 1110016K
  class space    used 9188K, capacity 9803K, committed 9856K, reserved 1048576K
Event: 30.790 GC heap after
Heap after GC invocations=14 (full 3):
 PSYoungGen      total 219136K, used 18555K [0x00000000d5580000, 0x00000000e6e80000, 0x0000000100000000)
  eden space 197120K, 0% used [0x00000000d5580000,0x00000000d5580000,0x00000000e1600000)
  from space 22016K, 84% used [0x00000000e1600000,0x00000000e281ec78,0x00000000e2b80000)
  to   space 23552K, 0% used [0x00000000e5780000,0x00000000e5780000,0x00000000e6e80000)
 ParOldGen       total 138752K, used 32123K [0x0000000080000000, 0x0000000088780000, 0x00000000d5580000)
  object space 138752K, 23% used [0x0000000080000000,0x0000000081f5ef48,0x0000000088780000)
 Metaspace       used 66860K, capacity 70066K, committed 70232K, reserved 1110016K
  class space    used 9188K, capacity 9803K, committed 9856K, reserved 1048576K
}
Event: 40.316 GC heap before
{Heap before GC invocations=15 (full 3):
 PSYoungGen      total 219136K, used 215675K [0x00000000d5580000, 0x00000000e6e80000, 0x0000000100000000)
  eden space 197120K, 100% used [0x00000000d5580000,0x00000000e1600000,0x00000000e1600000)
  from space 22016K, 84% used [0x00000000e1600000,0x00000000e281ec78,0x00000000e2b80000)
  to   space 23552K, 0% used [0x00000000e5780000,0x00000000e5780000,0x00000000e6e80000)
 ParOldGen       total 138752K, used 32123K [0x0000000080000000, 0x0000000088780000, 0x00000000d5580000)
  object space 138752K, 23% used [0x0000000080000000,0x0000000081f5ef48,0x0000000088780000)
 Metaspace       used 73420K, capacity 76858K, committed 77016K, reserved 1116160K
  class space    used 10049K, capacity 10696K, committed 10752K, reserved 1048576K
Event: 40.447 GC heap after
Heap after GC invocations=15 (full 3):
 PSYoungGen      total 258560K, used 23551K [0x00000000d5580000, 0x00000000e7700000, 0x0000000100000000)
  eden space 235008K, 0% used [0x00000000d5580000,0x00000000d5580000,0x00000000e3b00000)
  from space 23552K, 99% used [0x00000000e5780000,0x00000000e6e7fc30,0x00000000e6e80000)
  to   space 29184K, 0% used [0x00000000e3b00000,0x00000000e3b00000,0x00000000e5780000)
 ParOldGen       total 138752K, used 37410K [0x0000000080000000, 0x0000000088780000, 0x00000000d5580000)
  object space 138752K, 26% used [0x0000000080000000,0x0000000082488a38,0x0000000088780000)
 Metaspace       used 73420K, capacity 76858K, committed 77016K, reserved 1116160K
  class space    used 10049K, capacity 10696K, committed 10752K, reserved 1048576K
}

