# JRE version: OpenJDK Runtime Environment (8.0_242-b01) (build 1.8.0_242-release-1644-b01)
# Java VM: OpenJDK 64-Bit Server VM (25.242-b01 mixed mode windows-amd64 compressed oops)
Heap:
 PSYoungGen      total 361472K, used 121012K [0x00000000d5580000, 0x00000000eee00000, 0x0000000100000000)
  eden space 317440K, 28% used [0x00000000d5580000,0x00000000dae35e38,0x00000000e8b80000)
  from space 44032K, 68% used [0x00000000e8b80000,0x00000000ea8f7410,0x00000000eb680000)
  to   space 45568K, 0% used [0x00000000ec180000,0x00000000ec180000,0x00000000eee00000)
 ParOldGen       total 130048K, used 94403K [0x0000000080000000, 0x0000000087f00000, 0x00000000d5580000)
  object space 130048K, 72% used [0x0000000080000000,0x0000000085c30e08,0x0000000087f00000)
 Metaspace       used 82201K, capacity 86494K, committed 87040K, reserved 1124352K
  class space    used 11094K, capacity 11887K, committed 12032K, reserved 1048576K
GC Heap History (10 events):
Event: 106.785 GC heap before
{Heap before GC invocations=37 (full 18):
 PSYoungGen      total 335872K, used 309629K [0x00000000d5580000, 0x00000000ec580000, 0x0000000100000000)
  eden space 299008K, 100% used [0x00000000d5580000,0x00000000e7980000,0x00000000e7980000)
  from space 36864K, 28% used [0x00000000ea180000,0x00000000eabdf788,0x00000000ec580000)
  to   space 38912K, 0% used [0x00000000e7980000,0x00000000e7980000,0x00000000e9f80000)
 ParOldGen       total 130048K, used 94387K [0x0000000080000000, 0x0000000087f00000, 0x00000000d5580000)
  object space 130048K, 72% used [0x0000000080000000,0x0000000085c2ce08,0x0000000087f00000)
 Metaspace       used 82093K, capacity 86342K, committed 86784K, reserved 1124352K
  class space    used 11093K, capacity 11885K, committed 12032K, reserved 1048576K
Event: 106.827 GC heap after
Heap after GC invocations=37 (full 18):
 PSYoungGen      total 337920K, used 20449K [0x00000000d5580000, 0x00000000ed080000, 0x0000000100000000)
  eden space 299008K, 0% used [0x00000000d5580000,0x00000000d5580000,0x00000000e7980000)
  from space 38912K, 52% used [0x00000000e7980000,0x00000000e8d78730,0x00000000e9f80000)
  to   space 38912K, 0% used [0x00000000eaa80000,0x00000000eaa80000,0x00000000ed080000)
 ParOldGen       total 130048K, used 94387K [0x0000000080000000, 0x0000000087f00000, 0x00000000d5580000)
  object space 130048K, 72% used [0x0000000080000000,0x0000000085c2ce08,0x0000000087f00000)
 Metaspace       used 82093K, capacity 86342K, committed 86784K, reserved 1124352K
  class space    used 11093K, capacity 11885K, committed 12032K, reserved 1048576K
}
Event: 108.304 GC heap before
{Heap before GC invocations=38 (full 18):
 PSYoungGen      total 337920K, used 319457K [0x00000000d5580000, 0x00000000ed080000, 0x0000000100000000)
  eden space 299008K, 100% used [0x00000000d5580000,0x00000000e7980000,0x00000000e7980000)
  from space 38912K, 52% used [0x00000000e7980000,0x00000000e8d78730,0x00000000e9f80000)
  to   space 38912K, 0% used [0x00000000eaa80000,0x00000000eaa80000,0x00000000ed080000)
 ParOldGen       total 130048K, used 94387K [0x0000000080000000, 0x0000000087f00000, 0x00000000d5580000)
  object space 130048K, 72% used [0x0000000080000000,0x0000000085c2ce08,0x0000000087f00000)
 Metaspace       used 82147K, capacity 86352K, committed 86784K, reserved 1124352K
  class space    used 11094K, capacity 11886K, committed 12032K, reserved 1048576K
Event: 108.386 GC heap after
Heap after GC invocations=38 (full 18):
 PSYoungGen      total 345600K, used 32012K [0x00000000d5580000, 0x00000000eda00000, 0x0000000100000000)
  eden space 306688K, 0% used [0x00000000d5580000,0x00000000d5580000,0x00000000e8100000)
  from space 38912K, 82% used [0x00000000eaa80000,0x00000000ec9c30c0,0x00000000ed080000)
  to   space 42496K, 0% used [0x00000000e8100000,0x00000000e8100000,0x00000000eaa80000)
 ParOldGen       total 130048K, used 94387K [0x0000000080000000, 0x0000000087f00000, 0x00000000d5580000)
  object space 130048K, 72% used [0x0000000080000000,0x0000000085c2ce08,0x0000000087f00000)
 Metaspace       used 82147K, capacity 86352K, committed 86784K, reserved 1124352K
  class space    used 11094K, capacity 11886K, committed 12032K, reserved 1048576K
}
Event: 112.021 GC heap before
{Heap before GC invocations=39 (full 18):
 PSYoungGen      total 345600K, used 338700K [0x00000000d5580000, 0x00000000eda00000, 0x0000000100000000)
  eden space 306688K, 100% used [0x00000000d5580000,0x00000000e8100000,0x00000000e8100000)
  from space 38912K, 82% used [0x00000000eaa80000,0x00000000ec9c30c0,0x00000000ed080000)
  to   space 42496K, 0% used [0x00000000e8100000,0x00000000e8100000,0x00000000eaa80000)
 ParOldGen       total 130048K, used 94387K [0x0000000080000000, 0x0000000087f00000, 0x00000000d5580000)
  object space 130048K, 72% used [0x0000000080000000,0x0000000085c2ce08,0x0000000087f00000)
 Metaspace       used 82155K, capacity 86356K, committed 86784K, reserved 1124352K
  class space    used 11094K, capacity 11886K, committed 12032K, reserved 1048576K
Event: 112.104 GC heap after
Heap after GC invocations=39 (full 18):
 PSYoungGen      total 349184K, used 27390K [0x00000000d5580000, 0x00000000ee300000, 0x0000000100000000)
  eden space 306688K, 0% used [0x00000000d5580000,0x00000000d5580000,0x00000000e8100000)
  from space 42496K, 64% used [0x00000000e8100000,0x00000000e9bbfaa8,0x00000000eaa80000)
  to   space 43520K, 0% used [0x00000000eb880000,0x00000000eb880000,0x00000000ee300000)
 ParOldGen       total 130048K, used 94387K [0x0000000080000000, 0x0000000087f00000, 0x00000000d5580000)
  object space 130048K, 72% used [0x0000000080000000,0x0000000085c2ce08,0x0000000087f00000)
 Metaspace       used 82155K, capacity 86356K, committed 86784K, reserved 1124352K
  class space    used 11094K, capacity 11886K, committed 12032K, reserved 1048576K
}
Event: 118.953 GC heap before
{Heap before GC invocations=40 (full 18):
 PSYoungGen      total 349184K, used 334078K [0x00000000d5580000, 0x00000000ee300000, 0x0000000100000000)
  eden space 306688K, 100% used [0x00000000d5580000,0x00000000e8100000,0x00000000e8100000)
  from space 42496K, 64% used [0x00000000e8100000,0x00000000e9bbfaa8,0x00000000eaa80000)
  to   space 43520K, 0% used [0x00000000eb880000,0x00000000eb880000,0x00000000ee300000)
 ParOldGen       total 130048K, used 94387K [0x0000000080000000, 0x0000000087f00000, 0x00000000d5580000)
  object space 130048K, 72% used [0x0000000080000000,0x0000000085c2ce08,0x0000000087f00000)
 Metaspace       used 82165K, capacity 86420K, committed 86784K, reserved 1124352K
  class space    used 11094K, capacity 11886K, committed 12032K, reserved 1048576K
Event: 118.991 GC heap after
Heap after GC invocations=40 (full 18):
 PSYoungGen      total 359424K, used 25567K [0x00000000d5580000, 0x00000000ee180000, 0x0000000100000000)
  eden space 317440K, 0% used [0x00000000d5580000,0x00000000d5580000,0x00000000e8b80000)
  from space 41984K, 60% used [0x00000000eb880000,0x00000000ed177dd0,0x00000000ee180000)
  to   space 44032K, 0% used [0x00000000e8b80000,0x00000000e8b80000,0x00000000eb680000)
 ParOldGen       total 130048K, used 94395K [0x0000000080000000, 0x0000000087f00000, 0x00000000d5580000)
  object space 130048K, 72% used [0x0000000080000000,0x0000000085c2ee08,0x0000000087f00000)
 Metaspace       used 82165K, capacity 86420K, committed 86784K, reserved 1124352K
  class space    used 11094K, capacity 11886K, committed 12032K, reserved 1048576K
}
Event: 125.710 GC heap before
{Heap before GC invocations=41 (full 18):
 PSYoungGen      total 359424K, used 343007K [0x00000000d5580000, 0x00000000ee180000, 0x0000000100000000)
  eden space 317440K, 100% used [0x00000000d5580000,0x00000000e8b80000,0x00000000e8b80000)
  from space 41984K, 60% used [0x00000000eb880000,0x00000000ed177dd0,0x00000000ee180000)
  to   space 44032K, 0% used [0x00000000e8b80000,0x00000000e8b80000,0x00000000eb680000)
 ParOldGen       total 130048K, used 94395K [0x0000000080000000, 0x0000000087f00000, 0x00000000d5580000)
  object space 130048K, 72% used [0x0000000080000000,0x0000000085c2ee08,0x0000000087f00000)
 Metaspace       used 82194K, capacity 86488K, committed 87040K, reserved 1124352K
  class space    used 11094K, capacity 11886K, committed 12032K, reserved 1048576K
Event: 125.778 GC heap after
Heap after GC invocations=41 (full 18):
 PSYoungGen      total 361472K, used 30173K [0x00000000d5580000, 0x00000000eee00000, 0x0000000100000000)
  eden space 317440K, 0% used [0x00000000d5580000,0x00000000d5580000,0x00000000e8b80000)
  from space 44032K, 68% used [0x00000000e8b80000,0x00000000ea8f7410,0x00000000eb680000)
  to   space 45568K, 0% used [0x00000000ec180000,0x00000000ec180000,0x00000000eee00000)
 ParOldGen       total 130048K, used 94403K [0x0000000080000000, 0x0000000087f00000, 0x00000000d5580000)
  object space 130048K, 72% used [0x0000000080000000,0x0000000085c30e08,0x0000000087f00000)
 Metaspace       used 82194K, capacity 86488K, committed 87040K, reserved 1124352K
  class space    used 11094K, capacity 11886K, committed 12032K, reserved 1048576K
}

