# JRE version: OpenJDK Runtime Environment (8.0_242-b01) (build 1.8.0_242-release-1644-b01)
# Java VM: OpenJDK 64-Bit Server VM (25.242-b01 mixed mode windows-amd64 compressed oops)
Heap:
 PSYoungGen      total 283136K, used 206795K [0x00000000d5580000, 0x00000000eb180000, 0x0000000100000000)
  eden space 258560K, 78% used [0x00000000d5580000,0x00000000e1c938e0,0x00000000e5200000)
  from space 24576K, 11% used [0x00000000e5200000,0x00000000e54df4c8,0x00000000e6a00000)
  to   space 24576K, 0% used [0x00000000e9980000,0x00000000e9980000,0x00000000eb180000)
 ParOldGen       total 136704K, used 63907K [0x0000000080000000, 0x0000000088580000, 0x00000000d5580000)
  object space 136704K, 46% used [0x0000000080000000,0x0000000083e68cf0,0x0000000088580000)
 Metaspace       used 73232K, capacity 76612K, committed 76800K, reserved 1116160K
  class space    used 9841K, capacity 10462K, committed 10496K, reserved 1048576K
GC Heap History (10 events):
Event: 48.441 GC heap before
{Heap before GC invocations=16 (full 3):
 PSYoungGen      total 189952K, used 174592K [0x00000000d5580000, 0x00000000e2080000, 0x0000000100000000)
  eden space 174592K, 100% used [0x00000000d5580000,0x00000000e0000000,0x00000000e0000000)
  from space 15360K, 0% used [0x00000000e1000000,0x00000000e1000000,0x00000000e1f00000)
  to   space 16384K, 0% used [0x00000000e0000000,0x00000000e0000000,0x00000000e1000000)
 ParOldGen       total 136704K, used 35454K [0x0000000080000000, 0x0000000088580000, 0x00000000d5580000)
  object space 136704K, 25% used [0x0000000080000000,0x000000008229f958,0x0000000088580000)
 Metaspace       used 66711K, capacity 69826K, committed 70016K, reserved 1110016K
  class space    used 9159K, capacity 9755K, committed 9856K, reserved 1048576K
Event: 48.470 GC heap after
Heap after GC invocations=16 (full 3):
 PSYoungGen      total 190976K, used 16354K [0x00000000d5580000, 0x00000000e4780000, 0x0000000100000000)
  eden space 174592K, 0% used [0x00000000d5580000,0x00000000d5580000,0x00000000e0000000)
  from space 16384K, 99% used [0x00000000e0000000,0x00000000e0ff88e0,0x00000000e1000000)
  to   space 18944K, 0% used [0x00000000e3500000,0x00000000e3500000,0x00000000e4780000)
 ParOldGen       total 136704K, used 36930K [0x0000000080000000, 0x0000000088580000, 0x00000000d5580000)
  object space 136704K, 27% used [0x0000000080000000,0x0000000082410bd8,0x0000000088580000)
 Metaspace       used 66711K, capacity 69826K, committed 70016K, reserved 1110016K
  class space    used 9159K, capacity 9755K, committed 9856K, reserved 1048576K
}
Event: 52.535 GC heap before
{Heap before GC invocations=17 (full 3):
 PSYoungGen      total 190976K, used 190946K [0x00000000d5580000, 0x00000000e4780000, 0x0000000100000000)
  eden space 174592K, 100% used [0x00000000d5580000,0x00000000e0000000,0x00000000e0000000)
  from space 16384K, 99% used [0x00000000e0000000,0x00000000e0ff88e0,0x00000000e1000000)
  to   space 18944K, 0% used [0x00000000e3500000,0x00000000e3500000,0x00000000e4780000)
 ParOldGen       total 136704K, used 36930K [0x0000000080000000, 0x0000000088580000, 0x00000000d5580000)
  object space 136704K, 27% used [0x0000000080000000,0x0000000082410bd8,0x0000000088580000)
 Metaspace       used 69351K, capacity 72680K, committed 72832K, reserved 1112064K
  class space    used 9429K, capacity 10059K, committed 10112K, reserved 1048576K
Event: 52.578 GC heap after
Heap after GC invocations=17 (full 3):
 PSYoungGen      total 226816K, used 18013K [0x00000000d5580000, 0x00000000e4a00000, 0x0000000100000000)
  eden space 207872K, 0% used [0x00000000d5580000,0x00000000d5580000,0x00000000e2080000)
  from space 18944K, 95% used [0x00000000e3500000,0x00000000e4697460,0x00000000e4780000)
  to   space 20992K, 0% used [0x00000000e2080000,0x00000000e2080000,0x00000000e3500000)
 ParOldGen       total 136704K, used 47143K [0x0000000080000000, 0x0000000088580000, 0x00000000d5580000)
  object space 136704K, 34% used [0x0000000080000000,0x0000000082e09c68,0x0000000088580000)
 Metaspace       used 69351K, capacity 72680K, committed 72832K, reserved 1112064K
  class space    used 9429K, capacity 10059K, committed 10112K, reserved 1048576K
}
Event: 53.543 GC heap before
{Heap before GC invocations=18 (full 3):
 PSYoungGen      total 226816K, used 225885K [0x00000000d5580000, 0x00000000e4a00000, 0x0000000100000000)
  eden space 207872K, 100% used [0x00000000d5580000,0x00000000e2080000,0x00000000e2080000)
  from space 18944K, 95% used [0x00000000e3500000,0x00000000e4697460,0x00000000e4780000)
  to   space 20992K, 0% used [0x00000000e2080000,0x00000000e2080000,0x00000000e3500000)
 ParOldGen       total 136704K, used 47143K [0x0000000080000000, 0x0000000088580000, 0x00000000d5580000)
  object space 136704K, 34% used [0x0000000080000000,0x0000000082e09c68,0x0000000088580000)
 Metaspace       used 70637K, capacity 73962K, committed 74112K, reserved 1114112K
  class space    used 9603K, capacity 10253K, committed 10368K, reserved 1048576K
Event: 53.579 GC heap after
Heap after GC invocations=18 (full 3):
 PSYoungGen      total 228864K, used 20988K [0x00000000d5580000, 0x00000000e8180000, 0x0000000100000000)
  eden space 207872K, 0% used [0x00000000d5580000,0x00000000d5580000,0x00000000e2080000)
  from space 20992K, 99% used [0x00000000e2080000,0x00000000e34ff1e8,0x00000000e3500000)
  to   space 24064K, 0% used [0x00000000e6a00000,0x00000000e6a00000,0x00000000e8180000)
 ParOldGen       total 136704K, used 48042K [0x0000000080000000, 0x0000000088580000, 0x00000000d5580000)
  object space 136704K, 35% used [0x0000000080000000,0x0000000082eea990,0x0000000088580000)
 Metaspace       used 70637K, capacity 73962K, committed 74112K, reserved 1114112K
  class space    used 9603K, capacity 10253K, committed 10368K, reserved 1048576K
}
Event: 54.716 GC heap before
{Heap before GC invocations=19 (full 3):
 PSYoungGen      total 228864K, used 228648K [0x00000000d5580000, 0x00000000e8180000, 0x0000000100000000)
  eden space 207872K, 99% used [0x00000000d5580000,0x00000000e204b0e0,0x00000000e2080000)
  from space 20992K, 99% used [0x00000000e2080000,0x00000000e34ff1e8,0x00000000e3500000)
  to   space 24064K, 0% used [0x00000000e6a00000,0x00000000e6a00000,0x00000000e8180000)
 ParOldGen       total 136704K, used 48042K [0x0000000080000000, 0x0000000088580000, 0x00000000d5580000)
  object space 136704K, 35% used [0x0000000080000000,0x0000000082eea990,0x0000000088580000)
 Metaspace       used 72623K, capacity 76068K, committed 76288K, reserved 1116160K
  class space    used 9807K, capacity 10418K, committed 10496K, reserved 1048576K
Event: 54.770 GC heap after
Heap after GC invocations=19 (full 3):
 PSYoungGen      total 282624K, used 2942K [0x00000000d5580000, 0x00000000e8c00000, 0x0000000100000000)
  eden space 258560K, 0% used [0x00000000d5580000,0x00000000d5580000,0x00000000e5200000)
  from space 24064K, 12% used [0x00000000e6a00000,0x00000000e6cdfb30,0x00000000e8180000)
  to   space 24576K, 0% used [0x00000000e5200000,0x00000000e5200000,0x00000000e6a00000)
 ParOldGen       total 136704K, used 62484K [0x0000000080000000, 0x0000000088580000, 0x00000000d5580000)
  object space 136704K, 45% used [0x0000000080000000,0x0000000083d05198,0x0000000088580000)
 Metaspace       used 72623K, capacity 76068K, committed 76288K, reserved 1116160K
  class space    used 9807K, capacity 10418K, committed 10496K, reserved 1048576K
}
Event: 55.769 GC heap before
{Heap before GC invocations=20 (full 3):
 PSYoungGen      total 282624K, used 261502K [0x00000000d5580000, 0x00000000e8c00000, 0x0000000100000000)
  eden space 258560K, 100% used [0x00000000d5580000,0x00000000e5200000,0x00000000e5200000)
  from space 24064K, 12% used [0x00000000e6a00000,0x00000000e6cdfb30,0x00000000e8180000)
  to   space 24576K, 0% used [0x00000000e5200000,0x00000000e5200000,0x00000000e6a00000)
 ParOldGen       total 136704K, used 62484K [0x0000000080000000, 0x0000000088580000, 0x00000000d5580000)
  object space 136704K, 45% used [0x0000000080000000,0x0000000083d05198,0x0000000088580000)
 Metaspace       used 72963K, capacity 76294K, committed 76544K, reserved 1116160K
  class space    used 9826K, capacity 10451K, committed 10496K, reserved 1048576K
Event: 55.788 GC heap after
Heap after GC invocations=20 (full 3):
 PSYoungGen      total 283136K, used 2941K [0x00000000d5580000, 0x00000000eb180000, 0x0000000100000000)
  eden space 258560K, 0% used [0x00000000d5580000,0x00000000d5580000,0x00000000e5200000)
  from space 24576K, 11% used [0x00000000e5200000,0x00000000e54df4c8,0x00000000e6a00000)
  to   space 24576K, 0% used [0x00000000e9980000,0x00000000e9980000,0x00000000eb180000)
 ParOldGen       total 136704K, used 63907K [0x0000000080000000, 0x0000000088580000, 0x00000000d5580000)
  object space 136704K, 46% used [0x0000000080000000,0x0000000083e68cf0,0x0000000088580000)
 Metaspace       used 72963K, capacity 76294K, committed 76544K, reserved 1116160K
  class space    used 9826K, capacity 10451K, committed 10496K, reserved 1048576K
}

