# JRE version: OpenJDK Runtime Environment (8.0_242-b01) (build 1.8.0_242-release-1644-b01)
# Java VM: OpenJDK 64-Bit Server VM (25.242-b01 mixed mode windows-amd64 compressed oops)
Heap:
 PSYoungGen      total 124928K, used 16804K [0x00000000d5580000, 0x00000000e0d80000, 0x0000000100000000)
  eden space 113664K, 14% used [0x00000000d5580000,0x00000000d65e9190,0x00000000dc480000)
  from space 11264K, 0% used [0x00000000dc480000,0x00000000dc480000,0x00000000dcf80000)
  to   space 11264K, 0% used [0x00000000e0280000,0x00000000e0280000,0x00000000e0d80000)
 ParOldGen       total 54784K, used 14543K [0x0000000080000000, 0x0000000083580000, 0x00000000d5580000)
  object space 54784K, 26% used [0x0000000080000000,0x0000000080e33d18,0x0000000083580000)
 Metaspace       used 34911K, capacity 36022K, committed 36352K, reserved 1081344K
  class space    used 4795K, capacity 5052K, committed 5120K, reserved 1048576K
GC Heap History (10 events):
Event: 14.895 GC heap before
{Heap before GC invocations=7 (full 1):
 PSYoungGen      total 76800K, used 6940K [0x00000000d5580000, 0x00000000daa80000, 0x0000000100000000)
  eden space 66560K, 0% used [0x00000000d5580000,0x00000000d5580000,0x00000000d9680000)
  from space 10240K, 67% used [0x00000000da080000,0x00000000da7470c8,0x00000000daa80000)
  to   space 10240K, 0% used [0x00000000d9680000,0x00000000d9680000,0x00000000da080000)
 ParOldGen       total 87552K, used 8342K [0x0000000080000000, 0x0000000085580000, 0x00000000d5580000)
  object space 87552K, 9% used [0x0000000080000000,0x0000000080825bc8,0x0000000085580000)
 Metaspace       used 20520K, capacity 21182K, committed 21296K, reserved 1067008K
  class space    used 2934K, capacity 3123K, committed 3200K, reserved 1048576K
Event: 14.992 GC heap after
Heap after GC invocations=7 (full 1):
 PSYoungGen      total 76800K, used 0K [0x00000000d5580000, 0x00000000daa80000, 0x0000000100000000)
  eden space 66560K, 0% used [0x00000000d5580000,0x00000000d5580000,0x00000000d9680000)
  from space 10240K, 0% used [0x00000000da080000,0x00000000da080000,0x00000000daa80000)
  to   space 10240K, 0% used [0x00000000d9680000,0x00000000d9680000,0x00000000da080000)
 ParOldGen       total 54784K, used 7934K [0x0000000080000000, 0x0000000083580000, 0x00000000d5580000)
  object space 54784K, 14% used [0x0000000080000000,0x00000000807bf960,0x0000000083580000)
 Metaspace       used 20520K, capacity 21182K, committed 21296K, reserved 1067008K
  class space    used 2934K, capacity 3123K, committed 3200K, reserved 1048576K
}
Event: 17.033 GC heap before
{Heap before GC invocations=8 (full 1):
 PSYoungGen      total 76800K, used 66560K [0x00000000d5580000, 0x00000000daa80000, 0x0000000100000000)
  eden space 66560K, 100% used [0x00000000d5580000,0x00000000d9680000,0x00000000d9680000)
  from space 10240K, 0% used [0x00000000da080000,0x00000000da080000,0x00000000daa80000)
  to   space 10240K, 0% used [0x00000000d9680000,0x00000000d9680000,0x00000000da080000)
 ParOldGen       total 54784K, used 7934K [0x0000000080000000, 0x0000000083580000, 0x00000000d5580000)
  object space 54784K, 14% used [0x0000000080000000,0x00000000807bf960,0x0000000083580000)
 Metaspace       used 28700K, capacity 29588K, committed 29696K, reserved 1075200K
  class space    used 4037K, capacity 4271K, committed 4352K, reserved 1048576K
Event: 17.047 GC heap after
Heap after GC invocations=8 (full 1):
 PSYoungGen      total 76800K, used 8680K [0x00000000d5580000, 0x00000000dda00000, 0x0000000100000000)
  eden space 66560K, 0% used [0x00000000d5580000,0x00000000d5580000,0x00000000d9680000)
  from space 10240K, 84% used [0x00000000d9680000,0x00000000d9efa270,0x00000000da080000)
  to   space 10752K, 0% used [0x00000000dcf80000,0x00000000dcf80000,0x00000000dda00000)
 ParOldGen       total 54784K, used 7942K [0x0000000080000000, 0x0000000083580000, 0x00000000d5580000)
  object space 54784K, 14% used [0x0000000080000000,0x00000000807c1960,0x0000000083580000)
 Metaspace       used 28700K, capacity 29588K, committed 29696K, reserved 1075200K
  class space    used 4037K, capacity 4271K, committed 4352K, reserved 1048576K
}
Event: 18.298 GC heap before
{Heap before GC invocations=9 (full 1):
 PSYoungGen      total 76800K, used 75240K [0x00000000d5580000, 0x00000000dda00000, 0x0000000100000000)
  eden space 66560K, 100% used [0x00000000d5580000,0x00000000d9680000,0x00000000d9680000)
  from space 10240K, 84% used [0x00000000d9680000,0x00000000d9efa270,0x00000000da080000)
  to   space 10752K, 0% used [0x00000000dcf80000,0x00000000dcf80000,0x00000000dda00000)
 ParOldGen       total 54784K, used 7942K [0x0000000080000000, 0x0000000083580000, 0x00000000d5580000)
  object space 54784K, 14% used [0x0000000080000000,0x00000000807c1960,0x0000000083580000)
 Metaspace       used 33322K, capacity 34412K, committed 34560K, reserved 1079296K
  class space    used 4534K, capacity 4799K, committed 4864K, reserved 1048576K
Event: 18.321 GC heap after
Heap after GC invocations=9 (full 1):
 PSYoungGen      total 124416K, used 9635K [0x00000000d5580000, 0x00000000ddb00000, 0x0000000100000000)
  eden space 113664K, 0% used [0x00000000d5580000,0x00000000d5580000,0x00000000dc480000)
  from space 10752K, 89% used [0x00000000dcf80000,0x00000000dd8e8f48,0x00000000dda00000)
  to   space 11264K, 0% used [0x00000000dc480000,0x00000000dc480000,0x00000000dcf80000)
 ParOldGen       total 54784K, used 7950K [0x0000000080000000, 0x0000000083580000, 0x00000000d5580000)
  object space 54784K, 14% used [0x0000000080000000,0x00000000807c3960,0x0000000083580000)
 Metaspace       used 33322K, capacity 34412K, committed 34560K, reserved 1079296K
  class space    used 4534K, capacity 4799K, committed 4864K, reserved 1048576K
}
Event: 19.003 GC heap before
{Heap before GC invocations=10 (full 1):
 PSYoungGen      total 124416K, used 30590K [0x00000000d5580000, 0x00000000ddb00000, 0x0000000100000000)
  eden space 113664K, 18% used [0x00000000d5580000,0x00000000d69f6bb8,0x00000000dc480000)
  from space 10752K, 89% used [0x00000000dcf80000,0x00000000dd8e8f48,0x00000000dda00000)
  to   space 11264K, 0% used [0x00000000dc480000,0x00000000dc480000,0x00000000dcf80000)
 ParOldGen       total 54784K, used 7950K [0x0000000080000000, 0x0000000083580000, 0x00000000d5580000)
  object space 54784K, 14% used [0x0000000080000000,0x00000000807c3960,0x0000000083580000)
 Metaspace       used 34288K, capacity 35380K, committed 35456K, reserved 1079296K
  class space    used 4683K, capacity 4969K, committed 4992K, reserved 1048576K
Event: 19.027 GC heap after
Heap after GC invocations=10 (full 1):
 PSYoungGen      total 124928K, used 8124K [0x00000000d5580000, 0x00000000e0d80000, 0x0000000100000000)
  eden space 113664K, 0% used [0x00000000d5580000,0x00000000d5580000,0x00000000dc480000)
  from space 11264K, 72% used [0x00000000dc480000,0x00000000dcc6f3f8,0x00000000dcf80000)
  to   space 11264K, 0% used [0x00000000e0280000,0x00000000e0280000,0x00000000e0d80000)
 ParOldGen       total 54784K, used 7950K [0x0000000080000000, 0x0000000083580000, 0x00000000d5580000)
  object space 54784K, 14% used [0x0000000080000000,0x00000000807c3960,0x0000000083580000)
 Metaspace       used 34288K, capacity 35380K, committed 35456K, reserved 1079296K
  class space    used 4683K, capacity 4969K, committed 4992K, reserved 1048576K
}
Event: 19.027 GC heap before
{Heap before GC invocations=11 (full 2):
 PSYoungGen      total 124928K, used 8124K [0x00000000d5580000, 0x00000000e0d80000, 0x0000000100000000)
  eden space 113664K, 0% used [0x00000000d5580000,0x00000000d5580000,0x00000000dc480000)
  from space 11264K, 72% used [0x00000000dc480000,0x00000000dcc6f3f8,0x00000000dcf80000)
  to   space 11264K, 0% used [0x00000000e0280000,0x00000000e0280000,0x00000000e0d80000)
 ParOldGen       total 54784K, used 7950K [0x0000000080000000, 0x0000000083580000, 0x00000000d5580000)
  object space 54784K, 14% used [0x0000000080000000,0x00000000807c3960,0x0000000083580000)
 Metaspace       used 34288K, capacity 35380K, committed 35456K, reserved 1079296K
  class space    used 4683K, capacity 4969K, committed 4992K, reserved 1048576K
Event: 19.201 GC heap after
Heap after GC invocations=11 (full 2):
 PSYoungGen      total 124928K, used 0K [0x00000000d5580000, 0x00000000e0d80000, 0x0000000100000000)
  eden space 113664K, 0% used [0x00000000d5580000,0x00000000d5580000,0x00000000dc480000)
  from space 11264K, 0% used [0x00000000dc480000,0x00000000dc480000,0x00000000dcf80000)
  to   space 11264K, 0% used [0x00000000e0280000,0x00000000e0280000,0x00000000e0d80000)
 ParOldGen       total 54784K, used 14543K [0x0000000080000000, 0x0000000083580000, 0x00000000d5580000)
  object space 54784K, 26% used [0x0000000080000000,0x0000000080e33d18,0x0000000083580000)
 Metaspace       used 34288K, capacity 35380K, committed 35456K, reserved 1079296K
  class space    used 4683K, capacity 4969K, committed 4992K, reserved 1048576K
}

