# JRE version: OpenJDK Runtime Environment (8.0_242-b01) (build 1.8.0_242-release-1644-b01)
# Java VM: OpenJDK 64-Bit Server VM (25.242-b01 mixed mode windows-amd64 compressed oops)
Heap:
 PSYoungGen      total 228352K, used 158248K [0x00000000d5580000, 0x00000000e6080000, 0x0000000100000000)
  eden space 195072K, 72% used [0x00000000d5580000,0x00000000dded4718,0x00000000e1400000)
  from space 33280K, 52% used [0x00000000e1400000,0x00000000e2535b40,0x00000000e3480000)
  to   space 34816K, 0% used [0x00000000e3480000,0x00000000e3480000,0x00000000e5680000)
 ParOldGen       total 133632K, used 83217K [0x0000000080000000, 0x0000000088280000, 0x00000000d5580000)
  object space 133632K, 62% used [0x0000000080000000,0x00000000851444f0,0x0000000088280000)
 Metaspace       used 94494K, capacity 99542K, committed 99788K, reserved 1136640K
  class space    used 12529K, capacity 13513K, committed 13516K, reserved 1048576K
GC Heap History (10 events):
Event: 125.170 GC heap before
{Heap before GC invocations=22 (full 3):
 PSYoungGen      total 173568K, used 173541K [0x00000000d5580000, 0x00000000e2280000, 0x0000000100000000)
  eden space 154624K, 100% used [0x00000000d5580000,0x00000000dec80000,0x00000000dec80000)
  from space 18944K, 99% used [0x00000000e0500000,0x00000000e1779448,0x00000000e1780000)
  to   space 25088K, 0% used [0x00000000dec80000,0x00000000dec80000,0x00000000e0500000)
 ParOldGen       total 133632K, used 47273K [0x0000000080000000, 0x0000000088280000, 0x00000000d5580000)
  object space 133632K, 35% used [0x0000000080000000,0x0000000082e2a6f0,0x0000000088280000)
 Metaspace       used 84494K, capacity 89058K, committed 89292K, reserved 1126400K
  class space    used 11552K, capacity 12443K, committed 12492K, reserved 1048576K
Event: 125.535 GC heap after
Heap after GC invocations=22 (full 3):
 PSYoungGen      total 179712K, used 16633K [0x00000000d5580000, 0x00000000e3580000, 0x0000000100000000)
  eden space 154624K, 0% used [0x00000000d5580000,0x00000000d5580000,0x00000000dec80000)
  from space 25088K, 66% used [0x00000000dec80000,0x00000000dfcbe658,0x00000000e0500000)
  to   space 25600K, 0% used [0x00000000e1c80000,0x00000000e1c80000,0x00000000e3580000)
 ParOldGen       total 133632K, used 61053K [0x0000000080000000, 0x0000000088280000, 0x00000000d5580000)
  object space 133632K, 45% used [0x0000000080000000,0x0000000083b9f750,0x0000000088280000)
 Metaspace       used 84494K, capacity 89058K, committed 89292K, reserved 1126400K
  class space    used 11552K, capacity 12443K, committed 12492K, reserved 1048576K
}
Event: 440.668 GC heap before
{Heap before GC invocations=23 (full 3):
 PSYoungGen      total 179712K, used 171257K [0x00000000d5580000, 0x00000000e3580000, 0x0000000100000000)
  eden space 154624K, 100% used [0x00000000d5580000,0x00000000dec80000,0x00000000dec80000)
  from space 25088K, 66% used [0x00000000dec80000,0x00000000dfcbe658,0x00000000e0500000)
  to   space 25600K, 0% used [0x00000000e1c80000,0x00000000e1c80000,0x00000000e3580000)
 ParOldGen       total 133632K, used 61053K [0x0000000080000000, 0x0000000088280000, 0x00000000d5580000)
  object space 133632K, 45% used [0x0000000080000000,0x0000000083b9f750,0x0000000088280000)
 Metaspace       used 88859K, capacity 93602K, committed 93772K, reserved 1130496K
  class space    used 11897K, capacity 12847K, committed 12876K, reserved 1048576K
Event: 440.789 GC heap after
Heap after GC invocations=23 (full 3):
 PSYoungGen      total 200192K, used 24817K [0x00000000d5580000, 0x00000000e3900000, 0x0000000100000000)
  eden space 174592K, 0% used [0x00000000d5580000,0x00000000d5580000,0x00000000e0000000)
  from space 25600K, 96% used [0x00000000e1c80000,0x00000000e34bc468,0x00000000e3580000)
  to   space 29184K, 0% used [0x00000000e0000000,0x00000000e0000000,0x00000000e1c80000)
 ParOldGen       total 133632K, used 61061K [0x0000000080000000, 0x0000000088280000, 0x00000000d5580000)
  object space 133632K, 45% used [0x0000000080000000,0x0000000083ba1750,0x0000000088280000)
 Metaspace       used 88859K, capacity 93602K, committed 93772K, reserved 1130496K
  class space    used 11897K, capacity 12847K, committed 12876K, reserved 1048576K
}
Event: 536.892 GC heap before
{Heap before GC invocations=24 (full 3):
 PSYoungGen      total 200192K, used 199409K [0x00000000d5580000, 0x00000000e3900000, 0x0000000100000000)
  eden space 174592K, 100% used [0x00000000d5580000,0x00000000e0000000,0x00000000e0000000)
  from space 25600K, 96% used [0x00000000e1c80000,0x00000000e34bc468,0x00000000e3580000)
  to   space 29184K, 0% used [0x00000000e0000000,0x00000000e0000000,0x00000000e1c80000)
 ParOldGen       total 133632K, used 61061K [0x0000000080000000, 0x0000000088280000, 0x00000000d5580000)
  object space 133632K, 45% used [0x0000000080000000,0x0000000083ba1750,0x0000000088280000)
 Metaspace       used 93349K, capacity 98326K, committed 98508K, reserved 1134592K
  class space    used 12439K, capacity 13435K, committed 13516K, reserved 1048576K
Event: 537.028 GC heap after
Heap after GC invocations=24 (full 3):
 PSYoungGen      total 203776K, used 29183K [0x00000000d5580000, 0x00000000e5680000, 0x0000000100000000)
  eden space 174592K, 0% used [0x00000000d5580000,0x00000000d5580000,0x00000000e0000000)
  from space 29184K, 99% used [0x00000000e0000000,0x00000000e1c7fc38,0x00000000e1c80000)
  to   space 34816K, 0% used [0x00000000e3480000,0x00000000e3480000,0x00000000e5680000)
 ParOldGen       total 133632K, used 64095K [0x0000000080000000, 0x0000000088280000, 0x00000000d5580000)
  object space 133632K, 47% used [0x0000000080000000,0x0000000083e97f90,0x0000000088280000)
 Metaspace       used 93349K, capacity 98326K, committed 98508K, reserved 1134592K
  class space    used 12439K, capacity 13435K, committed 13516K, reserved 1048576K
}
Event: 539.170 GC heap before
{Heap before GC invocations=25 (full 3):
 PSYoungGen      total 203776K, used 203775K [0x00000000d5580000, 0x00000000e5680000, 0x0000000100000000)
  eden space 174592K, 100% used [0x00000000d5580000,0x00000000e0000000,0x00000000e0000000)
  from space 29184K, 99% used [0x00000000e0000000,0x00000000e1c7fc38,0x00000000e1c80000)
  to   space 34816K, 0% used [0x00000000e3480000,0x00000000e3480000,0x00000000e5680000)
 ParOldGen       total 133632K, used 64095K [0x0000000080000000, 0x0000000088280000, 0x00000000d5580000)
  object space 133632K, 47% used [0x0000000080000000,0x0000000083e97f90,0x0000000088280000)
 Metaspace       used 93914K, capacity 98872K, committed 99020K, reserved 1134592K
  class space    used 12469K, capacity 13468K, committed 13516K, reserved 1048576K
Event: 539.299 GC heap after
Heap after GC invocations=25 (full 3):
 PSYoungGen      total 229888K, used 12716K [0x00000000d5580000, 0x00000000e6080000, 0x0000000100000000)
  eden space 195072K, 0% used [0x00000000d5580000,0x00000000d5580000,0x00000000e1400000)
  from space 34816K, 36% used [0x00000000e3480000,0x00000000e40eb0a0,0x00000000e5680000)
  to   space 33280K, 0% used [0x00000000e1400000,0x00000000e1400000,0x00000000e3480000)
 ParOldGen       total 133632K, used 83209K [0x0000000080000000, 0x0000000088280000, 0x00000000d5580000)
  object space 133632K, 62% used [0x0000000080000000,0x00000000851424f0,0x0000000088280000)
 Metaspace       used 93914K, capacity 98872K, committed 99020K, reserved 1134592K
  class space    used 12469K, capacity 13468K, committed 13516K, reserved 1048576K
}
Event: 541.129 GC heap before
{Heap before GC invocations=26 (full 3):
 PSYoungGen      total 229888K, used 207788K [0x00000000d5580000, 0x00000000e6080000, 0x0000000100000000)
  eden space 195072K, 100% used [0x00000000d5580000,0x00000000e1400000,0x00000000e1400000)
  from space 34816K, 36% used [0x00000000e3480000,0x00000000e40eb0a0,0x00000000e5680000)
  to   space 33280K, 0% used [0x00000000e1400000,0x00000000e1400000,0x00000000e3480000)
 ParOldGen       total 133632K, used 83209K [0x0000000080000000, 0x0000000088280000, 0x00000000d5580000)
  object space 133632K, 62% used [0x0000000080000000,0x00000000851424f0,0x0000000088280000)
 Metaspace       used 94488K, capacity 99542K, committed 99788K, reserved 1136640K
  class space    used 12529K, capacity 13513K, committed 13516K, reserved 1048576K
Event: 541.167 GC heap after
Heap after GC invocations=26 (full 3):
 PSYoungGen      total 228352K, used 17622K [0x00000000d5580000, 0x00000000e6080000, 0x0000000100000000)
  eden space 195072K, 0% used [0x00000000d5580000,0x00000000d5580000,0x00000000e1400000)
  from space 33280K, 52% used [0x00000000e1400000,0x00000000e2535b40,0x00000000e3480000)
  to   space 34816K, 0% used [0x00000000e3480000,0x00000000e3480000,0x00000000e5680000)
 ParOldGen       total 133632K, used 83217K [0x0000000080000000, 0x0000000088280000, 0x00000000d5580000)
  object space 133632K, 62% used [0x0000000080000000,0x00000000851444f0,0x0000000088280000)
 Metaspace       used 94488K, capacity 99542K, committed 99788K, reserved 1136640K
  class space    used 12529K, capacity 13513K, committed 13516K, reserved 1048576K
}

