# JRE version: OpenJDK Runtime Environment (8.0_242-b01) (build 1.8.0_242-release-1644-b01)
# Java VM: OpenJDK 64-Bit Server VM (25.242-b01 mixed mode windows-amd64 compressed oops)
Heap:
 PSYoungGen      total 98816K, used 24853K [0x00000000d5e00000, 0x00000000df180000, 0x0000000100000000)
  eden space 80384K, 8% used [0x00000000d5e00000,0x00000000d64484a0,0x00000000dac80000)
  from space 18432K, 99% used [0x00000000ddf80000,0x00000000df17d0c8,0x00000000df180000)
  to   space 15360K, 0% used [0x00000000dac80000,0x00000000dac80000,0x00000000dbb80000)
 ParOldGen       total 117248K, used 31779K [0x0000000081a00000, 0x0000000088c80000, 0x00000000d5e00000)
  object space 117248K, 27% used [0x0000000081a00000,0x0000000083908dc8,0x0000000088c80000)
 Metaspace       used 50026K, capacity 51000K, committed 51112K, reserved 1093632K
  class space    used 6274K, capacity 6557K, committed 6576K, reserved 1048576K
GC Heap History (10 events):
Event: 10.471 GC heap before
{Heap before GC invocations=6 (full 1):
 PSYoungGen      total 54784K, used 54779K [0x00000000d5e00000, 0x00000000da900000, 0x0000000100000000)
  eden space 49664K, 100% used [0x00000000d5e00000,0x00000000d8e80000,0x00000000d8e80000)
  from space 5120K, 99% used [0x00000000da400000,0x00000000da8fee90,0x00000000da900000)
  to   space 5120K, 0% used [0x00000000d9f00000,0x00000000d9f00000,0x00000000da400000)
 ParOldGen       total 66048K, used 11423K [0x0000000081a00000, 0x0000000085a80000, 0x00000000d5e00000)
  object space 66048K, 17% used [0x0000000081a00000,0x0000000082527d78,0x0000000085a80000)
 Metaspace       used 32102K, capacity 32587K, committed 32944K, reserved 1077248K
  class space    used 4023K, capacity 4181K, committed 4272K, reserved 1048576K
Event: 10.536 GC heap after
Heap after GC invocations=6 (full 1):
 PSYoungGen      total 71680K, used 5091K [0x00000000d5e00000, 0x00000000dcb00000, 0x0000000100000000)
  eden space 66560K, 0% used [0x00000000d5e00000,0x00000000d5e00000,0x00000000d9f00000)
  from space 5120K, 99% used [0x00000000d9f00000,0x00000000da3f8c60,0x00000000da400000)
  to   space 15872K, 0% used [0x00000000dbb80000,0x00000000dbb80000,0x00000000dcb00000)
 ParOldGen       total 66048K, used 22825K [0x0000000081a00000, 0x0000000085a80000, 0x00000000d5e00000)
  object space 66048K, 34% used [0x0000000081a00000,0x000000008304a700,0x0000000085a80000)
 Metaspace       used 32102K, capacity 32587K, committed 32944K, reserved 1077248K
  class space    used 4023K, capacity 4181K, committed 4272K, reserved 1048576K
}
Event: 11.164 GC heap before
{Heap before GC invocations=7 (full 1):
 PSYoungGen      total 71680K, used 15642K [0x00000000d5e00000, 0x00000000dcb00000, 0x0000000100000000)
  eden space 66560K, 15% used [0x00000000d5e00000,0x00000000d684dd80,0x00000000d9f00000)
  from space 5120K, 99% used [0x00000000d9f00000,0x00000000da3f8c60,0x00000000da400000)
  to   space 15872K, 0% used [0x00000000dbb80000,0x00000000dbb80000,0x00000000dcb00000)
 ParOldGen       total 66048K, used 22825K [0x0000000081a00000, 0x0000000085a80000, 0x00000000d5e00000)
  object space 66048K, 34% used [0x0000000081a00000,0x000000008304a700,0x0000000085a80000)
 Metaspace       used 34784K, capacity 35280K, committed 35496K, reserved 1081344K
  class space    used 4372K, capacity 4515K, committed 4528K, reserved 1048576K
Event: 11.188 GC heap after
Heap after GC invocations=7 (full 1):
 PSYoungGen      total 96256K, used 8421K [0x00000000d5e00000, 0x00000000de780000, 0x0000000100000000)
  eden space 80384K, 0% used [0x00000000d5e00000,0x00000000d5e00000,0x00000000dac80000)
  from space 15872K, 53% used [0x00000000dbb80000,0x00000000dc3b96a0,0x00000000dcb00000)
  to   space 15360K, 0% used [0x00000000dac80000,0x00000000dac80000,0x00000000dbb80000)
 ParOldGen       total 66048K, used 22833K [0x0000000081a00000, 0x0000000085a80000, 0x00000000d5e00000)
  object space 66048K, 34% used [0x0000000081a00000,0x000000008304c700,0x0000000085a80000)
 Metaspace       used 34784K, capacity 35280K, committed 35496K, reserved 1081344K
  class space    used 4372K, capacity 4515K, committed 4528K, reserved 1048576K
}
Event: 11.188 GC heap before
{Heap before GC invocations=8 (full 2):
 PSYoungGen      total 96256K, used 8421K [0x00000000d5e00000, 0x00000000de780000, 0x0000000100000000)
  eden space 80384K, 0% used [0x00000000d5e00000,0x00000000d5e00000,0x00000000dac80000)
  from space 15872K, 53% used [0x00000000dbb80000,0x00000000dc3b96a0,0x00000000dcb00000)
  to   space 15360K, 0% used [0x00000000dac80000,0x00000000dac80000,0x00000000dbb80000)
 ParOldGen       total 66048K, used 22833K [0x0000000081a00000, 0x0000000085a80000, 0x00000000d5e00000)
  object space 66048K, 34% used [0x0000000081a00000,0x000000008304c700,0x0000000085a80000)
 Metaspace       used 34784K, capacity 35280K, committed 35496K, reserved 1081344K
  class space    used 4372K, capacity 4515K, committed 4528K, reserved 1048576K
Event: 11.395 GC heap after
Heap after GC invocations=8 (full 2):
 PSYoungGen      total 96256K, used 0K [0x00000000d5e00000, 0x00000000de780000, 0x0000000100000000)
  eden space 80384K, 0% used [0x00000000d5e00000,0x00000000d5e00000,0x00000000dac80000)
  from space 15872K, 0% used [0x00000000dbb80000,0x00000000dbb80000,0x00000000dcb00000)
  to   space 15360K, 0% used [0x00000000dac80000,0x00000000dac80000,0x00000000dbb80000)
 ParOldGen       total 117248K, used 24852K [0x0000000081a00000, 0x0000000088c80000, 0x00000000d5e00000)
  object space 117248K, 21% used [0x0000000081a00000,0x0000000083245020,0x0000000088c80000)
 Metaspace       used 34784K, capacity 35280K, committed 35496K, reserved 1081344K
  class space    used 4372K, capacity 4515K, committed 4528K, reserved 1048576K
}
Event: 14.271 GC heap before
{Heap before GC invocations=9 (full 2):
 PSYoungGen      total 96256K, used 80384K [0x00000000d5e00000, 0x00000000de780000, 0x0000000100000000)
  eden space 80384K, 100% used [0x00000000d5e00000,0x00000000dac80000,0x00000000dac80000)
  from space 15872K, 0% used [0x00000000dbb80000,0x00000000dbb80000,0x00000000dcb00000)
  to   space 15360K, 0% used [0x00000000dac80000,0x00000000dac80000,0x00000000dbb80000)
 ParOldGen       total 117248K, used 24852K [0x0000000081a00000, 0x0000000088c80000, 0x00000000d5e00000)
  object space 117248K, 21% used [0x0000000081a00000,0x0000000083245020,0x0000000088c80000)
 Metaspace       used 43438K, capacity 44196K, committed 44456K, reserved 1087488K
  class space    used 5462K, capacity 5691K, committed 5808K, reserved 1048576K
Event: 14.339 GC heap after
Heap after GC invocations=9 (full 2):
 PSYoungGen      total 95744K, used 15330K [0x00000000d5e00000, 0x00000000df180000, 0x0000000100000000)
  eden space 80384K, 0% used [0x00000000d5e00000,0x00000000d5e00000,0x00000000dac80000)
  from space 15360K, 99% used [0x00000000dac80000,0x00000000dbb78830,0x00000000dbb80000)
  to   space 18432K, 0% used [0x00000000ddf80000,0x00000000ddf80000,0x00000000df180000)
 ParOldGen       total 117248K, used 26410K [0x0000000081a00000, 0x0000000088c80000, 0x00000000d5e00000)
  object space 117248K, 22% used [0x0000000081a00000,0x00000000833ca930,0x0000000088c80000)
 Metaspace       used 43438K, capacity 44196K, committed 44456K, reserved 1087488K
  class space    used 5462K, capacity 5691K, committed 5808K, reserved 1048576K
}
Event: 20.905 GC heap before
{Heap before GC invocations=10 (full 2):
 PSYoungGen      total 95744K, used 95714K [0x00000000d5e00000, 0x00000000df180000, 0x0000000100000000)
  eden space 80384K, 100% used [0x00000000d5e00000,0x00000000dac80000,0x00000000dac80000)
  from space 15360K, 99% used [0x00000000dac80000,0x00000000dbb78830,0x00000000dbb80000)
  to   space 18432K, 0% used [0x00000000ddf80000,0x00000000ddf80000,0x00000000df180000)
 ParOldGen       total 117248K, used 26410K [0x0000000081a00000, 0x0000000088c80000, 0x00000000d5e00000)
  object space 117248K, 22% used [0x0000000081a00000,0x00000000833ca930,0x0000000088c80000)
 Metaspace       used 48832K, capacity 49746K, committed 50216K, reserved 1093632K
  class space    used 6055K, capacity 6324K, committed 6448K, reserved 1048576K
Event: 21.084 GC heap after
Heap after GC invocations=10 (full 2):
 PSYoungGen      total 98816K, used 18420K [0x00000000d5e00000, 0x00000000df180000, 0x0000000100000000)
  eden space 80384K, 0% used [0x00000000d5e00000,0x00000000d5e00000,0x00000000dac80000)
  from space 18432K, 99% used [0x00000000ddf80000,0x00000000df17d0c8,0x00000000df180000)
  to   space 15360K, 0% used [0x00000000dac80000,0x00000000dac80000,0x00000000dbb80000)
 ParOldGen       total 117248K, used 31779K [0x0000000081a00000, 0x0000000088c80000, 0x00000000d5e00000)
  object space 117248K, 27% used [0x0000000081a00000,0x0000000083908dc8,0x0000000088c80000)
 Metaspace       used 48832K, capacity 49746K, committed 50216K, reserved 1093632K
  class space    used 6055K, capacity 6324K, committed 6448K, reserved 1048576K
}

