# JRE version: OpenJDK Runtime Environment (8.0_242-b01) (build 1.8.0_242-release-1644-b01)
# Java VM: OpenJDK 64-Bit Server VM (25.242-b01 mixed mode windows-amd64 compressed oops)
Heap:
 PSYoungGen      total 212480K, used 27400K [0x00000000d5580000, 0x00000000e5280000, 0x0000000100000000)
  eden space 196096K, 13% used [0x00000000d5580000,0x00000000d7042238,0x00000000e1500000)
  from space 16384K, 0% used [0x00000000e2480000,0x00000000e2480000,0x00000000e3480000)
  to   space 15872K, 0% used [0x00000000e1500000,0x00000000e1500000,0x00000000e2480000)
 ParOldGen       total 79360K, used 32981K [0x0000000080000000, 0x0000000084d80000, 0x00000000d5580000)
  object space 79360K, 41% used [0x0000000080000000,0x0000000082035720,0x0000000084d80000)
 Metaspace       used 58169K, capacity 60556K, committed 60632K, reserved 1101824K
  class space    used 7931K, capacity 8412K, committed 8448K, reserved 1048576K
GC Heap History (10 events):
Event: 18.627 GC heap before
{Heap before GC invocations=11 (full 2):
 PSYoungGen      total 125952K, used 8175K [0x00000000d5580000, 0x00000000e1380000, 0x0000000100000000)
  eden space 114688K, 0% used [0x00000000d5580000,0x00000000d5580000,0x00000000dc580000)
  from space 11264K, 72% used [0x00000000dc580000,0x00000000dcd7bff0,0x00000000dd080000)
  to   space 11264K, 0% used [0x00000000e0880000,0x00000000e0880000,0x00000000e1380000)
 ParOldGen       total 54272K, used 7937K [0x0000000080000000, 0x0000000083500000, 0x00000000d5580000)
  object space 54272K, 14% used [0x0000000080000000,0x00000000807c0638,0x0000000083500000)
 Metaspace       used 34273K, capacity 35370K, committed 35456K, reserved 1079296K
  class space    used 4678K, capacity 4966K, committed 4992K, reserved 1048576K
Event: 18.771 GC heap after
Heap after GC invocations=11 (full 2):
 PSYoungGen      total 125952K, used 0K [0x00000000d5580000, 0x00000000e1380000, 0x0000000100000000)
  eden space 114688K, 0% used [0x00000000d5580000,0x00000000d5580000,0x00000000dc580000)
  from space 11264K, 0% used [0x00000000dc580000,0x00000000dc580000,0x00000000dd080000)
  to   space 11264K, 0% used [0x00000000e0880000,0x00000000e0880000,0x00000000e1380000)
 ParOldGen       total 79360K, used 14659K [0x0000000080000000, 0x0000000084d80000, 0x00000000d5580000)
  object space 79360K, 18% used [0x0000000080000000,0x0000000080e50f40,0x0000000084d80000)
 Metaspace       used 34273K, capacity 35370K, committed 35456K, reserved 1079296K
  class space    used 4678K, capacity 4966K, committed 4992K, reserved 1048576K
}
Event: 20.242 GC heap before
{Heap before GC invocations=12 (full 2):
 PSYoungGen      total 125952K, used 114688K [0x00000000d5580000, 0x00000000e1380000, 0x0000000100000000)
  eden space 114688K, 100% used [0x00000000d5580000,0x00000000dc580000,0x00000000dc580000)
  from space 11264K, 0% used [0x00000000dc580000,0x00000000dc580000,0x00000000dd080000)
  to   space 11264K, 0% used [0x00000000e0880000,0x00000000e0880000,0x00000000e1380000)
 ParOldGen       total 79360K, used 14659K [0x0000000080000000, 0x0000000084d80000, 0x00000000d5580000)
  object space 79360K, 18% used [0x0000000080000000,0x0000000080e50f40,0x0000000084d80000)
 Metaspace       used 37498K, capacity 39044K, committed 39296K, reserved 1083392K
  class space    used 5133K, capacity 5429K, committed 5504K, reserved 1048576K
Event: 20.260 GC heap after
Heap after GC invocations=12 (full 2):
 PSYoungGen      total 158208K, used 7192K [0x00000000d5580000, 0x00000000e1000000, 0x0000000100000000)
  eden space 150528K, 0% used [0x00000000d5580000,0x00000000d5580000,0x00000000de880000)
  from space 7680K, 93% used [0x00000000e0880000,0x00000000e0f860e0,0x00000000e1000000)
  to   space 11264K, 0% used [0x00000000dfa00000,0x00000000dfa00000,0x00000000e0500000)
 ParOldGen       total 79360K, used 14667K [0x0000000080000000, 0x0000000084d80000, 0x00000000d5580000)
  object space 79360K, 18% used [0x0000000080000000,0x0000000080e52f40,0x0000000084d80000)
 Metaspace       used 37498K, capacity 39044K, committed 39296K, reserved 1083392K
  class space    used 5133K, capacity 5429K, committed 5504K, reserved 1048576K
}
Event: 26.948 GC heap before
{Heap before GC invocations=13 (full 2):
 PSYoungGen      total 158208K, used 157720K [0x00000000d5580000, 0x00000000e1000000, 0x0000000100000000)
  eden space 150528K, 100% used [0x00000000d5580000,0x00000000de880000,0x00000000de880000)
  from space 7680K, 93% used [0x00000000e0880000,0x00000000e0f860e0,0x00000000e1000000)
  to   space 11264K, 0% used [0x00000000dfa00000,0x00000000dfa00000,0x00000000e0500000)
 ParOldGen       total 79360K, used 14667K [0x0000000080000000, 0x0000000084d80000, 0x00000000d5580000)
  object space 79360K, 18% used [0x0000000080000000,0x0000000080e52f40,0x0000000084d80000)
 Metaspace       used 52417K, capacity 54450K, committed 54528K, reserved 1095680K
  class space    used 6976K, capacity 7406K, committed 7424K, reserved 1048576K
Event: 27.060 GC heap after
Heap after GC invocations=13 (full 2):
 PSYoungGen      total 179712K, used 11252K [0x00000000d5580000, 0x00000000e3480000, 0x0000000100000000)
  eden space 168448K, 0% used [0x00000000d5580000,0x00000000d5580000,0x00000000dfa00000)
  from space 11264K, 99% used [0x00000000dfa00000,0x00000000e04fd320,0x00000000e0500000)
  to   space 16384K, 0% used [0x00000000e2480000,0x00000000e2480000,0x00000000e3480000)
 ParOldGen       total 79360K, used 26595K [0x0000000080000000, 0x0000000084d80000, 0x00000000d5580000)
  object space 79360K, 33% used [0x0000000080000000,0x00000000819f8c80,0x0000000084d80000)
 Metaspace       used 52417K, capacity 54450K, committed 54528K, reserved 1095680K
  class space    used 6976K, capacity 7406K, committed 7424K, reserved 1048576K
}
Event: 29.307 GC heap before
{Heap before GC invocations=14 (full 2):
 PSYoungGen      total 179712K, used 71469K [0x00000000d5580000, 0x00000000e3480000, 0x0000000100000000)
  eden space 168448K, 35% used [0x00000000d5580000,0x00000000d904e2e0,0x00000000dfa00000)
  from space 11264K, 99% used [0x00000000dfa00000,0x00000000e04fd320,0x00000000e0500000)
  to   space 16384K, 0% used [0x00000000e2480000,0x00000000e2480000,0x00000000e3480000)
 ParOldGen       total 79360K, used 26595K [0x0000000080000000, 0x0000000084d80000, 0x00000000d5580000)
  object space 79360K, 33% used [0x0000000080000000,0x00000000819f8c80,0x0000000084d80000)
 Metaspace       used 56697K, capacity 59042K, committed 59096K, reserved 1099776K
  class space    used 7689K, capacity 8173K, committed 8192K, reserved 1048576K
Event: 29.441 GC heap after
Heap after GC invocations=14 (full 2):
 PSYoungGen      total 212480K, used 8156K [0x00000000d5580000, 0x00000000e5280000, 0x0000000100000000)
  eden space 196096K, 0% used [0x00000000d5580000,0x00000000d5580000,0x00000000e1500000)
  from space 16384K, 49% used [0x00000000e2480000,0x00000000e2c772e8,0x00000000e3480000)
  to   space 15872K, 0% used [0x00000000e1500000,0x00000000e1500000,0x00000000e2480000)
 ParOldGen       total 79360K, used 37679K [0x0000000080000000, 0x0000000084d80000, 0x00000000d5580000)
  object space 79360K, 47% used [0x0000000080000000,0x00000000824cbf48,0x0000000084d80000)
 Metaspace       used 56697K, capacity 59042K, committed 59096K, reserved 1099776K
  class space    used 7689K, capacity 8173K, committed 8192K, reserved 1048576K
}
Event: 29.441 GC heap before
{Heap before GC invocations=15 (full 3):
 PSYoungGen      total 212480K, used 8156K [0x00000000d5580000, 0x00000000e5280000, 0x0000000100000000)
  eden space 196096K, 0% used [0x00000000d5580000,0x00000000d5580000,0x00000000e1500000)
  from space 16384K, 49% used [0x00000000e2480000,0x00000000e2c772e8,0x00000000e3480000)
  to   space 15872K, 0% used [0x00000000e1500000,0x00000000e1500000,0x00000000e2480000)
 ParOldGen       total 79360K, used 37679K [0x0000000080000000, 0x0000000084d80000, 0x00000000d5580000)
  object space 79360K, 47% used [0x0000000080000000,0x00000000824cbf48,0x0000000084d80000)
 Metaspace       used 56697K, capacity 59042K, committed 59096K, reserved 1099776K
  class space    used 7689K, capacity 8173K, committed 8192K, reserved 1048576K
Event: 30.513 GC heap after
Heap after GC invocations=15 (full 3):
 PSYoungGen      total 212480K, used 0K [0x00000000d5580000, 0x00000000e5280000, 0x0000000100000000)
  eden space 196096K, 0% used [0x00000000d5580000,0x00000000d5580000,0x00000000e1500000)
  from space 16384K, 0% used [0x00000000e2480000,0x00000000e2480000,0x00000000e3480000)
  to   space 15872K, 0% used [0x00000000e1500000,0x00000000e1500000,0x00000000e2480000)
 ParOldGen       total 79360K, used 32981K [0x0000000080000000, 0x0000000084d80000, 0x00000000d5580000)
  object space 79360K, 41% used [0x0000000080000000,0x0000000082035720,0x0000000084d80000)
 Metaspace       used 56692K, capacity 59024K, committed 59096K, reserved 1099776K
  class space    used 7688K, capacity 8170K, committed 8192K, reserved 1048576K
}

