# JRE version: OpenJDK Runtime Environment (8.0_242-b01) (build 1.8.0_242-release-1644-b01)
# Java VM: OpenJDK 64-Bit Server VM (25.242-b01 mixed mode windows-amd64 compressed oops)
Heap:
 PSYoungGen      total 240640K, used 35896K [0x00000000d5580000, 0x00000000e6980000, 0x0000000100000000)
  eden space 222208K, 7% used [0x00000000d5580000,0x00000000d668eeb0,0x00000000e2e80000)
  from space 18432K, 99% used [0x00000000e4900000,0x00000000e5aff480,0x00000000e5b00000)
  to   space 27136K, 0% used [0x00000000e2e80000,0x00000000e2e80000,0x00000000e4900000)
 ParOldGen       total 126976K, used 51847K [0x0000000080000000, 0x0000000087c00000, 0x00000000d5580000)
  object space 126976K, 40% used [0x0000000080000000,0x00000000832a1e40,0x0000000087c00000)
 Metaspace       used 71811K, capacity 75224K, committed 75480K, reserved 1114112K
  class space    used 9733K, capacity 10378K, committed 10496K, reserved 1048576K
GC Heap History (10 events):
Event: 33.024 GC heap before
{Heap before GC invocations=13 (full 2):
 PSYoungGen      total 154624K, used 154526K [0x00000000d5580000, 0x00000000e0d00000, 0x0000000100000000)
  eden space 147456K, 100% used [0x00000000d5580000,0x00000000de580000,0x00000000de580000)
  from space 7168K, 98% used [0x00000000e0600000,0x00000000e0ce7978,0x00000000e0d00000)
  to   space 11264K, 0% used [0x00000000df700000,0x00000000df700000,0x00000000e0200000)
 ParOldGen       total 80384K, used 14681K [0x0000000080000000, 0x0000000084e80000, 0x00000000d5580000)
  object space 80384K, 18% used [0x0000000080000000,0x0000000080e564a0,0x0000000084e80000)
 Metaspace       used 52289K, capacity 54402K, committed 54528K, reserved 1095680K
  class space    used 6965K, capacity 7405K, committed 7424K, reserved 1048576K
Event: 33.109 GC heap after
Heap after GC invocations=13 (full 2):
 PSYoungGen      total 176640K, used 11236K [0x00000000d5580000, 0x00000000e2d00000, 0x0000000100000000)
  eden space 165376K, 0% used [0x00000000d5580000,0x00000000d5580000,0x00000000df700000)
  from space 11264K, 99% used [0x00000000df700000,0x00000000e01f92f0,0x00000000e0200000)
  to   space 16384K, 0% used [0x00000000e1d00000,0x00000000e1d00000,0x00000000e2d00000)
 ParOldGen       total 80384K, used 26127K [0x0000000080000000, 0x0000000084e80000, 0x00000000d5580000)
  object space 80384K, 32% used [0x0000000080000000,0x0000000081983f18,0x0000000084e80000)
 Metaspace       used 52289K, capacity 54402K, committed 54528K, reserved 1095680K
  class space    used 6965K, capacity 7405K, committed 7424K, reserved 1048576K
}
Event: 36.582 GC heap before
{Heap before GC invocations=14 (full 2):
 PSYoungGen      total 176640K, used 78978K [0x00000000d5580000, 0x00000000e2d00000, 0x0000000100000000)
  eden space 165376K, 40% used [0x00000000d5580000,0x00000000d97a7648,0x00000000df700000)
  from space 11264K, 99% used [0x00000000df700000,0x00000000e01f92f0,0x00000000e0200000)
  to   space 16384K, 0% used [0x00000000e1d00000,0x00000000e1d00000,0x00000000e2d00000)
 ParOldGen       total 80384K, used 26127K [0x0000000080000000, 0x0000000084e80000, 0x00000000d5580000)
  object space 80384K, 32% used [0x0000000080000000,0x0000000081983f18,0x0000000084e80000)
 Metaspace       used 56784K, capacity 59080K, committed 59096K, reserved 1099776K
  class space    used 7705K, capacity 8178K, committed 8192K, reserved 1048576K
Event: 36.678 GC heap after
Heap after GC invocations=14 (full 2):
 PSYoungGen      total 204800K, used 8619K [0x00000000d5580000, 0x00000000e4300000, 0x0000000100000000)
  eden space 188416K, 0% used [0x00000000d5580000,0x00000000d5580000,0x00000000e0d80000)
  from space 16384K, 52% used [0x00000000e1d00000,0x00000000e256ac50,0x00000000e2d00000)
  to   space 15872K, 0% used [0x00000000e0d80000,0x00000000e0d80000,0x00000000e1d00000)
 ParOldGen       total 80384K, used 37258K [0x0000000080000000, 0x0000000084e80000, 0x00000000d5580000)
  object space 80384K, 46% used [0x0000000080000000,0x00000000824629a0,0x0000000084e80000)
 Metaspace       used 56784K, capacity 59080K, committed 59096K, reserved 1099776K
  class space    used 7705K, capacity 8178K, committed 8192K, reserved 1048576K
}
Event: 36.678 GC heap before
{Heap before GC invocations=15 (full 3):
 PSYoungGen      total 204800K, used 8619K [0x00000000d5580000, 0x00000000e4300000, 0x0000000100000000)
  eden space 188416K, 0% used [0x00000000d5580000,0x00000000d5580000,0x00000000e0d80000)
  from space 16384K, 52% used [0x00000000e1d00000,0x00000000e256ac50,0x00000000e2d00000)
  to   space 15872K, 0% used [0x00000000e0d80000,0x00000000e0d80000,0x00000000e1d00000)
 ParOldGen       total 80384K, used 37258K [0x0000000080000000, 0x0000000084e80000, 0x00000000d5580000)
  object space 80384K, 46% used [0x0000000080000000,0x00000000824629a0,0x0000000084e80000)
 Metaspace       used 56784K, capacity 59080K, committed 59096K, reserved 1099776K
  class space    used 7705K, capacity 8178K, committed 8192K, reserved 1048576K
Event: 37.398 GC heap after
Heap after GC invocations=15 (full 3):
 PSYoungGen      total 204800K, used 0K [0x00000000d5580000, 0x00000000e4300000, 0x0000000100000000)
  eden space 188416K, 0% used [0x00000000d5580000,0x00000000d5580000,0x00000000e0d80000)
  from space 16384K, 0% used [0x00000000e1d00000,0x00000000e1d00000,0x00000000e2d00000)
  to   space 15872K, 0% used [0x00000000e0d80000,0x00000000e0d80000,0x00000000e1d00000)
 ParOldGen       total 126976K, used 33127K [0x0000000080000000, 0x0000000087c00000, 0x00000000d5580000)
  object space 126976K, 26% used [0x0000000080000000,0x0000000082059c30,0x0000000087c00000)
 Metaspace       used 56769K, capacity 59032K, committed 59096K, reserved 1099776K
  class space    used 7701K, capacity 8170K, committed 8192K, reserved 1048576K
}
Event: 45.103 GC heap before
{Heap before GC invocations=16 (full 3):
 PSYoungGen      total 204800K, used 188416K [0x00000000d5580000, 0x00000000e4300000, 0x0000000100000000)
  eden space 188416K, 100% used [0x00000000d5580000,0x00000000e0d80000,0x00000000e0d80000)
  from space 16384K, 0% used [0x00000000e1d00000,0x00000000e1d00000,0x00000000e2d00000)
  to   space 15872K, 0% used [0x00000000e0d80000,0x00000000e0d80000,0x00000000e1d00000)
 ParOldGen       total 126976K, used 33127K [0x0000000080000000, 0x0000000087c00000, 0x00000000d5580000)
  object space 126976K, 26% used [0x0000000080000000,0x0000000082059c30,0x0000000087c00000)
 Metaspace       used 66850K, capacity 70008K, committed 70232K, reserved 1110016K
  class space    used 9178K, capacity 9776K, committed 9856K, reserved 1048576K
Event: 45.137 GC heap after
Heap after GC invocations=16 (full 3):
 PSYoungGen      total 204288K, used 15842K [0x00000000d5580000, 0x00000000e5b00000, 0x0000000100000000)
  eden space 188416K, 0% used [0x00000000d5580000,0x00000000d5580000,0x00000000e0d80000)
  from space 15872K, 99% used [0x00000000e0d80000,0x00000000e1cf8898,0x00000000e1d00000)
  to   space 18432K, 0% used [0x00000000e4900000,0x00000000e4900000,0x00000000e5b00000)
 ParOldGen       total 126976K, used 35540K [0x0000000080000000, 0x0000000087c00000, 0x00000000d5580000)
  object space 126976K, 27% used [0x0000000080000000,0x00000000822b5170,0x0000000087c00000)
 Metaspace       used 66850K, capacity 70008K, committed 70232K, reserved 1110016K
  class space    used 9178K, capacity 9776K, committed 9856K, reserved 1048576K
}
Event: 53.061 GC heap before
{Heap before GC invocations=17 (full 3):
 PSYoungGen      total 204288K, used 202906K [0x00000000d5580000, 0x00000000e5b00000, 0x0000000100000000)
  eden space 188416K, 99% used [0x00000000d5580000,0x00000000e0c2e0f0,0x00000000e0d80000)
  from space 15872K, 99% used [0x00000000e0d80000,0x00000000e1cf8898,0x00000000e1d00000)
  to   space 18432K, 0% used [0x00000000e4900000,0x00000000e4900000,0x00000000e5b00000)
 ParOldGen       total 126976K, used 35540K [0x0000000080000000, 0x0000000087c00000, 0x00000000d5580000)
  object space 126976K, 27% used [0x0000000080000000,0x00000000822b5170,0x0000000087c00000)
 Metaspace       used 71417K, capacity 74774K, committed 75096K, reserved 1114112K
  class space    used 9693K, capacity 10329K, committed 10368K, reserved 1048576K
Event: 53.164 GC heap after
Heap after GC invocations=17 (full 3):
 PSYoungGen      total 240640K, used 18429K [0x00000000d5580000, 0x00000000e6980000, 0x0000000100000000)
  eden space 222208K, 0% used [0x00000000d5580000,0x00000000d5580000,0x00000000e2e80000)
  from space 18432K, 99% used [0x00000000e4900000,0x00000000e5aff480,0x00000000e5b00000)
  to   space 27136K, 0% used [0x00000000e2e80000,0x00000000e2e80000,0x00000000e4900000)
 ParOldGen       total 126976K, used 51847K [0x0000000080000000, 0x0000000087c00000, 0x00000000d5580000)
  object space 126976K, 40% used [0x0000000080000000,0x00000000832a1e40,0x0000000087c00000)
 Metaspace       used 71417K, capacity 74774K, committed 75096K, reserved 1114112K
  class space    used 9693K, capacity 10329K, committed 10368K, reserved 1048576K
}

