# JRE version: OpenJDK Runtime Environment (8.0_242-b01) (build 1.8.0_242-release-1644-b01)
# Java VM: OpenJDK 64-Bit Server VM (25.242-b01 mixed mode windows-amd64 compressed oops)
Heap:
 PSYoungGen      total 419328K, used 139394K [0x00000000d5580000, 0x00000000f2280000, 0x0000000100000000)
  eden space 376320K, 37% used [0x00000000d5580000,0x00000000ddda0890,0x00000000ec500000)
  from space 43008K, 0% used [0x00000000ec500000,0x00000000ec500000,0x00000000eef00000)
  to   space 31232K, 0% used [0x00000000eef00000,0x00000000eef00000,0x00000000f0d80000)
 ParOldGen       total 139264K, used 71607K [0x0000000080000000, 0x0000000088800000, 0x00000000d5580000)
  object space 139264K, 51% used [0x0000000080000000,0x00000000845edd48,0x0000000088800000)
 Metaspace       used 94621K, capacity 99314K, committed 99392K, reserved 1134592K
  class space    used 12553K, capacity 13521K, committed 13568K, reserved 1048576K
GC Heap History (10 events):
Event: 67.408 GC heap before
{Heap before GC invocations=11 (full 3):
 PSYoungGen      total 337920K, used 18924K [0x00000000d5580000, 0x00000000ebe00000, 0x0000000100000000)
  eden space 318976K, 0% used [0x00000000d5580000,0x00000000d5580000,0x00000000e8d00000)
  from space 18944K, 99% used [0x00000000ea880000,0x00000000ebafb348,0x00000000ebb00000)
  to   space 25088K, 0% used [0x00000000e8d00000,0x00000000e8d00000,0x00000000ea580000)
 ParOldGen       total 91136K, used 20509K [0x0000000080000000, 0x0000000085900000, 0x00000000d5580000)
  object space 91136K, 22% used [0x0000000080000000,0x00000000814074d0,0x0000000085900000)
 Metaspace       used 56621K, capacity 59022K, committed 59096K, reserved 1099776K
  class space    used 7428K, capacity 7909K, committed 7936K, reserved 1048576K
Event: 68.105 GC heap after
Heap after GC invocations=11 (full 3):
 PSYoungGen      total 337920K, used 0K [0x00000000d5580000, 0x00000000ebe00000, 0x0000000100000000)
  eden space 318976K, 0% used [0x00000000d5580000,0x00000000d5580000,0x00000000e8d00000)
  from space 18944K, 0% used [0x00000000ea880000,0x00000000ea880000,0x00000000ebb00000)
  to   space 25088K, 0% used [0x00000000e8d00000,0x00000000e8d00000,0x00000000ea580000)
 ParOldGen       total 139264K, used 37422K [0x0000000080000000, 0x0000000088800000, 0x00000000d5580000)
  object space 139264K, 26% used [0x0000000080000000,0x000000008248b8d0,0x0000000088800000)
 Metaspace       used 56556K, capacity 58856K, committed 59096K, reserved 1099776K
  class space    used 7411K, capacity 7886K, committed 7936K, reserved 1048576K
}
Event: 92.956 GC heap before
{Heap before GC invocations=12 (full 3):
 PSYoungGen      total 337920K, used 318976K [0x00000000d5580000, 0x00000000ebe00000, 0x0000000100000000)
  eden space 318976K, 100% used [0x00000000d5580000,0x00000000e8d00000,0x00000000e8d00000)
  from space 18944K, 0% used [0x00000000ea880000,0x00000000ea880000,0x00000000ebb00000)
  to   space 25088K, 0% used [0x00000000e8d00000,0x00000000e8d00000,0x00000000ea580000)
 ParOldGen       total 139264K, used 37422K [0x0000000080000000, 0x0000000088800000, 0x00000000d5580000)
  object space 139264K, 26% used [0x0000000080000000,0x000000008248b8d0,0x0000000088800000)
 Metaspace       used 73664K, capacity 77076K, committed 77144K, reserved 1116160K
  class space    used 9942K, capacity 10587K, committed 10624K, reserved 1048576K
Event: 93.064 GC heap after
Heap after GC invocations=12 (full 3):
 PSYoungGen      total 344064K, used 25069K [0x00000000d5580000, 0x00000000f0d80000, 0x0000000100000000)
  eden space 318976K, 0% used [0x00000000d5580000,0x00000000d5580000,0x00000000e8d00000)
  from space 25088K, 99% used [0x00000000e8d00000,0x00000000ea57b4d0,0x00000000ea580000)
  to   space 31232K, 0% used [0x00000000eef00000,0x00000000eef00000,0x00000000f0d80000)
 ParOldGen       total 139264K, used 43534K [0x0000000080000000, 0x0000000088800000, 0x00000000d5580000)
  object space 139264K, 31% used [0x0000000080000000,0x0000000082a83ad8,0x0000000088800000)
 Metaspace       used 73664K, capacity 77076K, committed 77144K, reserved 1116160K
  class space    used 9942K, capacity 10587K, committed 10624K, reserved 1048576K
}
Event: 113.282 GC heap before
{Heap before GC invocations=13 (full 3):
 PSYoungGen      total 344064K, used 344045K [0x00000000d5580000, 0x00000000f0d80000, 0x0000000100000000)
  eden space 318976K, 100% used [0x00000000d5580000,0x00000000e8d00000,0x00000000e8d00000)
  from space 25088K, 99% used [0x00000000e8d00000,0x00000000ea57b4d0,0x00000000ea580000)
  to   space 31232K, 0% used [0x00000000eef00000,0x00000000eef00000,0x00000000f0d80000)
 ParOldGen       total 139264K, used 43534K [0x0000000080000000, 0x0000000088800000, 0x00000000d5580000)
  object space 139264K, 31% used [0x0000000080000000,0x0000000082a83ad8,0x0000000088800000)
 Metaspace       used 89470K, capacity 93798K, committed 93912K, reserved 1130496K
  class space    used 12084K, capacity 12977K, committed 13056K, reserved 1048576K
Event: 113.408 GC heap after
Heap after GC invocations=13 (full 3):
 PSYoungGen      total 407552K, used 31216K [0x00000000d5580000, 0x00000000f2280000, 0x0000000100000000)
  eden space 376320K, 0% used [0x00000000d5580000,0x00000000d5580000,0x00000000ec500000)
  from space 31232K, 99% used [0x00000000eef00000,0x00000000f0d7c060,0x00000000f0d80000)
  to   space 43008K, 0% used [0x00000000ec500000,0x00000000ec500000,0x00000000eef00000)
 ParOldGen       total 139264K, used 61989K [0x0000000080000000, 0x0000000088800000, 0x00000000d5580000)
  object space 139264K, 44% used [0x0000000080000000,0x0000000083c89508,0x0000000088800000)
 Metaspace       used 89470K, capacity 93798K, committed 93912K, reserved 1130496K
  class space    used 12084K, capacity 12977K, committed 13056K, reserved 1048576K
}
Event: 229.905 GC heap before
{Heap before GC invocations=14 (full 3):
 PSYoungGen      total 407552K, used 157948K [0x00000000d5580000, 0x00000000f2280000, 0x0000000100000000)
  eden space 376320K, 33% used [0x00000000d5580000,0x00000000dd1430e8,0x00000000ec500000)
  from space 31232K, 99% used [0x00000000eef00000,0x00000000f0d7c060,0x00000000f0d80000)
  to   space 43008K, 0% used [0x00000000ec500000,0x00000000ec500000,0x00000000eef00000)
 ParOldGen       total 139264K, used 61989K [0x0000000080000000, 0x0000000088800000, 0x00000000d5580000)
  object space 139264K, 44% used [0x0000000080000000,0x0000000083c89508,0x0000000088800000)
 Metaspace       used 93773K, capacity 98386K, committed 98496K, reserved 1134592K
  class space    used 12416K, capacity 13363K, committed 13440K, reserved 1048576K
Event: 230.248 GC heap after
Heap after GC invocations=14 (full 3):
 PSYoungGen      total 419328K, used 8661K [0x00000000d5580000, 0x00000000f2280000, 0x0000000100000000)
  eden space 376320K, 0% used [0x00000000d5580000,0x00000000d5580000,0x00000000ec500000)
  from space 43008K, 20% used [0x00000000ec500000,0x00000000ecd756c0,0x00000000eef00000)
  to   space 31232K, 0% used [0x00000000eef00000,0x00000000eef00000,0x00000000f0d80000)
 ParOldGen       total 139264K, used 92076K [0x0000000080000000, 0x0000000088800000, 0x00000000d5580000)
  object space 139264K, 66% used [0x0000000080000000,0x00000000859eb0c8,0x0000000088800000)
 Metaspace       used 93773K, capacity 98386K, committed 98496K, reserved 1134592K
  class space    used 12416K, capacity 13363K, committed 13440K, reserved 1048576K
}
Event: 230.248 GC heap before
{Heap before GC invocations=15 (full 4):
 PSYoungGen      total 419328K, used 8661K [0x00000000d5580000, 0x00000000f2280000, 0x0000000100000000)
  eden space 376320K, 0% used [0x00000000d5580000,0x00000000d5580000,0x00000000ec500000)
  from space 43008K, 20% used [0x00000000ec500000,0x00000000ecd756c0,0x00000000eef00000)
  to   space 31232K, 0% used [0x00000000eef00000,0x00000000eef00000,0x00000000f0d80000)
 ParOldGen       total 139264K, used 92076K [0x0000000080000000, 0x0000000088800000, 0x00000000d5580000)
  object space 139264K, 66% used [0x0000000080000000,0x00000000859eb0c8,0x0000000088800000)
 Metaspace       used 93773K, capacity 98386K, committed 98496K, reserved 1134592K
  class space    used 12416K, capacity 13363K, committed 13440K, reserved 1048576K
Event: 231.145 GC heap after
Heap after GC invocations=15 (full 4):
 PSYoungGen      total 419328K, used 0K [0x00000000d5580000, 0x00000000f2280000, 0x0000000100000000)
  eden space 376320K, 0% used [0x00000000d5580000,0x00000000d5580000,0x00000000ec500000)
  from space 43008K, 0% used [0x00000000ec500000,0x00000000ec500000,0x00000000eef00000)
  to   space 31232K, 0% used [0x00000000eef00000,0x00000000eef00000,0x00000000f0d80000)
 ParOldGen       total 139264K, used 71607K [0x0000000080000000, 0x0000000088800000, 0x00000000d5580000)
  object space 139264K, 51% used [0x0000000080000000,0x00000000845edd48,0x0000000088800000)
 Metaspace       used 93720K, capacity 98222K, committed 98496K, reserved 1134592K
  class space    used 12398K, capacity 13333K, committed 13440K, reserved 1048576K
}

