# JRE version: OpenJDK Runtime Environment (8.0_242-b01) (build 1.8.0_242-release-1644-b01)
# Java VM: OpenJDK 64-Bit Server VM (25.242-b01 mixed mode windows-amd64 compressed oops)
Heap:
 PSYoungGen      total 228352K, used 96901K [0x00000000d5580000, 0x00000000e6d00000, 0x0000000100000000)
  eden space 178688K, 45% used [0x00000000d5580000,0x00000000da4d9968,0x00000000e0400000)
  from space 49664K, 31% used [0x00000000e0400000,0x00000000e1347ca8,0x00000000e3480000)
  to   space 46592K, 0% used [0x00000000e3f80000,0x00000000e3f80000,0x00000000e6d00000)
 ParOldGen       total 141824K, used 112484K [0x0000000080000000, 0x0000000088a80000, 0x00000000d5580000)
  object space 141824K, 79% used [0x0000000080000000,0x0000000086dd9198,0x0000000088a80000)
 Metaspace       used 81725K, capacity 85952K, committed 86784K, reserved 1124352K
  class space    used 11086K, capacity 11846K, committed 12032K, reserved 1048576K
GC Heap History (10 events):
Event: 92.305 GC heap before
{Heap before GC invocations=32 (full 5):
 PSYoungGen      total 209920K, used 156872K [0x00000000d5580000, 0x00000000e5f00000, 0x0000000100000000)
  eden space 153088K, 100% used [0x00000000d5580000,0x00000000deb00000,0x00000000deb00000)
  from space 56832K, 6% used [0x00000000e2780000,0x00000000e2b32120,0x00000000e5f00000)
  to   space 59392K, 0% used [0x00000000deb00000,0x00000000deb00000,0x00000000e2500000)
 ParOldGen       total 141824K, used 112484K [0x0000000080000000, 0x0000000088a80000, 0x00000000d5580000)
  object space 141824K, 79% used [0x0000000080000000,0x0000000086dd9198,0x0000000088a80000)
 Metaspace       used 81635K, capacity 85850K, committed 86784K, reserved 1124352K
  class space    used 11075K, capacity 11841K, committed 12032K, reserved 1048576K
Event: 92.330 GC heap after
Heap after GC invocations=32 (full 5):
 PSYoungGen      total 212480K, used 6175K [0x00000000d5580000, 0x00000000e6880000, 0x0000000100000000)
  eden space 153088K, 0% used [0x00000000d5580000,0x00000000d5580000,0x00000000deb00000)
  from space 59392K, 10% used [0x00000000deb00000,0x00000000df107c58,0x00000000e2500000)
  to   space 57856K, 0% used [0x00000000e3000000,0x00000000e3000000,0x00000000e6880000)
 ParOldGen       total 141824K, used 112484K [0x0000000080000000, 0x0000000088a80000, 0x00000000d5580000)
  object space 141824K, 79% used [0x0000000080000000,0x0000000086dd9198,0x0000000088a80000)
 Metaspace       used 81635K, capacity 85850K, committed 86784K, reserved 1124352K
  class space    used 11075K, capacity 11841K, committed 12032K, reserved 1048576K
}
Event: 93.347 GC heap before
{Heap before GC invocations=33 (full 5):
 PSYoungGen      total 212480K, used 159263K [0x00000000d5580000, 0x00000000e6880000, 0x0000000100000000)
  eden space 153088K, 100% used [0x00000000d5580000,0x00000000deb00000,0x00000000deb00000)
  from space 59392K, 10% used [0x00000000deb00000,0x00000000df107c58,0x00000000e2500000)
  to   space 57856K, 0% used [0x00000000e3000000,0x00000000e3000000,0x00000000e6880000)
 ParOldGen       total 141824K, used 112484K [0x0000000080000000, 0x0000000088a80000, 0x00000000d5580000)
  object space 141824K, 79% used [0x0000000080000000,0x0000000086dd9198,0x0000000088a80000)
 Metaspace       used 81658K, capacity 85856K, committed 86784K, reserved 1124352K
  class space    used 11077K, capacity 11842K, committed 12032K, reserved 1048576K
Event: 93.390 GC heap after
Heap after GC invocations=33 (full 5):
 PSYoungGen      total 218624K, used 8829K [0x00000000d5580000, 0x00000000e6380000, 0x0000000100000000)
  eden space 165888K, 0% used [0x00000000d5580000,0x00000000d5580000,0x00000000df780000)
  from space 52736K, 16% used [0x00000000e3000000,0x00000000e389f5f8,0x00000000e6380000)
  to   space 55296K, 0% used [0x00000000df780000,0x00000000df780000,0x00000000e2d80000)
 ParOldGen       total 141824K, used 112484K [0x0000000080000000, 0x0000000088a80000, 0x00000000d5580000)
  object space 141824K, 79% used [0x0000000080000000,0x0000000086dd9198,0x0000000088a80000)
 Metaspace       used 81658K, capacity 85856K, committed 86784K, reserved 1124352K
  class space    used 11077K, capacity 11842K, committed 12032K, reserved 1048576K
}
Event: 94.579 GC heap before
{Heap before GC invocations=34 (full 5):
 PSYoungGen      total 218624K, used 174717K [0x00000000d5580000, 0x00000000e6380000, 0x0000000100000000)
  eden space 165888K, 100% used [0x00000000d5580000,0x00000000df780000,0x00000000df780000)
  from space 52736K, 16% used [0x00000000e3000000,0x00000000e389f5f8,0x00000000e6380000)
  to   space 55296K, 0% used [0x00000000df780000,0x00000000df780000,0x00000000e2d80000)
 ParOldGen       total 141824K, used 112484K [0x0000000080000000, 0x0000000088a80000, 0x00000000d5580000)
  object space 141824K, 79% used [0x0000000080000000,0x0000000086dd9198,0x0000000088a80000)
 Metaspace       used 81699K, capacity 85942K, committed 86784K, reserved 1124352K
  class space    used 11086K, capacity 11845K, committed 12032K, reserved 1048576K
Event: 94.627 GC heap after
Heap after GC invocations=34 (full 5):
 PSYoungGen      total 221184K, used 10596K [0x00000000d5580000, 0x00000000e6c00000, 0x0000000100000000)
  eden space 165888K, 0% used [0x00000000d5580000,0x00000000d5580000,0x00000000df780000)
  from space 55296K, 19% used [0x00000000df780000,0x00000000e01d90b0,0x00000000e2d80000)
  to   space 52736K, 0% used [0x00000000e3880000,0x00000000e3880000,0x00000000e6c00000)
 ParOldGen       total 141824K, used 112484K [0x0000000080000000, 0x0000000088a80000, 0x00000000d5580000)
  object space 141824K, 79% used [0x0000000080000000,0x0000000086dd9198,0x0000000088a80000)
 Metaspace       used 81699K, capacity 85942K, committed 86784K, reserved 1124352K
  class space    used 11086K, capacity 11845K, committed 12032K, reserved 1048576K
}
Event: 95.879 GC heap before
{Heap before GC invocations=35 (full 5):
 PSYoungGen      total 221184K, used 176484K [0x00000000d5580000, 0x00000000e6c00000, 0x0000000100000000)
  eden space 165888K, 100% used [0x00000000d5580000,0x00000000df780000,0x00000000df780000)
  from space 55296K, 19% used [0x00000000df780000,0x00000000e01d90b0,0x00000000e2d80000)
  to   space 52736K, 0% used [0x00000000e3880000,0x00000000e3880000,0x00000000e6c00000)
 ParOldGen       total 141824K, used 112484K [0x0000000080000000, 0x0000000088a80000, 0x00000000d5580000)
  object space 141824K, 79% used [0x0000000080000000,0x0000000086dd9198,0x0000000088a80000)
 Metaspace       used 81712K, capacity 85942K, committed 86784K, reserved 1124352K
  class space    used 11086K, capacity 11845K, committed 12032K, reserved 1048576K
Event: 95.918 GC heap after
Heap after GC invocations=35 (full 5):
 PSYoungGen      total 224256K, used 13452K [0x00000000d5580000, 0x00000000e6500000, 0x0000000100000000)
  eden space 178688K, 0% used [0x00000000d5580000,0x00000000d5580000,0x00000000e0400000)
  from space 45568K, 29% used [0x00000000e3880000,0x00000000e45a30b0,0x00000000e6500000)
  to   space 49664K, 0% used [0x00000000e0400000,0x00000000e0400000,0x00000000e3480000)
 ParOldGen       total 141824K, used 112484K [0x0000000080000000, 0x0000000088a80000, 0x00000000d5580000)
  object space 141824K, 79% used [0x0000000080000000,0x0000000086dd9198,0x0000000088a80000)
 Metaspace       used 81712K, capacity 85942K, committed 86784K, reserved 1124352K
  class space    used 11086K, capacity 11845K, committed 12032K, reserved 1048576K
}
Event: 97.286 GC heap before
{Heap before GC invocations=36 (full 5):
 PSYoungGen      total 224256K, used 192140K [0x00000000d5580000, 0x00000000e6500000, 0x0000000100000000)
  eden space 178688K, 100% used [0x00000000d5580000,0x00000000e0400000,0x00000000e0400000)
  from space 45568K, 29% used [0x00000000e3880000,0x00000000e45a30b0,0x00000000e6500000)
  to   space 49664K, 0% used [0x00000000e0400000,0x00000000e0400000,0x00000000e3480000)
 ParOldGen       total 141824K, used 112484K [0x0000000080000000, 0x0000000088a80000, 0x00000000d5580000)
  object space 141824K, 79% used [0x0000000080000000,0x0000000086dd9198,0x0000000088a80000)
 Metaspace       used 81724K, capacity 85952K, committed 86784K, reserved 1124352K
  class space    used 11086K, capacity 11846K, committed 12032K, reserved 1048576K
Event: 97.348 GC heap after
Heap after GC invocations=36 (full 5):
 PSYoungGen      total 228352K, used 15647K [0x00000000d5580000, 0x00000000e6d00000, 0x0000000100000000)
  eden space 178688K, 0% used [0x00000000d5580000,0x00000000d5580000,0x00000000e0400000)
  from space 49664K, 31% used [0x00000000e0400000,0x00000000e1347ca8,0x00000000e3480000)
  to   space 46592K, 0% used [0x00000000e3f80000,0x00000000e3f80000,0x00000000e6d00000)
 ParOldGen       total 141824K, used 112484K [0x0000000080000000, 0x0000000088a80000, 0x00000000d5580000)
  object space 141824K, 79% used [0x0000000080000000,0x0000000086dd9198,0x0000000088a80000)
 Metaspace       used 81724K, capacity 85952K, committed 86784K, reserved 1124352K
  class space    used 11086K, capacity 11846K, committed 12032K, reserved 1048576K
}

