# JRE version: OpenJDK Runtime Environment (8.0_242-b01) (build 1.8.0_242-release-1644-b01)
# Java VM: OpenJDK 64-Bit Server VM (25.242-b01 mixed mode windows-amd64 compressed oops)
Heap:
 PSYoungGen      total 273408K, used 160836K [0x00000000d5580000, 0x00000000e8100000, 0x0000000100000000)
  eden space 253440K, 63% used [0x00000000d5580000,0x00000000df291110,0x00000000e4d00000)
  from space 19968K, 0% used [0x00000000e6d80000,0x00000000e6d80000,0x00000000e8100000)
  to   space 26624K, 0% used [0x00000000e4d00000,0x00000000e4d00000,0x00000000e6700000)
 ParOldGen       total 131072K, used 71817K [0x0000000080000000, 0x0000000088000000, 0x00000000d5580000)
  object space 131072K, 54% used [0x0000000080000000,0x0000000084622780,0x0000000088000000)
 Metaspace       used 96405K, capacity 101157K, committed 101464K, reserved 1136640K
  class space    used 12716K, capacity 13669K, committed 13696K, reserved 1048576K
GC Heap History (10 events):
Event: 44.960 GC heap before
{Heap before GC invocations=16 (full 3):
 PSYoungGen      total 198144K, used 184832K [0x00000000d5580000, 0x00000000e2500000, 0x0000000100000000)
  eden space 184832K, 100% used [0x00000000d5580000,0x00000000e0a00000,0x00000000e0a00000)
  from space 13312K, 0% used [0x00000000e1700000,0x00000000e1700000,0x00000000e2400000)
  to   space 13312K, 0% used [0x00000000e0a00000,0x00000000e0a00000,0x00000000e1700000)
 ParOldGen       total 131072K, used 32756K [0x0000000080000000, 0x0000000088000000, 0x00000000d5580000)
  object space 131072K, 24% used [0x0000000080000000,0x0000000081ffd248,0x0000000088000000)
 Metaspace       used 67624K, capacity 70466K, committed 70616K, reserved 1110016K
  class space    used 9098K, capacity 9631K, committed 9728K, reserved 1048576K
Event: 45.077 GC heap after
Heap after GC invocations=16 (full 3):
 PSYoungGen      total 198144K, used 13284K [0x00000000d5580000, 0x00000000e5080000, 0x0000000100000000)
  eden space 184832K, 0% used [0x00000000d5580000,0x00000000d5580000,0x00000000e0a00000)
  from space 13312K, 99% used [0x00000000e0a00000,0x00000000e16f91c0,0x00000000e1700000)
  to   space 17408K, 0% used [0x00000000e3f80000,0x00000000e3f80000,0x00000000e5080000)
 ParOldGen       total 131072K, used 39248K [0x0000000080000000, 0x0000000088000000, 0x00000000d5580000)
  object space 131072K, 29% used [0x0000000080000000,0x0000000082654268,0x0000000088000000)
 Metaspace       used 67624K, capacity 70466K, committed 70616K, reserved 1110016K
  class space    used 9098K, capacity 9631K, committed 9728K, reserved 1048576K
}
Event: 52.008 GC heap before
{Heap before GC invocations=17 (full 3):
 PSYoungGen      total 198144K, used 198116K [0x00000000d5580000, 0x00000000e5080000, 0x0000000100000000)
  eden space 184832K, 100% used [0x00000000d5580000,0x00000000e0a00000,0x00000000e0a00000)
  from space 13312K, 99% used [0x00000000e0a00000,0x00000000e16f91c0,0x00000000e1700000)
  to   space 17408K, 0% used [0x00000000e3f80000,0x00000000e3f80000,0x00000000e5080000)
 ParOldGen       total 131072K, used 39248K [0x0000000080000000, 0x0000000088000000, 0x00000000d5580000)
  object space 131072K, 29% used [0x0000000080000000,0x0000000082654268,0x0000000088000000)
 Metaspace       used 76545K, capacity 80200K, committed 80472K, reserved 1118208K
  class space    used 10382K, capacity 11065K, committed 11136K, reserved 1048576K
Event: 52.113 GC heap after
Heap after GC invocations=17 (full 3):
 PSYoungGen      total 238080K, used 16292K [0x00000000d5580000, 0x00000000e5380000, 0x0000000100000000)
  eden space 220672K, 0% used [0x00000000d5580000,0x00000000d5580000,0x00000000e2d00000)
  from space 17408K, 93% used [0x00000000e3f80000,0x00000000e4f69358,0x00000000e5080000)
  to   space 18944K, 0% used [0x00000000e2d00000,0x00000000e2d00000,0x00000000e3f80000)
 ParOldGen       total 131072K, used 50063K [0x0000000080000000, 0x0000000088000000, 0x00000000d5580000)
  object space 131072K, 38% used [0x0000000080000000,0x00000000830e3fc8,0x0000000088000000)
 Metaspace       used 76545K, capacity 80200K, committed 80472K, reserved 1118208K
  class space    used 10382K, capacity 11065K, committed 11136K, reserved 1048576K
}
Event: 61.281 GC heap before
{Heap before GC invocations=18 (full 3):
 PSYoungGen      total 238080K, used 236964K [0x00000000d5580000, 0x00000000e5380000, 0x0000000100000000)
  eden space 220672K, 100% used [0x00000000d5580000,0x00000000e2d00000,0x00000000e2d00000)
  from space 17408K, 93% used [0x00000000e3f80000,0x00000000e4f69358,0x00000000e5080000)
  to   space 18944K, 0% used [0x00000000e2d00000,0x00000000e2d00000,0x00000000e3f80000)
 ParOldGen       total 131072K, used 50063K [0x0000000080000000, 0x0000000088000000, 0x00000000d5580000)
  object space 131072K, 38% used [0x0000000080000000,0x00000000830e3fc8,0x0000000088000000)
 Metaspace       used 85897K, capacity 90164K, committed 90328K, reserved 1126400K
  class space    used 11608K, capacity 12441K, committed 12544K, reserved 1048576K
Event: 61.339 GC heap after
Heap after GC invocations=18 (full 3):
 PSYoungGen      total 239616K, used 18933K [0x00000000d5580000, 0x00000000e8700000, 0x0000000100000000)
  eden space 220672K, 0% used [0x00000000d5580000,0x00000000d5580000,0x00000000e2d00000)
  from space 18944K, 99% used [0x00000000e2d00000,0x00000000e3f7d638,0x00000000e3f80000)
  to   space 26112K, 0% used [0x00000000e6d80000,0x00000000e6d80000,0x00000000e8700000)
 ParOldGen       total 131072K, used 62891K [0x0000000080000000, 0x0000000088000000, 0x00000000d5580000)
  object space 131072K, 47% used [0x0000000080000000,0x0000000083d6ad60,0x0000000088000000)
 Metaspace       used 85897K, capacity 90164K, committed 90328K, reserved 1126400K
  class space    used 11608K, capacity 12441K, committed 12544K, reserved 1048576K
}
Event: 1425.216 GC heap before
{Heap before GC invocations=19 (full 3):
 PSYoungGen      total 239616K, used 229080K [0x00000000d5580000, 0x00000000e8700000, 0x0000000100000000)
  eden space 220672K, 95% used [0x00000000d5580000,0x00000000e22b8c88,0x00000000e2d00000)
  from space 18944K, 99% used [0x00000000e2d00000,0x00000000e3f7d638,0x00000000e3f80000)
  to   space 26112K, 0% used [0x00000000e6d80000,0x00000000e6d80000,0x00000000e8700000)
 ParOldGen       total 131072K, used 62891K [0x0000000080000000, 0x0000000088000000, 0x00000000d5580000)
  object space 131072K, 47% used [0x0000000080000000,0x0000000083d6ad60,0x0000000088000000)
 Metaspace       used 93507K, capacity 98425K, committed 98496K, reserved 1134592K
  class space    used 12398K, capacity 13369K, committed 13440K, reserved 1048576K
Event: 1425.362 GC heap after
Heap after GC invocations=19 (full 3):
 PSYoungGen      total 273408K, used 16412K [0x00000000d5580000, 0x00000000e8100000, 0x0000000100000000)
  eden space 253440K, 0% used [0x00000000d5580000,0x00000000d5580000,0x00000000e4d00000)
  from space 19968K, 82% used [0x00000000e6d80000,0x00000000e7d873b8,0x00000000e8100000)
  to   space 26624K, 0% used [0x00000000e4d00000,0x00000000e4d00000,0x00000000e6700000)
 ParOldGen       total 131072K, used 79953K [0x0000000080000000, 0x0000000088000000, 0x00000000d5580000)
  object space 131072K, 60% used [0x0000000080000000,0x0000000084e14708,0x0000000088000000)
 Metaspace       used 93507K, capacity 98425K, committed 98496K, reserved 1134592K
  class space    used 12398K, capacity 13369K, committed 13440K, reserved 1048576K
}
Event: 1425.362 GC heap before
{Heap before GC invocations=20 (full 4):
 PSYoungGen      total 273408K, used 16412K [0x00000000d5580000, 0x00000000e8100000, 0x0000000100000000)
  eden space 253440K, 0% used [0x00000000d5580000,0x00000000d5580000,0x00000000e4d00000)
  from space 19968K, 82% used [0x00000000e6d80000,0x00000000e7d873b8,0x00000000e8100000)
  to   space 26624K, 0% used [0x00000000e4d00000,0x00000000e4d00000,0x00000000e6700000)
 ParOldGen       total 131072K, used 79953K [0x0000000080000000, 0x0000000088000000, 0x00000000d5580000)
  object space 131072K, 60% used [0x0000000080000000,0x0000000084e14708,0x0000000088000000)
 Metaspace       used 93507K, capacity 98425K, committed 98496K, reserved 1134592K
  class space    used 12398K, capacity 13369K, committed 13440K, reserved 1048576K
Event: 1426.393 GC heap after
Heap after GC invocations=20 (full 4):
 PSYoungGen      total 273408K, used 0K [0x00000000d5580000, 0x00000000e8100000, 0x0000000100000000)
  eden space 253440K, 0% used [0x00000000d5580000,0x00000000d5580000,0x00000000e4d00000)
  from space 19968K, 0% used [0x00000000e6d80000,0x00000000e6d80000,0x00000000e8100000)
  to   space 26624K, 0% used [0x00000000e4d00000,0x00000000e4d00000,0x00000000e6700000)
 ParOldGen       total 131072K, used 71817K [0x0000000080000000, 0x0000000088000000, 0x00000000d5580000)
  object space 131072K, 54% used [0x0000000080000000,0x0000000084622780,0x0000000088000000)
 Metaspace       used 93398K, capacity 98103K, committed 98496K, reserved 1134592K
  class space    used 12363K, capacity 13308K, committed 13440K, reserved 1048576K
}

