# JRE version: OpenJDK Runtime Environment (8.0_242-b01) (build 1.8.0_242-release-1644-b01)
# Java VM: OpenJDK 64-Bit Server VM (25.242-b01 mixed mode windows-amd64 compressed oops)
Heap:
 PSYoungGen      total 118784K, used 7947K [0x00000000d5580000, 0x00000000dfe80000, 0x0000000100000000)
  eden space 107520K, 7% used [0x00000000d5580000,0x00000000d5d42fa0,0x00000000dbe80000)
  from space 11264K, 0% used [0x00000000dbe80000,0x00000000dbe80000,0x00000000dc980000)
  to   space 11264K, 0% used [0x00000000df380000,0x00000000df380000,0x00000000dfe80000)
 ParOldGen       total 86016K, used 14552K [0x0000000080000000, 0x0000000085400000, 0x00000000d5580000)
  object space 86016K, 16% used [0x0000000080000000,0x0000000080e36080,0x0000000085400000)
 Metaspace       used 34598K, capacity 35718K, committed 35840K, reserved 1079296K
  class space    used 4756K, capacity 5014K, committed 5120K, reserved 1048576K
GC Heap History (10 events):
Event: 14.261 GC heap before
{Heap before GC invocations=7 (full 1):
 PSYoungGen      total 76800K, used 7036K [0x00000000d5580000, 0x00000000daa80000, 0x0000000100000000)
  eden space 66560K, 0% used [0x00000000d5580000,0x00000000d5580000,0x00000000d9680000)
  from space 10240K, 68% used [0x00000000da080000,0x00000000da75f0c8,0x00000000daa80000)
  to   space 10240K, 0% used [0x00000000d9680000,0x00000000d9680000,0x00000000da080000)
 ParOldGen       total 87552K, used 8304K [0x0000000080000000, 0x0000000085580000, 0x00000000d5580000)
  object space 87552K, 9% used [0x0000000080000000,0x000000008081c288,0x0000000085580000)
 Metaspace       used 20521K, capacity 21182K, committed 21296K, reserved 1067008K
  class space    used 2933K, capacity 3123K, committed 3200K, reserved 1048576K
Event: 14.424 GC heap after
Heap after GC invocations=7 (full 1):
 PSYoungGen      total 76800K, used 0K [0x00000000d5580000, 0x00000000daa80000, 0x0000000100000000)
  eden space 66560K, 0% used [0x00000000d5580000,0x00000000d5580000,0x00000000d9680000)
  from space 10240K, 0% used [0x00000000da080000,0x00000000da080000,0x00000000daa80000)
  to   space 10240K, 0% used [0x00000000d9680000,0x00000000d9680000,0x00000000da080000)
 ParOldGen       total 57856K, used 7965K [0x0000000080000000, 0x0000000083880000, 0x00000000d5580000)
  object space 57856K, 13% used [0x0000000080000000,0x00000000807c7570,0x0000000083880000)
 Metaspace       used 20521K, capacity 21182K, committed 21296K, reserved 1067008K
  class space    used 2933K, capacity 3123K, committed 3200K, reserved 1048576K
}
Event: 17.999 GC heap before
{Heap before GC invocations=8 (full 1):
 PSYoungGen      total 76800K, used 66560K [0x00000000d5580000, 0x00000000daa80000, 0x0000000100000000)
  eden space 66560K, 100% used [0x00000000d5580000,0x00000000d9680000,0x00000000d9680000)
  from space 10240K, 0% used [0x00000000da080000,0x00000000da080000,0x00000000daa80000)
  to   space 10240K, 0% used [0x00000000d9680000,0x00000000d9680000,0x00000000da080000)
 ParOldGen       total 57856K, used 7965K [0x0000000080000000, 0x0000000083880000, 0x00000000d5580000)
  object space 57856K, 13% used [0x0000000080000000,0x00000000807c7570,0x0000000083880000)
 Metaspace       used 28689K, capacity 29620K, committed 29696K, reserved 1075200K
  class space    used 4045K, capacity 4303K, committed 4352K, reserved 1048576K
Event: 18.040 GC heap after
Heap after GC invocations=8 (full 1):
 PSYoungGen      total 76800K, used 8662K [0x00000000d5580000, 0x00000000dd400000, 0x0000000100000000)
  eden space 66560K, 0% used [0x00000000d5580000,0x00000000d5580000,0x00000000d9680000)
  from space 10240K, 84% used [0x00000000d9680000,0x00000000d9ef5a38,0x00000000da080000)
  to   space 10752K, 0% used [0x00000000dc980000,0x00000000dc980000,0x00000000dd400000)
 ParOldGen       total 57856K, used 7973K [0x0000000080000000, 0x0000000083880000, 0x00000000d5580000)
  object space 57856K, 13% used [0x0000000080000000,0x00000000807c9570,0x0000000083880000)
 Metaspace       used 28689K, capacity 29620K, committed 29696K, reserved 1075200K
  class space    used 4045K, capacity 4303K, committed 4352K, reserved 1048576K
}
Event: 20.957 GC heap before
{Heap before GC invocations=9 (full 1):
 PSYoungGen      total 76800K, used 75222K [0x00000000d5580000, 0x00000000dd400000, 0x0000000100000000)
  eden space 66560K, 100% used [0x00000000d5580000,0x00000000d9680000,0x00000000d9680000)
  from space 10240K, 84% used [0x00000000d9680000,0x00000000d9ef5a38,0x00000000da080000)
  to   space 10752K, 0% used [0x00000000dc980000,0x00000000dc980000,0x00000000dd400000)
 ParOldGen       total 57856K, used 7973K [0x0000000080000000, 0x0000000083880000, 0x00000000d5580000)
  object space 57856K, 13% used [0x0000000080000000,0x00000000807c9570,0x0000000083880000)
 Metaspace       used 33337K, capacity 34412K, committed 34560K, reserved 1079296K
  class space    used 4543K, capacity 4799K, committed 4864K, reserved 1048576K
Event: 21.010 GC heap after
Heap after GC invocations=9 (full 1):
 PSYoungGen      total 118272K, used 9615K [0x00000000d5580000, 0x00000000dd500000, 0x0000000100000000)
  eden space 107520K, 0% used [0x00000000d5580000,0x00000000d5580000,0x00000000dbe80000)
  from space 10752K, 89% used [0x00000000dc980000,0x00000000dd2e3da0,0x00000000dd400000)
  to   space 11264K, 0% used [0x00000000dbe80000,0x00000000dbe80000,0x00000000dc980000)
 ParOldGen       total 57856K, used 7981K [0x0000000080000000, 0x0000000083880000, 0x00000000d5580000)
  object space 57856K, 13% used [0x0000000080000000,0x00000000807cb570,0x0000000083880000)
 Metaspace       used 33337K, capacity 34412K, committed 34560K, reserved 1079296K
  class space    used 4543K, capacity 4799K, committed 4864K, reserved 1048576K
}
Event: 22.128 GC heap before
{Heap before GC invocations=10 (full 1):
 PSYoungGen      total 118272K, used 29549K [0x00000000d5580000, 0x00000000dd500000, 0x0000000100000000)
  eden space 107520K, 18% used [0x00000000d5580000,0x00000000d68f78c0,0x00000000dbe80000)
  from space 10752K, 89% used [0x00000000dc980000,0x00000000dd2e3da0,0x00000000dd400000)
  to   space 11264K, 0% used [0x00000000dbe80000,0x00000000dbe80000,0x00000000dc980000)
 ParOldGen       total 57856K, used 7981K [0x0000000080000000, 0x0000000083880000, 0x00000000d5580000)
  object space 57856K, 13% used [0x0000000080000000,0x00000000807cb570,0x0000000083880000)
 Metaspace       used 34297K, capacity 35390K, committed 35456K, reserved 1079296K
  class space    used 4694K, capacity 4972K, committed 4992K, reserved 1048576K
Event: 22.167 GC heap after
Heap after GC invocations=10 (full 1):
 PSYoungGen      total 118784K, used 8092K [0x00000000d5580000, 0x00000000dfe80000, 0x0000000100000000)
  eden space 107520K, 0% used [0x00000000d5580000,0x00000000d5580000,0x00000000dbe80000)
  from space 11264K, 71% used [0x00000000dbe80000,0x00000000dc6673f8,0x00000000dc980000)
  to   space 11264K, 0% used [0x00000000df380000,0x00000000df380000,0x00000000dfe80000)
 ParOldGen       total 57856K, used 7989K [0x0000000080000000, 0x0000000083880000, 0x00000000d5580000)
  object space 57856K, 13% used [0x0000000080000000,0x00000000807cd570,0x0000000083880000)
 Metaspace       used 34297K, capacity 35390K, committed 35456K, reserved 1079296K
  class space    used 4694K, capacity 4972K, committed 4992K, reserved 1048576K
}
Event: 22.167 GC heap before
{Heap before GC invocations=11 (full 2):
 PSYoungGen      total 118784K, used 8092K [0x00000000d5580000, 0x00000000dfe80000, 0x0000000100000000)
  eden space 107520K, 0% used [0x00000000d5580000,0x00000000d5580000,0x00000000dbe80000)
  from space 11264K, 71% used [0x00000000dbe80000,0x00000000dc6673f8,0x00000000dc980000)
  to   space 11264K, 0% used [0x00000000df380000,0x00000000df380000,0x00000000dfe80000)
 ParOldGen       total 57856K, used 7989K [0x0000000080000000, 0x0000000083880000, 0x00000000d5580000)
  object space 57856K, 13% used [0x0000000080000000,0x00000000807cd570,0x0000000083880000)
 Metaspace       used 34297K, capacity 35390K, committed 35456K, reserved 1079296K
  class space    used 4694K, capacity 4972K, committed 4992K, reserved 1048576K
Event: 22.401 GC heap after
Heap after GC invocations=11 (full 2):
 PSYoungGen      total 118784K, used 0K [0x00000000d5580000, 0x00000000dfe80000, 0x0000000100000000)
  eden space 107520K, 0% used [0x00000000d5580000,0x00000000d5580000,0x00000000dbe80000)
  from space 11264K, 0% used [0x00000000dbe80000,0x00000000dbe80000,0x00000000dc980000)
  to   space 11264K, 0% used [0x00000000df380000,0x00000000df380000,0x00000000dfe80000)
 ParOldGen       total 86016K, used 14552K [0x0000000080000000, 0x0000000085400000, 0x00000000d5580000)
  object space 86016K, 16% used [0x0000000080000000,0x0000000080e36080,0x0000000085400000)
 Metaspace       used 34297K, capacity 35390K, committed 35456K, reserved 1079296K
  class space    used 4694K, capacity 4972K, committed 4992K, reserved 1048576K
}

