# JRE version: OpenJDK Runtime Environment (8.0_242-b01) (build 1.8.0_242-release-1644-b01)
# Java VM: OpenJDK 64-Bit Server VM (25.242-b01 mixed mode windows-amd64 compressed oops)
Heap:
 PSYoungGen      total 76800K, used 67473K [0x00000000d5580000, 0x00000000ddb80000, 0x0000000100000000)
  eden space 66560K, 90% used [0x00000000d5580000,0x00000000d901d7a8,0x00000000d9680000)
  from space 10240K, 72% used [0x00000000d9680000,0x00000000d9dc6df0,0x00000000da080000)
  to   space 10240K, 0% used [0x00000000dd180000,0x00000000dd180000,0x00000000ddb80000)
 ParOldGen       total 54784K, used 8379K [0x0000000080000000, 0x0000000083580000, 0x00000000d5580000)
  object space 54784K, 15% used [0x0000000080000000,0x000000008082ed08,0x0000000083580000)
 Metaspace       used 32610K, capacity 33856K, committed 34048K, reserved 1079296K
  class space    used 4495K, capacity 4825K, committed 4864K, reserved 1048576K
GC Heap History (10 events):
Event: 10.509 GC heap before
{Heap before GC invocations=4 (full 0):
 PSYoungGen      total 38400K, used 38381K [0x00000000d5580000, 0x00000000d8000000, 0x0000000100000000)
  eden space 33280K, 100% used [0x00000000d5580000,0x00000000d7600000,0x00000000d7600000)
  from space 5120K, 99% used [0x00000000d7600000,0x00000000d7afb648,0x00000000d7b00000)
  to   space 5120K, 0% used [0x00000000d7b00000,0x00000000d7b00000,0x00000000d8000000)
 ParOldGen       total 87552K, used 1819K [0x0000000080000000, 0x0000000085580000, 0x00000000d5580000)
  object space 87552K, 2% used [0x0000000080000000,0x00000000801c6fb0,0x0000000085580000)
 Metaspace       used 16620K, capacity 17236K, committed 17408K, reserved 1064960K
  class space    used 2327K, capacity 2514K, committed 2560K, reserved 1048576K
Event: 10.530 GC heap after
Heap after GC invocations=4 (full 0):
 PSYoungGen      total 38400K, used 5104K [0x00000000d5580000, 0x00000000da080000, 0x0000000100000000)
  eden space 33280K, 0% used [0x00000000d5580000,0x00000000d5580000,0x00000000d7600000)
  from space 5120K, 99% used [0x00000000d7b00000,0x00000000d7ffc050,0x00000000d8000000)
  to   space 5120K, 0% used [0x00000000d7600000,0x00000000d7600000,0x00000000d7b00000)
 ParOldGen       total 87552K, used 5034K [0x0000000080000000, 0x0000000085580000, 0x00000000d5580000)
  object space 87552K, 5% used [0x0000000080000000,0x00000000804eab98,0x0000000085580000)
 Metaspace       used 16620K, capacity 17236K, committed 17408K, reserved 1064960K
  class space    used 2327K, capacity 2514K, committed 2560K, reserved 1048576K
}
Event: 12.086 GC heap before
{Heap before GC invocations=5 (full 0):
 PSYoungGen      total 38400K, used 38384K [0x00000000d5580000, 0x00000000da080000, 0x0000000100000000)
  eden space 33280K, 100% used [0x00000000d5580000,0x00000000d7600000,0x00000000d7600000)
  from space 5120K, 99% used [0x00000000d7b00000,0x00000000d7ffc050,0x00000000d8000000)
  to   space 5120K, 0% used [0x00000000d7600000,0x00000000d7600000,0x00000000d7b00000)
 ParOldGen       total 87552K, used 5034K [0x0000000080000000, 0x0000000085580000, 0x00000000d5580000)
  object space 87552K, 5% used [0x0000000080000000,0x00000000804eab98,0x0000000085580000)
 Metaspace       used 19016K, capacity 19694K, committed 19840K, reserved 1067008K
  class space    used 2689K, capacity 2897K, committed 2944K, reserved 1048576K
Event: 12.118 GC heap after
Heap after GC invocations=5 (full 0):
 PSYoungGen      total 38400K, used 5089K [0x00000000d5580000, 0x00000000daa80000, 0x0000000100000000)
  eden space 33280K, 0% used [0x00000000d5580000,0x00000000d5580000,0x00000000d7600000)
  from space 5120K, 99% used [0x00000000d7600000,0x00000000d7af8688,0x00000000d7b00000)
  to   space 10240K, 0% used [0x00000000da080000,0x00000000da080000,0x00000000daa80000)
 ParOldGen       total 87552K, used 8398K [0x0000000080000000, 0x0000000085580000, 0x00000000d5580000)
  object space 87552K, 9% used [0x0000000080000000,0x0000000080833878,0x0000000085580000)
 Metaspace       used 19016K, capacity 19694K, committed 19840K, reserved 1067008K
  class space    used 2689K, capacity 2897K, committed 2944K, reserved 1048576K
}
Event: 12.843 GC heap before
{Heap before GC invocations=6 (full 0):
 PSYoungGen      total 38400K, used 23861K [0x00000000d5580000, 0x00000000daa80000, 0x0000000100000000)
  eden space 33280K, 56% used [0x00000000d5580000,0x00000000d67d4f58,0x00000000d7600000)
  from space 5120K, 99% used [0x00000000d7600000,0x00000000d7af8688,0x00000000d7b00000)
  to   space 10240K, 0% used [0x00000000da080000,0x00000000da080000,0x00000000daa80000)
 ParOldGen       total 87552K, used 8398K [0x0000000080000000, 0x0000000085580000, 0x00000000d5580000)
  object space 87552K, 9% used [0x0000000080000000,0x0000000080833878,0x0000000085580000)
 Metaspace       used 20364K, capacity 21204K, committed 21296K, reserved 1067008K
  class space    used 2904K, capacity 3126K, committed 3200K, reserved 1048576K
Event: 12.874 GC heap after
Heap after GC invocations=6 (full 0):
 PSYoungGen      total 76800K, used 7325K [0x00000000d5580000, 0x00000000daa80000, 0x0000000100000000)
  eden space 66560K, 0% used [0x00000000d5580000,0x00000000d5580000,0x00000000d9680000)
  from space 10240K, 71% used [0x00000000da080000,0x00000000da7a7658,0x00000000daa80000)
  to   space 10240K, 0% used [0x00000000d9680000,0x00000000d9680000,0x00000000da080000)
 ParOldGen       total 87552K, used 8406K [0x0000000080000000, 0x0000000085580000, 0x00000000d5580000)
  object space 87552K, 9% used [0x0000000080000000,0x0000000080835878,0x0000000085580000)
 Metaspace       used 20364K, capacity 21204K, committed 21296K, reserved 1067008K
  class space    used 2904K, capacity 3126K, committed 3200K, reserved 1048576K
}
Event: 12.874 GC heap before
{Heap before GC invocations=7 (full 1):
 PSYoungGen      total 76800K, used 7325K [0x00000000d5580000, 0x00000000daa80000, 0x0000000100000000)
  eden space 66560K, 0% used [0x00000000d5580000,0x00000000d5580000,0x00000000d9680000)
  from space 10240K, 71% used [0x00000000da080000,0x00000000da7a7658,0x00000000daa80000)
  to   space 10240K, 0% used [0x00000000d9680000,0x00000000d9680000,0x00000000da080000)
 ParOldGen       total 87552K, used 8406K [0x0000000080000000, 0x0000000085580000, 0x00000000d5580000)
  object space 87552K, 9% used [0x0000000080000000,0x0000000080835878,0x0000000085580000)
 Metaspace       used 20364K, capacity 21204K, committed 21296K, reserved 1067008K
  class space    used 2904K, capacity 3126K, committed 3200K, reserved 1048576K
Event: 12.958 GC heap after
Heap after GC invocations=7 (full 1):
 PSYoungGen      total 76800K, used 0K [0x00000000d5580000, 0x00000000daa80000, 0x0000000100000000)
  eden space 66560K, 0% used [0x00000000d5580000,0x00000000d5580000,0x00000000d9680000)
  from space 10240K, 0% used [0x00000000da080000,0x00000000da080000,0x00000000daa80000)
  to   space 10240K, 0% used [0x00000000d9680000,0x00000000d9680000,0x00000000da080000)
 ParOldGen       total 54784K, used 8371K [0x0000000080000000, 0x0000000083580000, 0x00000000d5580000)
  object space 54784K, 15% used [0x0000000080000000,0x000000008082cd08,0x0000000083580000)
 Metaspace       used 20364K, capacity 21204K, committed 21296K, reserved 1067008K
  class space    used 2904K, capacity 3126K, committed 3200K, reserved 1048576K
}
Event: 14.523 GC heap before
{Heap before GC invocations=8 (full 1):
 PSYoungGen      total 76800K, used 66560K [0x00000000d5580000, 0x00000000daa80000, 0x0000000100000000)
  eden space 66560K, 100% used [0x00000000d5580000,0x00000000d9680000,0x00000000d9680000)
  from space 10240K, 0% used [0x00000000da080000,0x00000000da080000,0x00000000daa80000)
  to   space 10240K, 0% used [0x00000000d9680000,0x00000000d9680000,0x00000000da080000)
 ParOldGen       total 54784K, used 8371K [0x0000000080000000, 0x0000000083580000, 0x00000000d5580000)
  object space 54784K, 15% used [0x0000000080000000,0x000000008082cd08,0x0000000083580000)
 Metaspace       used 26810K, capacity 27932K, committed 28160K, reserved 1073152K
  class space    used 3787K, capacity 4089K, committed 4096K, reserved 1048576K
Event: 14.548 GC heap after
Heap after GC invocations=8 (full 1):
 PSYoungGen      total 76800K, used 7451K [0x00000000d5580000, 0x00000000ddb80000, 0x0000000100000000)
  eden space 66560K, 0% used [0x00000000d5580000,0x00000000d5580000,0x00000000d9680000)
  from space 10240K, 72% used [0x00000000d9680000,0x00000000d9dc6df0,0x00000000da080000)
  to   space 10240K, 0% used [0x00000000dd180000,0x00000000dd180000,0x00000000ddb80000)
 ParOldGen       total 54784K, used 8379K [0x0000000080000000, 0x0000000083580000, 0x00000000d5580000)
  object space 54784K, 15% used [0x0000000080000000,0x000000008082ed08,0x0000000083580000)
 Metaspace       used 26810K, capacity 27932K, committed 28160K, reserved 1073152K
  class space    used 3787K, capacity 4089K, committed 4096K, reserved 1048576K
}

