# JRE version: OpenJDK Runtime Environment (8.0_242-b01) (build 1.8.0_242-release-1644-b01)
# Java VM: OpenJDK 64-Bit Server VM (25.242-b01 mixed mode windows-amd64 compressed oops)
Heap:
 PSYoungGen      total 162304K, used 93370K [0x00000000d5580000, 0x00000000e3780000, 0x0000000100000000)
  eden space 150528K, 54% used [0x00000000d5580000,0x00000000da534888,0x00000000de880000)
  from space 11776K, 99% used [0x00000000de880000,0x00000000df3f9ff0,0x00000000df400000)
  to   space 15872K, 0% used [0x00000000e2800000,0x00000000e2800000,0x00000000e3780000)
 ParOldGen       total 79872K, used 23055K [0x0000000080000000, 0x0000000084e00000, 0x00000000d5580000)
  object space 79872K, 28% used [0x0000000080000000,0x0000000081683ff0,0x0000000084e00000)
 Metaspace       used 55360K, capacity 57748K, committed 58112K, reserved 1099776K
  class space    used 7370K, capacity 7874K, committed 7936K, reserved 1048576K
GC Heap History (10 events):
Event: 22.237 GC heap before
{Heap before GC invocations=9 (full 1):
 PSYoungGen      total 76800K, used 74166K [0x00000000d5580000, 0x00000000dd280000, 0x0000000100000000)
  eden space 66560K, 100% used [0x00000000d5580000,0x00000000d9680000,0x00000000d9680000)
  from space 10240K, 74% used [0x00000000d9680000,0x00000000d9dedbc0,0x00000000da080000)
  to   space 10240K, 0% used [0x00000000dc880000,0x00000000dc880000,0x00000000dd280000)
 ParOldGen       total 58880K, used 8410K [0x0000000080000000, 0x0000000083980000, 0x00000000d5580000)
  object space 58880K, 14% used [0x0000000080000000,0x0000000080836ab0,0x0000000083980000)
 Metaspace       used 33143K, capacity 34388K, committed 34688K, reserved 1079296K
  class space    used 4551K, capacity 4870K, committed 4992K, reserved 1048576K
Event: 22.560 GC heap after
Heap after GC invocations=9 (full 1):
 PSYoungGen      total 116736K, used 9463K [0x00000000d5580000, 0x00000000ddd80000, 0x0000000100000000)
  eden space 106496K, 0% used [0x00000000d5580000,0x00000000d5580000,0x00000000dbd80000)
  from space 10240K, 92% used [0x00000000dc880000,0x00000000dd1bdef8,0x00000000dd280000)
  to   space 11264K, 0% used [0x00000000dbd80000,0x00000000dbd80000,0x00000000dc880000)
 ParOldGen       total 58880K, used 8418K [0x0000000080000000, 0x0000000083980000, 0x00000000d5580000)
  object space 58880K, 14% used [0x0000000080000000,0x0000000080838ab0,0x0000000083980000)
 Metaspace       used 33143K, capacity 34388K, committed 34688K, reserved 1079296K
  class space    used 4551K, capacity 4870K, committed 4992K, reserved 1048576K
}
Event: 24.620 GC heap before
{Heap before GC invocations=10 (full 1):
 PSYoungGen      total 116736K, used 23708K [0x00000000d5580000, 0x00000000ddd80000, 0x0000000100000000)
  eden space 106496K, 13% used [0x00000000d5580000,0x00000000d6369168,0x00000000dbd80000)
  from space 10240K, 92% used [0x00000000dc880000,0x00000000dd1bdef8,0x00000000dd280000)
  to   space 11264K, 0% used [0x00000000dbd80000,0x00000000dbd80000,0x00000000dc880000)
 ParOldGen       total 58880K, used 8418K [0x0000000080000000, 0x0000000083980000, 0x00000000d5580000)
  object space 58880K, 14% used [0x0000000080000000,0x0000000080838ab0,0x0000000083980000)
 Metaspace       used 34045K, capacity 35356K, committed 35456K, reserved 1079296K
  class space    used 4605K, capacity 4951K, committed 4992K, reserved 1048576K
Event: 24.649 GC heap after
Heap after GC invocations=10 (full 1):
 PSYoungGen      total 117760K, used 7616K [0x00000000d5580000, 0x00000000e0000000, 0x0000000100000000)
  eden space 106496K, 0% used [0x00000000d5580000,0x00000000d5580000,0x00000000dbd80000)
  from space 11264K, 67% used [0x00000000dbd80000,0x00000000dc4f0380,0x00000000dc880000)
  to   space 10752K, 0% used [0x00000000df580000,0x00000000df580000,0x00000000e0000000)
 ParOldGen       total 58880K, used 8426K [0x0000000080000000, 0x0000000083980000, 0x00000000d5580000)
  object space 58880K, 14% used [0x0000000080000000,0x000000008083aab0,0x0000000083980000)
 Metaspace       used 34045K, capacity 35356K, committed 35456K, reserved 1079296K
  class space    used 4605K, capacity 4951K, committed 4992K, reserved 1048576K
}
Event: 24.649 GC heap before
{Heap before GC invocations=11 (full 2):
 PSYoungGen      total 117760K, used 7616K [0x00000000d5580000, 0x00000000e0000000, 0x0000000100000000)
  eden space 106496K, 0% used [0x00000000d5580000,0x00000000d5580000,0x00000000dbd80000)
  from space 11264K, 67% used [0x00000000dbd80000,0x00000000dc4f0380,0x00000000dc880000)
  to   space 10752K, 0% used [0x00000000df580000,0x00000000df580000,0x00000000e0000000)
 ParOldGen       total 58880K, used 8426K [0x0000000080000000, 0x0000000083980000, 0x00000000d5580000)
  object space 58880K, 14% used [0x0000000080000000,0x000000008083aab0,0x0000000083980000)
 Metaspace       used 34045K, capacity 35356K, committed 35456K, reserved 1079296K
  class space    used 4605K, capacity 4951K, committed 4992K, reserved 1048576K
Event: 24.831 GC heap after
Heap after GC invocations=11 (full 2):
 PSYoungGen      total 117760K, used 0K [0x00000000d5580000, 0x00000000e0000000, 0x0000000100000000)
  eden space 106496K, 0% used [0x00000000d5580000,0x00000000d5580000,0x00000000dbd80000)
  from space 11264K, 0% used [0x00000000dbd80000,0x00000000dbd80000,0x00000000dc880000)
  to   space 10752K, 0% used [0x00000000df580000,0x00000000df580000,0x00000000e0000000)
 ParOldGen       total 79872K, used 14828K [0x0000000080000000, 0x0000000084e00000, 0x00000000d5580000)
  object space 79872K, 18% used [0x0000000080000000,0x0000000080e7b350,0x0000000084e00000)
 Metaspace       used 34045K, capacity 35356K, committed 35456K, reserved 1079296K
  class space    used 4605K, capacity 4951K, committed 4992K, reserved 1048576K
}
Event: 27.620 GC heap before
{Heap before GC invocations=12 (full 2):
 PSYoungGen      total 117760K, used 106496K [0x00000000d5580000, 0x00000000e0000000, 0x0000000100000000)
  eden space 106496K, 100% used [0x00000000d5580000,0x00000000dbd80000,0x00000000dbd80000)
  from space 11264K, 0% used [0x00000000dbd80000,0x00000000dbd80000,0x00000000dc880000)
  to   space 10752K, 0% used [0x00000000df580000,0x00000000df580000,0x00000000e0000000)
 ParOldGen       total 79872K, used 14828K [0x0000000080000000, 0x0000000084e00000, 0x00000000d5580000)
  object space 79872K, 18% used [0x0000000080000000,0x0000000080e7b350,0x0000000084e00000)
 Metaspace       used 39040K, capacity 40836K, committed 41088K, reserved 1085440K
  class space    used 5355K, capacity 5735K, committed 5760K, reserved 1048576K
Event: 27.644 GC heap after
Heap after GC invocations=12 (full 2):
 PSYoungGen      total 157184K, used 9741K [0x00000000d5580000, 0x00000000dff80000, 0x0000000100000000)
  eden space 146944K, 0% used [0x00000000d5580000,0x00000000d5580000,0x00000000de500000)
  from space 10240K, 95% used [0x00000000df580000,0x00000000dff03700,0x00000000dff80000)
  to   space 11776K, 0% used [0x00000000de880000,0x00000000de880000,0x00000000df400000)
 ParOldGen       total 79872K, used 14836K [0x0000000080000000, 0x0000000084e00000, 0x00000000d5580000)
  object space 79872K, 18% used [0x0000000080000000,0x0000000080e7d350,0x0000000084e00000)
 Metaspace       used 39040K, capacity 40836K, committed 41088K, reserved 1085440K
  class space    used 5355K, capacity 5735K, committed 5760K, reserved 1048576K
}
Event: 31.526 GC heap before
{Heap before GC invocations=13 (full 2):
 PSYoungGen      total 157184K, used 156685K [0x00000000d5580000, 0x00000000dff80000, 0x0000000100000000)
  eden space 146944K, 100% used [0x00000000d5580000,0x00000000de500000,0x00000000de500000)
  from space 10240K, 95% used [0x00000000df580000,0x00000000dff03700,0x00000000dff80000)
  to   space 11776K, 0% used [0x00000000de880000,0x00000000de880000,0x00000000df400000)
 ParOldGen       total 79872K, used 14836K [0x0000000080000000, 0x0000000084e00000, 0x00000000d5580000)
  object space 79872K, 18% used [0x0000000080000000,0x0000000080e7d350,0x0000000084e00000)
 Metaspace       used 49498K, capacity 51686K, committed 51968K, reserved 1093632K
  class space    used 6689K, capacity 7101K, committed 7168K, reserved 1048576K
Event: 31.575 GC heap after
Heap after GC invocations=13 (full 2):
 PSYoungGen      total 162304K, used 11751K [0x00000000d5580000, 0x00000000e3780000, 0x0000000100000000)
  eden space 150528K, 0% used [0x00000000d5580000,0x00000000d5580000,0x00000000de880000)
  from space 11776K, 99% used [0x00000000de880000,0x00000000df3f9ff0,0x00000000df400000)
  to   space 15872K, 0% used [0x00000000e2800000,0x00000000e2800000,0x00000000e3780000)
 ParOldGen       total 79872K, used 23055K [0x0000000080000000, 0x0000000084e00000, 0x00000000d5580000)
  object space 79872K, 28% used [0x0000000080000000,0x0000000081683ff0,0x0000000084e00000)
 Metaspace       used 49498K, capacity 51686K, committed 51968K, reserved 1093632K
  class space    used 6689K, capacity 7101K, committed 7168K, reserved 1048576K
}

