# JRE version: OpenJDK Runtime Environment (8.0_242-b01) (build 1.8.0_242-release-1644-b01)
# Java VM: OpenJDK 64-Bit Server VM (25.242-b01 mixed mode windows-amd64 compressed oops)
Heap:
 PSYoungGen      total 101888K, used 20330K [0x00000000d5580000, 0x00000000dd780000, 0x0000000100000000)
  eden space 90624K, 10% used [0x00000000d5580000,0x00000000d5eed300,0x00000000dae00000)
  from space 11264K, 94% used [0x00000000dae00000,0x00000000db86d5b0,0x00000000db900000)
  to   space 12288K, 0% used [0x00000000dcb80000,0x00000000dcb80000,0x00000000dd780000)
 ParOldGen       total 73216K, used 14112K [0x0000000080000000, 0x0000000084780000, 0x00000000d5580000)
  object space 73216K, 19% used [0x0000000080000000,0x0000000080dc83c8,0x0000000084780000)
 Metaspace       used 42852K, capacity 44812K, committed 45056K, reserved 1087488K
  class space    used 5720K, capacity 6087K, committed 6144K, reserved 1048576K
GC Heap History (10 events):
Event: 29.881 GC heap before
{Heap before GC invocations=9 (full 1):
 PSYoungGen      total 76800K, used 73917K [0x00000000d5580000, 0x00000000db900000, 0x0000000100000000)
  eden space 66560K, 100% used [0x00000000d5580000,0x00000000d9680000,0x00000000d9680000)
  from space 10240K, 71% used [0x00000000d9680000,0x00000000d9daf7d0,0x00000000da080000)
  to   space 10240K, 0% used [0x00000000daf00000,0x00000000daf00000,0x00000000db900000)
 ParOldGen       total 73216K, used 10514K [0x0000000080000000, 0x0000000084780000, 0x00000000d5580000)
  object space 73216K, 14% used [0x0000000080000000,0x0000000080a44bf0,0x0000000084780000)
 Metaspace       used 33140K, capacity 34298K, committed 34304K, reserved 1079296K
  class space    used 4550K, capacity 4864K, committed 4864K, reserved 1048576K
Event: 29.910 GC heap after
Heap after GC invocations=9 (full 1):
 PSYoungGen      total 88576K, used 9497K [0x00000000d5580000, 0x00000000db880000, 0x0000000100000000)
  eden space 78848K, 0% used [0x00000000d5580000,0x00000000d5580000,0x00000000da280000)
  from space 9728K, 97% used [0x00000000daf00000,0x00000000db846668,0x00000000db880000)
  to   space 11264K, 0% used [0x00000000da280000,0x00000000da280000,0x00000000dad80000)
 ParOldGen       total 73216K, used 10522K [0x0000000080000000, 0x0000000084780000, 0x00000000d5580000)
  object space 73216K, 14% used [0x0000000080000000,0x0000000080a46bf0,0x0000000084780000)
 Metaspace       used 33140K, capacity 34298K, committed 34304K, reserved 1079296K
  class space    used 4550K, capacity 4864K, committed 4864K, reserved 1048576K
}
Event: 30.091 GC heap before
{Heap before GC invocations=10 (full 1):
 PSYoungGen      total 88576K, used 15132K [0x00000000d5580000, 0x00000000db880000, 0x0000000100000000)
  eden space 78848K, 7% used [0x00000000d5580000,0x00000000d5b00a80,0x00000000da280000)
  from space 9728K, 97% used [0x00000000daf00000,0x00000000db846668,0x00000000db880000)
  to   space 11264K, 0% used [0x00000000da280000,0x00000000da280000,0x00000000dad80000)
 ParOldGen       total 73216K, used 10522K [0x0000000080000000, 0x0000000084780000, 0x00000000d5580000)
  object space 73216K, 14% used [0x0000000080000000,0x0000000080a46bf0,0x0000000084780000)
 Metaspace       used 34301K, capacity 35450K, committed 35456K, reserved 1079296K
  class space    used 4676K, capacity 4992K, committed 4992K, reserved 1048576K
Event: 30.102 GC heap after
Heap after GC invocations=10 (full 1):
 PSYoungGen      total 90112K, used 7023K [0x00000000d5580000, 0x00000000dc380000, 0x0000000100000000)
  eden space 78848K, 0% used [0x00000000d5580000,0x00000000d5580000,0x00000000da280000)
  from space 11264K, 62% used [0x00000000da280000,0x00000000da95bc30,0x00000000dad80000)
  to   space 10752K, 0% used [0x00000000db900000,0x00000000db900000,0x00000000dc380000)
 ParOldGen       total 73216K, used 10530K [0x0000000080000000, 0x0000000084780000, 0x00000000d5580000)
  object space 73216K, 14% used [0x0000000080000000,0x0000000080a48bf0,0x0000000084780000)
 Metaspace       used 34301K, capacity 35450K, committed 35456K, reserved 1079296K
  class space    used 4676K, capacity 4992K, committed 4992K, reserved 1048576K
}
Event: 30.102 GC heap before
{Heap before GC invocations=11 (full 2):
 PSYoungGen      total 90112K, used 7023K [0x00000000d5580000, 0x00000000dc380000, 0x0000000100000000)
  eden space 78848K, 0% used [0x00000000d5580000,0x00000000d5580000,0x00000000da280000)
  from space 11264K, 62% used [0x00000000da280000,0x00000000da95bc30,0x00000000dad80000)
  to   space 10752K, 0% used [0x00000000db900000,0x00000000db900000,0x00000000dc380000)
 ParOldGen       total 73216K, used 10530K [0x0000000080000000, 0x0000000084780000, 0x00000000d5580000)
  object space 73216K, 14% used [0x0000000080000000,0x0000000080a48bf0,0x0000000084780000)
 Metaspace       used 34301K, capacity 35450K, committed 35456K, reserved 1079296K
  class space    used 4676K, capacity 4992K, committed 4992K, reserved 1048576K
Event: 30.219 GC heap after
Heap after GC invocations=11 (full 2):
 PSYoungGen      total 90112K, used 0K [0x00000000d5580000, 0x00000000dc380000, 0x0000000100000000)
  eden space 78848K, 0% used [0x00000000d5580000,0x00000000d5580000,0x00000000da280000)
  from space 11264K, 0% used [0x00000000da280000,0x00000000da280000,0x00000000dad80000)
  to   space 10752K, 0% used [0x00000000db900000,0x00000000db900000,0x00000000dc380000)
 ParOldGen       total 73216K, used 14096K [0x0000000080000000, 0x0000000084780000, 0x00000000d5580000)
  object space 73216K, 19% used [0x0000000080000000,0x0000000080dc43c8,0x0000000084780000)
 Metaspace       used 34301K, capacity 35450K, committed 35456K, reserved 1079296K
  class space    used 4676K, capacity 4992K, committed 4992K, reserved 1048576K
}
Event: 33.154 GC heap before
{Heap before GC invocations=12 (full 2):
 PSYoungGen      total 90112K, used 78848K [0x00000000d5580000, 0x00000000dc380000, 0x0000000100000000)
  eden space 78848K, 100% used [0x00000000d5580000,0x00000000da280000,0x00000000da280000)
  from space 11264K, 0% used [0x00000000da280000,0x00000000da280000,0x00000000dad80000)
  to   space 10752K, 0% used [0x00000000db900000,0x00000000db900000,0x00000000dc380000)
 ParOldGen       total 73216K, used 14096K [0x0000000080000000, 0x0000000084780000, 0x00000000d5580000)
  object space 73216K, 19% used [0x0000000080000000,0x0000000080dc43c8,0x0000000084780000)
 Metaspace       used 39709K, capacity 41160K, committed 41472K, reserved 1085440K
  class space    used 5258K, capacity 5595K, committed 5632K, reserved 1048576K
Event: 33.170 GC heap after
Heap after GC invocations=12 (full 2):
 PSYoungGen      total 101376K, used 9288K [0x00000000d5580000, 0x00000000dc800000, 0x0000000100000000)
  eden space 90624K, 0% used [0x00000000d5580000,0x00000000d5580000,0x00000000dae00000)
  from space 10752K, 86% used [0x00000000db900000,0x00000000dc2122a0,0x00000000dc380000)
  to   space 11264K, 0% used [0x00000000dae00000,0x00000000dae00000,0x00000000db900000)
 ParOldGen       total 73216K, used 14104K [0x0000000080000000, 0x0000000084780000, 0x00000000d5580000)
  object space 73216K, 19% used [0x0000000080000000,0x0000000080dc63c8,0x0000000084780000)
 Metaspace       used 39709K, capacity 41160K, committed 41472K, reserved 1085440K
  class space    used 5258K, capacity 5595K, committed 5632K, reserved 1048576K
}
Event: 36.483 GC heap before
{Heap before GC invocations=13 (full 2):
 PSYoungGen      total 101376K, used 99912K [0x00000000d5580000, 0x00000000dc800000, 0x0000000100000000)
  eden space 90624K, 100% used [0x00000000d5580000,0x00000000dae00000,0x00000000dae00000)
  from space 10752K, 86% used [0x00000000db900000,0x00000000dc2122a0,0x00000000dc380000)
  to   space 11264K, 0% used [0x00000000dae00000,0x00000000dae00000,0x00000000db900000)
 ParOldGen       total 73216K, used 14104K [0x0000000080000000, 0x0000000084780000, 0x00000000d5580000)
  object space 73216K, 19% used [0x0000000080000000,0x0000000080dc63c8,0x0000000084780000)
 Metaspace       used 42613K, capacity 44590K, committed 44800K, reserved 1087488K
  class space    used 5690K, capacity 6078K, committed 6144K, reserved 1048576K
Event: 36.541 GC heap after
Heap after GC invocations=13 (full 2):
 PSYoungGen      total 101888K, used 10677K [0x00000000d5580000, 0x00000000dd780000, 0x0000000100000000)
  eden space 90624K, 0% used [0x00000000d5580000,0x00000000d5580000,0x00000000dae00000)
  from space 11264K, 94% used [0x00000000dae00000,0x00000000db86d5b0,0x00000000db900000)
  to   space 12288K, 0% used [0x00000000dcb80000,0x00000000dcb80000,0x00000000dd780000)
 ParOldGen       total 73216K, used 14112K [0x0000000080000000, 0x0000000084780000, 0x00000000d5580000)
  object space 73216K, 19% used [0x0000000080000000,0x0000000080dc83c8,0x0000000084780000)
 Metaspace       used 42613K, capacity 44590K, committed 44800K, reserved 1087488K
  class space    used 5690K, capacity 6078K, committed 6144K, reserved 1048576K
}

