# JRE version: OpenJDK Runtime Environment (8.0_242-b01) (build 1.8.0_242-release-1644-b01)
# Java VM: OpenJDK 64-Bit Server VM (25.242-b01 mixed mode windows-amd64 compressed oops)
Heap:
 PSYoungGen      total 76800K, used 48465K [0x00000000d5580000, 0x00000000dda00000, 0x0000000100000000)
  eden space 66560K, 61% used [0x00000000d5580000,0x00000000d7d8b0c0,0x00000000d9680000)
  from space 10240K, 72% used [0x00000000d9680000,0x00000000d9dc93f8,0x00000000da080000)
  to   space 10240K, 0% used [0x00000000dd000000,0x00000000dd000000,0x00000000dda00000)
 ParOldGen       total 55296K, used 8421K [0x0000000080000000, 0x0000000083600000, 0x00000000d5580000)
  object space 55296K, 15% used [0x0000000080000000,0x0000000080839610,0x0000000083600000)
 Metaspace       used 31969K, capacity 33120K, committed 33408K, reserved 1077248K
  class space    used 4367K, capacity 4657K, committed 4736K, reserved 1048576K
GC Heap History (10 events):
Event: 12.243 GC heap before
{Heap before GC invocations=4 (full 0):
 PSYoungGen      total 38400K, used 38387K [0x00000000d5580000, 0x00000000d8000000, 0x0000000100000000)
  eden space 33280K, 100% used [0x00000000d5580000,0x00000000d7600000,0x00000000d7600000)
  from space 5120K, 99% used [0x00000000d7600000,0x00000000d7afccb0,0x00000000d7b00000)
  to   space 5120K, 0% used [0x00000000d7b00000,0x00000000d7b00000,0x00000000d8000000)
 ParOldGen       total 87552K, used 1772K [0x0000000080000000, 0x0000000085580000, 0x00000000d5580000)
  object space 87552K, 2% used [0x0000000080000000,0x00000000801bb3f0,0x0000000085580000)
 Metaspace       used 16639K, capacity 17236K, committed 17408K, reserved 1064960K
  class space    used 2323K, capacity 2514K, committed 2560K, reserved 1048576K
Event: 12.317 GC heap after
Heap after GC invocations=4 (full 0):
 PSYoungGen      total 38400K, used 5104K [0x00000000d5580000, 0x00000000da080000, 0x0000000100000000)
  eden space 33280K, 0% used [0x00000000d5580000,0x00000000d5580000,0x00000000d7600000)
  from space 5120K, 99% used [0x00000000d7b00000,0x00000000d7ffc050,0x00000000d8000000)
  to   space 5120K, 0% used [0x00000000d7600000,0x00000000d7600000,0x00000000d7b00000)
 ParOldGen       total 87552K, used 4914K [0x0000000080000000, 0x0000000085580000, 0x00000000d5580000)
  object space 87552K, 5% used [0x0000000080000000,0x00000000804cc818,0x0000000085580000)
 Metaspace       used 16639K, capacity 17236K, committed 17408K, reserved 1064960K
  class space    used 2323K, capacity 2514K, committed 2560K, reserved 1048576K
}
Event: 13.442 GC heap before
{Heap before GC invocations=5 (full 0):
 PSYoungGen      total 38400K, used 38384K [0x00000000d5580000, 0x00000000da080000, 0x0000000100000000)
  eden space 33280K, 100% used [0x00000000d5580000,0x00000000d7600000,0x00000000d7600000)
  from space 5120K, 99% used [0x00000000d7b00000,0x00000000d7ffc050,0x00000000d8000000)
  to   space 5120K, 0% used [0x00000000d7600000,0x00000000d7600000,0x00000000d7b00000)
 ParOldGen       total 87552K, used 4914K [0x0000000080000000, 0x0000000085580000, 0x00000000d5580000)
  object space 87552K, 5% used [0x0000000080000000,0x00000000804cc818,0x0000000085580000)
 Metaspace       used 19026K, capacity 19758K, committed 20096K, reserved 1067008K
  class space    used 2688K, capacity 2897K, committed 2944K, reserved 1048576K
Event: 13.463 GC heap after
Heap after GC invocations=5 (full 0):
 PSYoungGen      total 38400K, used 5088K [0x00000000d5580000, 0x00000000daa80000, 0x0000000100000000)
  eden space 33280K, 0% used [0x00000000d5580000,0x00000000d5580000,0x00000000d7600000)
  from space 5120K, 99% used [0x00000000d7600000,0x00000000d7af8030,0x00000000d7b00000)
  to   space 10240K, 0% used [0x00000000da080000,0x00000000da080000,0x00000000daa80000)
 ParOldGen       total 87552K, used 8248K [0x0000000080000000, 0x0000000085580000, 0x00000000d5580000)
  object space 87552K, 9% used [0x0000000080000000,0x000000008080e1e0,0x0000000085580000)
 Metaspace       used 19026K, capacity 19758K, committed 20096K, reserved 1067008K
  class space    used 2688K, capacity 2897K, committed 2944K, reserved 1048576K
}
Event: 14.015 GC heap before
{Heap before GC invocations=6 (full 0):
 PSYoungGen      total 38400K, used 23403K [0x00000000d5580000, 0x00000000daa80000, 0x0000000100000000)
  eden space 33280K, 55% used [0x00000000d5580000,0x00000000d6762d40,0x00000000d7600000)
  from space 5120K, 99% used [0x00000000d7600000,0x00000000d7af8030,0x00000000d7b00000)
  to   space 10240K, 0% used [0x00000000da080000,0x00000000da080000,0x00000000daa80000)
 ParOldGen       total 87552K, used 8248K [0x0000000080000000, 0x0000000085580000, 0x00000000d5580000)
  object space 87552K, 9% used [0x0000000080000000,0x000000008080e1e0,0x0000000085580000)
 Metaspace       used 20369K, capacity 21204K, committed 21296K, reserved 1067008K
  class space    used 2904K, capacity 3126K, committed 3200K, reserved 1048576K
Event: 14.030 GC heap after
Heap after GC invocations=6 (full 0):
 PSYoungGen      total 76800K, used 7457K [0x00000000d5580000, 0x00000000daa80000, 0x0000000100000000)
  eden space 66560K, 0% used [0x00000000d5580000,0x00000000d5580000,0x00000000d9680000)
  from space 10240K, 72% used [0x00000000da080000,0x00000000da7c8448,0x00000000daa80000)
  to   space 10240K, 0% used [0x00000000d9680000,0x00000000d9680000,0x00000000da080000)
 ParOldGen       total 87552K, used 8256K [0x0000000080000000, 0x0000000085580000, 0x00000000d5580000)
  object space 87552K, 9% used [0x0000000080000000,0x00000000808101e0,0x0000000085580000)
 Metaspace       used 20369K, capacity 21204K, committed 21296K, reserved 1067008K
  class space    used 2904K, capacity 3126K, committed 3200K, reserved 1048576K
}
Event: 14.030 GC heap before
{Heap before GC invocations=7 (full 1):
 PSYoungGen      total 76800K, used 7457K [0x00000000d5580000, 0x00000000daa80000, 0x0000000100000000)
  eden space 66560K, 0% used [0x00000000d5580000,0x00000000d5580000,0x00000000d9680000)
  from space 10240K, 72% used [0x00000000da080000,0x00000000da7c8448,0x00000000daa80000)
  to   space 10240K, 0% used [0x00000000d9680000,0x00000000d9680000,0x00000000da080000)
 ParOldGen       total 87552K, used 8256K [0x0000000080000000, 0x0000000085580000, 0x00000000d5580000)
  object space 87552K, 9% used [0x0000000080000000,0x00000000808101e0,0x0000000085580000)
 Metaspace       used 20369K, capacity 21204K, committed 21296K, reserved 1067008K
  class space    used 2904K, capacity 3126K, committed 3200K, reserved 1048576K
Event: 14.108 GC heap after
Heap after GC invocations=7 (full 1):
 PSYoungGen      total 76800K, used 0K [0x00000000d5580000, 0x00000000daa80000, 0x0000000100000000)
  eden space 66560K, 0% used [0x00000000d5580000,0x00000000d5580000,0x00000000d9680000)
  from space 10240K, 0% used [0x00000000da080000,0x00000000da080000,0x00000000daa80000)
  to   space 10240K, 0% used [0x00000000d9680000,0x00000000d9680000,0x00000000da080000)
 ParOldGen       total 55296K, used 8413K [0x0000000080000000, 0x0000000083600000, 0x00000000d5580000)
  object space 55296K, 15% used [0x0000000080000000,0x0000000080837610,0x0000000083600000)
 Metaspace       used 20369K, capacity 21204K, committed 21296K, reserved 1067008K
  class space    used 2904K, capacity 3126K, committed 3200K, reserved 1048576K
}
Event: 15.618 GC heap before
{Heap before GC invocations=8 (full 1):
 PSYoungGen      total 76800K, used 66560K [0x00000000d5580000, 0x00000000daa80000, 0x0000000100000000)
  eden space 66560K, 100% used [0x00000000d5580000,0x00000000d9680000,0x00000000d9680000)
  from space 10240K, 0% used [0x00000000da080000,0x00000000da080000,0x00000000daa80000)
  to   space 10240K, 0% used [0x00000000d9680000,0x00000000d9680000,0x00000000da080000)
 ParOldGen       total 55296K, used 8413K [0x0000000080000000, 0x0000000083600000, 0x00000000d5580000)
  object space 55296K, 15% used [0x0000000080000000,0x0000000080837610,0x0000000083600000)
 Metaspace       used 26372K, capacity 27388K, committed 27648K, reserved 1073152K
  class space    used 3776K, capacity 4059K, committed 4096K, reserved 1048576K
Event: 15.632 GC heap after
Heap after GC invocations=8 (full 1):
 PSYoungGen      total 76800K, used 7460K [0x00000000d5580000, 0x00000000dda00000, 0x0000000100000000)
  eden space 66560K, 0% used [0x00000000d5580000,0x00000000d5580000,0x00000000d9680000)
  from space 10240K, 72% used [0x00000000d9680000,0x00000000d9dc93f8,0x00000000da080000)
  to   space 10240K, 0% used [0x00000000dd000000,0x00000000dd000000,0x00000000dda00000)
 ParOldGen       total 55296K, used 8421K [0x0000000080000000, 0x0000000083600000, 0x00000000d5580000)
  object space 55296K, 15% used [0x0000000080000000,0x0000000080839610,0x0000000083600000)
 Metaspace       used 26372K, capacity 27388K, committed 27648K, reserved 1073152K
  class space    used 3776K, capacity 4059K, committed 4096K, reserved 1048576K
}

