# JRE version: OpenJDK Runtime Environment (8.0_242-b01) (build 1.8.0_242-release-1644-b01)
# Java VM: OpenJDK 64-Bit Server VM (25.242-b01 mixed mode windows-amd64 compressed oops)
Heap:
 PSYoungGen      total 130048K, used 21773K [0x00000000d5580000, 0x00000000de180000, 0x0000000100000000)
  eden space 117248K, 18% used [0x00000000d5580000,0x00000000d6ac3448,0x00000000dc800000)
  from space 12800K, 0% used [0x00000000dd400000,0x00000000dd400000,0x00000000de080000)
  to   space 12288K, 0% used [0x00000000dc800000,0x00000000dc800000,0x00000000dd400000)
 ParOldGen       total 99840K, used 32842K [0x0000000080000000, 0x0000000086180000, 0x00000000d5580000)
  object space 99840K, 32% used [0x0000000080000000,0x0000000082012af0,0x0000000086180000)
 Metaspace       used 57837K, capacity 60250K, committed 60416K, reserved 1101824K
  class space    used 7873K, capacity 8347K, committed 8448K, reserved 1048576K
GC Heap History (10 events):
Event: 48.957 GC heap before
{Heap before GC invocations=15 (full 2):
 PSYoungGen      total 69120K, used 66757K [0x00000000d5580000, 0x00000000da580000, 0x0000000100000000)
  eden space 62464K, 100% used [0x00000000d5580000,0x00000000d9280000,0x00000000d9280000)
  from space 6656K, 64% used [0x00000000d9f00000,0x00000000da331438,0x00000000da580000)
  to   space 9728K, 0% used [0x00000000d9280000,0x00000000d9280000,0x00000000d9c00000)
 ParOldGen       total 63488K, used 14911K [0x0000000080000000, 0x0000000083e00000, 0x00000000d5580000)
  object space 63488K, 23% used [0x0000000080000000,0x0000000080e8fcc8,0x0000000083e00000)
 Metaspace       used 37956K, capacity 39630K, committed 39936K, reserved 1083392K
  class space    used 5201K, capacity 5538K, committed 5632K, reserved 1048576K
Event: 49.002 GC heap after
Heap after GC invocations=15 (full 2):
 PSYoungGen      total 72192K, used 4260K [0x00000000d5580000, 0x00000000dbe00000, 0x0000000100000000)
  eden space 62464K, 0% used [0x00000000d5580000,0x00000000d5580000,0x00000000d9280000)
  from space 9728K, 43% used [0x00000000d9280000,0x00000000d96a9108,0x00000000d9c00000)
  to   space 9728K, 0% used [0x00000000db480000,0x00000000db480000,0x00000000dbe00000)
 ParOldGen       total 63488K, used 17001K [0x0000000080000000, 0x0000000083e00000, 0x00000000d5580000)
  object space 63488K, 26% used [0x0000000080000000,0x000000008109a408,0x0000000083e00000)
 Metaspace       used 37956K, capacity 39630K, committed 39936K, reserved 1083392K
  class space    used 5201K, capacity 5538K, committed 5632K, reserved 1048576K
}
Event: 63.088 GC heap before
{Heap before GC invocations=16 (full 2):
 PSYoungGen      total 72192K, used 66724K [0x00000000d5580000, 0x00000000dbe00000, 0x0000000100000000)
  eden space 62464K, 100% used [0x00000000d5580000,0x00000000d9280000,0x00000000d9280000)
  from space 9728K, 43% used [0x00000000d9280000,0x00000000d96a9108,0x00000000d9c00000)
  to   space 9728K, 0% used [0x00000000db480000,0x00000000db480000,0x00000000dbe00000)
 ParOldGen       total 63488K, used 17001K [0x0000000080000000, 0x0000000083e00000, 0x00000000d5580000)
  object space 63488K, 26% used [0x0000000080000000,0x000000008109a408,0x0000000083e00000)
 Metaspace       used 45574K, capacity 47428K, committed 47616K, reserved 1089536K
  class space    used 6162K, capacity 6534K, committed 6656K, reserved 1048576K
Event: 63.141 GC heap after
Heap after GC invocations=16 (full 2):
 PSYoungGen      total 95232K, used 8136K [0x00000000d5580000, 0x00000000dbd80000, 0x0000000100000000)
  eden space 86016K, 0% used [0x00000000d5580000,0x00000000d5580000,0x00000000da980000)
  from space 9216K, 88% used [0x00000000db480000,0x00000000dbc72210,0x00000000dbd80000)
  to   space 10240K, 0% used [0x00000000da980000,0x00000000da980000,0x00000000db380000)
 ParOldGen       total 63488K, used 20109K [0x0000000080000000, 0x0000000083e00000, 0x00000000d5580000)
  object space 63488K, 31% used [0x0000000080000000,0x00000000813a3578,0x0000000083e00000)
 Metaspace       used 45574K, capacity 47428K, committed 47616K, reserved 1089536K
  class space    used 6162K, capacity 6534K, committed 6656K, reserved 1048576K
}
Event: 76.338 GC heap before
{Heap before GC invocations=17 (full 2):
 PSYoungGen      total 95232K, used 94152K [0x00000000d5580000, 0x00000000dbd80000, 0x0000000100000000)
  eden space 86016K, 100% used [0x00000000d5580000,0x00000000da980000,0x00000000da980000)
  from space 9216K, 88% used [0x00000000db480000,0x00000000dbc72210,0x00000000dbd80000)
  to   space 10240K, 0% used [0x00000000da980000,0x00000000da980000,0x00000000db380000)
 ParOldGen       total 63488K, used 20109K [0x0000000080000000, 0x0000000083e00000, 0x00000000d5580000)
  object space 63488K, 31% used [0x0000000080000000,0x00000000813a3578,0x0000000083e00000)
 Metaspace       used 52611K, capacity 54722K, committed 54912K, reserved 1097728K
  class space    used 7005K, capacity 7446K, committed 7552K, reserved 1048576K
Event: 76.426 GC heap after
Heap after GC invocations=17 (full 2):
 PSYoungGen      total 96256K, used 10208K [0x00000000d5580000, 0x00000000de080000, 0x0000000100000000)
  eden space 86016K, 0% used [0x00000000d5580000,0x00000000d5580000,0x00000000da980000)
  from space 10240K, 99% used [0x00000000da980000,0x00000000db3782c8,0x00000000db380000)
  to   space 12800K, 0% used [0x00000000dd400000,0x00000000dd400000,0x00000000de080000)
 ParOldGen       total 63488K, used 23899K [0x0000000080000000, 0x0000000083e00000, 0x00000000d5580000)
  object space 63488K, 37% used [0x0000000080000000,0x0000000081756e38,0x0000000083e00000)
 Metaspace       used 52611K, capacity 54722K, committed 54912K, reserved 1097728K
  class space    used 7005K, capacity 7446K, committed 7552K, reserved 1048576K
}
Event: 81.598 GC heap before
{Heap before GC invocations=18 (full 2):
 PSYoungGen      total 96256K, used 58565K [0x00000000d5580000, 0x00000000de080000, 0x0000000100000000)
  eden space 86016K, 56% used [0x00000000d5580000,0x00000000d84b9380,0x00000000da980000)
  from space 10240K, 99% used [0x00000000da980000,0x00000000db3782c8,0x00000000db380000)
  to   space 12800K, 0% used [0x00000000dd400000,0x00000000dd400000,0x00000000de080000)
 ParOldGen       total 63488K, used 23899K [0x0000000080000000, 0x0000000083e00000, 0x00000000d5580000)
  object space 63488K, 37% used [0x0000000080000000,0x0000000081756e38,0x0000000083e00000)
 Metaspace       used 56723K, capacity 59082K, committed 59136K, reserved 1099776K
  class space    used 7685K, capacity 8177K, committed 8192K, reserved 1048576K
Event: 81.673 GC heap after
Heap after GC invocations=18 (full 2):
 PSYoungGen      total 130048K, used 6509K [0x00000000d5580000, 0x00000000de180000, 0x0000000100000000)
  eden space 117248K, 0% used [0x00000000d5580000,0x00000000d5580000,0x00000000dc800000)
  from space 12800K, 50% used [0x00000000dd400000,0x00000000dda5b7d0,0x00000000de080000)
  to   space 12288K, 0% used [0x00000000dc800000,0x00000000dc800000,0x00000000dd400000)
 ParOldGen       total 63488K, used 30378K [0x0000000080000000, 0x0000000083e00000, 0x00000000d5580000)
  object space 63488K, 47% used [0x0000000080000000,0x0000000081daaac0,0x0000000083e00000)
 Metaspace       used 56723K, capacity 59082K, committed 59136K, reserved 1099776K
  class space    used 7685K, capacity 8177K, committed 8192K, reserved 1048576K
}
Event: 81.673 GC heap before
{Heap before GC invocations=19 (full 3):
 PSYoungGen      total 130048K, used 6509K [0x00000000d5580000, 0x00000000de180000, 0x0000000100000000)
  eden space 117248K, 0% used [0x00000000d5580000,0x00000000d5580000,0x00000000dc800000)
  from space 12800K, 50% used [0x00000000dd400000,0x00000000dda5b7d0,0x00000000de080000)
  to   space 12288K, 0% used [0x00000000dc800000,0x00000000dc800000,0x00000000dd400000)
 ParOldGen       total 63488K, used 30378K [0x0000000080000000, 0x0000000083e00000, 0x00000000d5580000)
  object space 63488K, 47% used [0x0000000080000000,0x0000000081daaac0,0x0000000083e00000)
 Metaspace       used 56723K, capacity 59082K, committed 59136K, reserved 1099776K
  class space    used 7685K, capacity 8177K, committed 8192K, reserved 1048576K
Event: 82.999 GC heap after
Heap after GC invocations=19 (full 3):
 PSYoungGen      total 130048K, used 0K [0x00000000d5580000, 0x00000000de180000, 0x0000000100000000)
  eden space 117248K, 0% used [0x00000000d5580000,0x00000000d5580000,0x00000000dc800000)
  from space 12800K, 0% used [0x00000000dd400000,0x00000000dd400000,0x00000000de080000)
  to   space 12288K, 0% used [0x00000000dc800000,0x00000000dc800000,0x00000000dd400000)
 ParOldGen       total 99840K, used 32842K [0x0000000080000000, 0x0000000086180000, 0x00000000d5580000)
  object space 99840K, 32% used [0x0000000080000000,0x0000000082012af0,0x0000000086180000)
 Metaspace       used 56711K, capacity 59040K, committed 59136K, reserved 1099776K
  class space    used 7681K, capacity 8170K, committed 8192K, reserved 1048576K
}

