# JRE version: OpenJDK Runtime Environment (8.0_242-b01) (build 1.8.0_242-release-1644-b01)
# Java VM: OpenJDK 64-Bit Server VM (25.242-b01 mixed mode windows-amd64 compressed oops)
Heap:
 PSYoungGen      total 138240K, used 53253K [0x00000000d5e00000, 0x00000000e0200000, 0x0000000100000000)
  eden space 133120K, 40% used [0x00000000d5e00000,0x00000000d9201530,0x00000000de000000)
  from space 5120K, 0% used [0x00000000de000000,0x00000000de000000,0x00000000de500000)
  to   space 15872K, 0% used [0x00000000df280000,0x00000000df280000,0x00000000e0200000)
 ParOldGen       total 67072K, used 27779K [0x0000000081a00000, 0x0000000085b80000, 0x00000000d5e00000)
  object space 67072K, 41% used [0x0000000081a00000,0x0000000083520ea0,0x0000000085b80000)
 Metaspace       used 39174K, capacity 39712K, committed 39976K, reserved 1083392K
  class space    used 4899K, capacity 5061K, committed 5168K, reserved 1048576K
GC Heap History (10 events):
Event: 5.925 GC heap before
{Heap before GC invocations=3 (full 0):
 PSYoungGen      total 71680K, used 25491K [0x00000000d5e00000, 0x00000000da900000, 0x0000000100000000)
  eden space 66560K, 30% used [0x00000000d5e00000,0x00000000d71e8e20,0x00000000d9f00000)
  from space 5120K, 99% used [0x00000000da400000,0x00000000da8fc0f0,0x00000000da900000)
  to   space 5120K, 0% used [0x00000000d9f00000,0x00000000d9f00000,0x00000000da400000)
 ParOldGen       total 87552K, used 7342K [0x0000000081a00000, 0x0000000086f80000, 0x00000000d5e00000)
  object space 87552K, 8% used [0x0000000081a00000,0x000000008212b9a0,0x0000000086f80000)
 Metaspace       used 20756K, capacity 21176K, committed 21296K, reserved 1069056K
  class space    used 2427K, capacity 2590K, committed 2608K, reserved 1048576K
Event: 5.959 GC heap after
Heap after GC invocations=3 (full 0):
 PSYoungGen      total 71680K, used 5088K [0x00000000d5e00000, 0x00000000dea00000, 0x0000000100000000)
  eden space 66560K, 0% used [0x00000000d5e00000,0x00000000d5e00000,0x00000000d9f00000)
  from space 5120K, 99% used [0x00000000d9f00000,0x00000000da3f8010,0x00000000da400000)
  to   space 5120K, 0% used [0x00000000de500000,0x00000000de500000,0x00000000dea00000)
 ParOldGen       total 87552K, used 11666K [0x0000000081a00000, 0x0000000086f80000, 0x00000000d5e00000)
  object space 87552K, 13% used [0x0000000081a00000,0x00000000825649f0,0x0000000086f80000)
 Metaspace       used 20756K, capacity 21176K, committed 21296K, reserved 1069056K
  class space    used 2427K, capacity 2590K, committed 2608K, reserved 1048576K
}
Event: 5.959 GC heap before
{Heap before GC invocations=4 (full 1):
 PSYoungGen      total 71680K, used 5088K [0x00000000d5e00000, 0x00000000dea00000, 0x0000000100000000)
  eden space 66560K, 0% used [0x00000000d5e00000,0x00000000d5e00000,0x00000000d9f00000)
  from space 5120K, 99% used [0x00000000d9f00000,0x00000000da3f8010,0x00000000da400000)
  to   space 5120K, 0% used [0x00000000de500000,0x00000000de500000,0x00000000dea00000)
 ParOldGen       total 87552K, used 11666K [0x0000000081a00000, 0x0000000086f80000, 0x00000000d5e00000)
  object space 87552K, 13% used [0x0000000081a00000,0x00000000825649f0,0x0000000086f80000)
 Metaspace       used 20756K, capacity 21176K, committed 21296K, reserved 1069056K
  class space    used 2427K, capacity 2590K, committed 2608K, reserved 1048576K
Event: 6.105 GC heap after
Heap after GC invocations=4 (full 1):
 PSYoungGen      total 71680K, used 0K [0x00000000d5e00000, 0x00000000dea00000, 0x0000000100000000)
  eden space 66560K, 0% used [0x00000000d5e00000,0x00000000d5e00000,0x00000000d9f00000)
  from space 5120K, 0% used [0x00000000d9f00000,0x00000000d9f00000,0x00000000da400000)
  to   space 5120K, 0% used [0x00000000de500000,0x00000000de500000,0x00000000dea00000)
 ParOldGen       total 67072K, used 9266K [0x0000000081a00000, 0x0000000085b80000, 0x00000000d5e00000)
  object space 67072K, 13% used [0x0000000081a00000,0x000000008230c920,0x0000000085b80000)
 Metaspace       used 20756K, capacity 21176K, committed 21296K, reserved 1069056K
  class space    used 2427K, capacity 2590K, committed 2608K, reserved 1048576K
}
Event: 10.368 GC heap before
{Heap before GC invocations=5 (full 1):
 PSYoungGen      total 71680K, used 66560K [0x00000000d5e00000, 0x00000000dea00000, 0x0000000100000000)
  eden space 66560K, 100% used [0x00000000d5e00000,0x00000000d9f00000,0x00000000d9f00000)
  from space 5120K, 0% used [0x00000000d9f00000,0x00000000d9f00000,0x00000000da400000)
  to   space 5120K, 0% used [0x00000000de500000,0x00000000de500000,0x00000000dea00000)
 ParOldGen       total 67072K, used 9266K [0x0000000081a00000, 0x0000000085b80000, 0x00000000d5e00000)
  object space 67072K, 13% used [0x0000000081a00000,0x000000008230c920,0x0000000085b80000)
 Metaspace       used 29757K, capacity 30271K, committed 30384K, reserved 1075200K
  class space    used 3560K, capacity 3731K, committed 3760K, reserved 1048576K
Event: 10.417 GC heap after
Heap after GC invocations=5 (full 1):
 PSYoungGen      total 99328K, used 5091K [0x00000000d5e00000, 0x00000000dea00000, 0x0000000100000000)
  eden space 94208K, 0% used [0x00000000d5e00000,0x00000000d5e00000,0x00000000dba00000)
  from space 5120K, 99% used [0x00000000de500000,0x00000000de9f8c70,0x00000000dea00000)
  to   space 5120K, 0% used [0x00000000de000000,0x00000000de000000,0x00000000de500000)
 ParOldGen       total 67072K, used 20635K [0x0000000081a00000, 0x0000000085b80000, 0x00000000d5e00000)
  object space 67072K, 30% used [0x0000000081a00000,0x0000000082e26d10,0x0000000085b80000)
 Metaspace       used 29757K, capacity 30271K, committed 30384K, reserved 1075200K
  class space    used 3560K, capacity 3731K, committed 3760K, reserved 1048576K
}
Event: 12.081 GC heap before
{Heap before GC invocations=6 (full 1):
 PSYoungGen      total 99328K, used 29778K [0x00000000d5e00000, 0x00000000dea00000, 0x0000000100000000)
  eden space 94208K, 26% used [0x00000000d5e00000,0x00000000d761bc50,0x00000000dba00000)
  from space 5120K, 99% used [0x00000000de500000,0x00000000de9f8c70,0x00000000dea00000)
  to   space 5120K, 0% used [0x00000000de000000,0x00000000de000000,0x00000000de500000)
 ParOldGen       total 67072K, used 20635K [0x0000000081a00000, 0x0000000085b80000, 0x00000000d5e00000)
  object space 67072K, 30% used [0x0000000081a00000,0x0000000082e26d10,0x0000000085b80000)
 Metaspace       used 34722K, capacity 35216K, committed 35496K, reserved 1081344K
  class space    used 4370K, capacity 4515K, committed 4528K, reserved 1048576K
Event: 12.125 GC heap after
Heap after GC invocations=6 (full 1):
 PSYoungGen      total 138240K, used 5091K [0x00000000d5e00000, 0x00000000e0200000, 0x0000000100000000)
  eden space 133120K, 0% used [0x00000000d5e00000,0x00000000d5e00000,0x00000000de000000)
  from space 5120K, 99% used [0x00000000de000000,0x00000000de4f8c60,0x00000000de500000)
  to   space 15872K, 0% used [0x00000000df280000,0x00000000df280000,0x00000000e0200000)
 ParOldGen       total 67072K, used 27006K [0x0000000081a00000, 0x0000000085b80000, 0x00000000d5e00000)
  object space 67072K, 40% used [0x0000000081a00000,0x000000008345f960,0x0000000085b80000)
 Metaspace       used 34722K, capacity 35216K, committed 35496K, reserved 1081344K
  class space    used 4370K, capacity 4515K, committed 4528K, reserved 1048576K
}
Event: 12.125 GC heap before
{Heap before GC invocations=7 (full 2):
 PSYoungGen      total 138240K, used 5091K [0x00000000d5e00000, 0x00000000e0200000, 0x0000000100000000)
  eden space 133120K, 0% used [0x00000000d5e00000,0x00000000d5e00000,0x00000000de000000)
  from space 5120K, 99% used [0x00000000de000000,0x00000000de4f8c60,0x00000000de500000)
  to   space 15872K, 0% used [0x00000000df280000,0x00000000df280000,0x00000000e0200000)
 ParOldGen       total 67072K, used 27006K [0x0000000081a00000, 0x0000000085b80000, 0x00000000d5e00000)
  object space 67072K, 40% used [0x0000000081a00000,0x000000008345f960,0x0000000085b80000)
 Metaspace       used 34722K, capacity 35216K, committed 35496K, reserved 1081344K
  class space    used 4370K, capacity 4515K, committed 4528K, reserved 1048576K
Event: 12.444 GC heap after
Heap after GC invocations=7 (full 2):
 PSYoungGen      total 138240K, used 0K [0x00000000d5e00000, 0x00000000e0200000, 0x0000000100000000)
  eden space 133120K, 0% used [0x00000000d5e00000,0x00000000d5e00000,0x00000000de000000)
  from space 5120K, 0% used [0x00000000de000000,0x00000000de000000,0x00000000de500000)
  to   space 15872K, 0% used [0x00000000df280000,0x00000000df280000,0x00000000e0200000)
 ParOldGen       total 67072K, used 27779K [0x0000000081a00000, 0x0000000085b80000, 0x00000000d5e00000)
  object space 67072K, 41% used [0x0000000081a00000,0x0000000083520ea0,0x0000000085b80000)
 Metaspace       used 34722K, capacity 35216K, committed 35496K, reserved 1081344K
  class space    used 4370K, capacity 4515K, committed 4528K, reserved 1048576K
}

